Log file open, 10/11/17 18:38:02
LogWindows: Failed to load 'aqProf.dll' (GetLastError=126)
LogWindows: File 'aqProf.dll' does not exist
LogWindows: Failed to load 'VtuneApi.dll' (GetLastError=126)
LogWindows: File 'VtuneApi.dll' does not exist
LogWindows: Failed to load 'VtuneApi32e.dll' (GetLastError=126)
LogWindows: File 'VtuneApi32e.dll' does not exist
LogInit: Display: Running engine for game: CarProject
LogPlatformFile: Not using cached read wrapper
LogInit: Display: RandInit(1252690665) SRandInit(1252690665).
LogTaskGraph: Started task graph with 5 named threads and 14 total threads with 3 sets of task threads.
LogStats: Stats thread started at 0.433836
LogD3D11RHI: Aftermath initialized
LogPluginManager: Mounting plugin Paper2D
LogPluginManager: Mounting plugin LightPropagationVolume
LogPluginManager: Mounting plugin CodeLiteSourceCodeAccess
LogPluginManager: Mounting plugin GitSourceControl
LogPluginManager: Mounting plugin KDevelopSourceCodeAccess
LogPluginManager: Mounting plugin NullSourceCodeAccess
LogPluginManager: Mounting plugin PerforceSourceControl
LogPluginManager: Mounting plugin SubversionSourceControl
LogPluginManager: Mounting plugin UObjectPlugin
LogPluginManager: Mounting plugin VisualStudioSourceCodeAccess
LogPluginManager: Mounting plugin XCodeSourceCodeAccess
LogPluginManager: Mounting plugin AssetManagerEditor
LogPluginManager: Mounting plugin AudioCapture
LogPluginManager: Mounting plugin FacialAnimation
LogPluginManager: Mounting plugin GameplayTagsEditor
LogPluginManager: Mounting plugin MobileLauncherProfileWizard
LogPluginManager: Mounting plugin PluginBrowser
LogPluginManager: Mounting plugin SpeedTreeImporter
LogPluginManager: Mounting plugin AlembicImporter
LogPluginManager: Mounting plugin CharacterAI
LogPluginManager: Mounting plugin HTML5Networking
LogPluginManager: Mounting plugin RawInput
LogPluginManager: Mounting plugin AndroidMedia
LogPluginManager: Mounting plugin AvfMedia
LogPluginManager: Mounting plugin MediaPlayerEditor
LogPluginManager: Mounting plugin WmfMedia
LogPluginManager: Mounting plugin TcpMessaging
LogPluginManager: Mounting plugin UdpMessaging
LogPluginManager: Mounting plugin LevelSequenceEditor
LogPluginManager: Mounting plugin MatineeToLevelSequence
LogPluginManager: Mounting plugin OnlineSubsystemGooglePlay
LogPluginManager: Mounting plugin OnlineSubsystemIOS
LogPluginManager: Mounting plugin OnlineSubsystem
LogPluginManager: Mounting plugin OnlineSubsystemNull
LogPluginManager: Mounting plugin OnlineSubsystemUtils
LogPluginManager: Mounting plugin AndroidDeviceProfileSelector
LogPluginManager: Mounting plugin AndroidMoviePlayer
LogPluginManager: Mounting plugin AndroidPermission
LogPluginManager: Mounting plugin AppleMoviePlayer
LogPluginManager: Mounting plugin ArchVisCharacter
LogPluginManager: Mounting plugin CableComponent
LogPluginManager: Mounting plugin CustomMeshComponent
LogPluginManager: Mounting plugin ExampleDeviceProfileSelector
LogPluginManager: Mounting plugin GoogleCloudMessaging
LogPluginManager: Mounting plugin ImmediatePhysics
LogPluginManager: Mounting plugin IOSDeviceProfileSelector
LogPluginManager: Mounting plugin LinuxDeviceProfileSelector
LogPluginManager: Mounting plugin LocationServicesBPLibrary
LogPluginManager: Mounting plugin MobilePatchingUtils
LogPluginManager: Mounting plugin OculusVR
LogPluginManager: Mounting plugin PhysXVehicles
LogPluginManager: Mounting plugin ProceduralMeshComponent
LogPluginManager: Mounting plugin RuntimePhysXCooking
LogPluginManager: Mounting plugin SteamVR
LogPluginManager: Mounting plugin WindowsMoviePlayer
LogInit: Using libcurl 7.47.1
LogInit:  - built for x86_64-pc-win32
LogInit:  - supports SSL with OpenSSL/1.0.2g
LogInit:  - supports HTTP deflate (compression) using libz 1.2.8
LogInit:  - other features:
LogInit:      CURL_VERSION_SSL
LogInit:      CURL_VERSION_LIBZ
LogInit:      CURL_VERSION_IPV6
LogInit:      CURL_VERSION_ASYNCHDNS
LogInit:      CURL_VERSION_LARGEFILE
LogInit:      CURL_VERSION_IDN
LogInit:  CurlRequestOptions (configurable via config and command line):
LogInit:  - bVerifyPeer = false  - Libcurl will NOT verify peer certificate
LogInit:  - bUseHttpProxy = false  - Libcurl will NOT use HTTP proxy
LogInit:  - bDontReuseConnections = false  - Libcurl will reuse connections
LogInit:  - CertBundlePath = nullptr  - Libcurl will use whatever was configured at build time.
LogInit: Build: ++UE4+Release-4.17-CL-3658906
LogInit: Engine Version: 4.17.2-3658906+++UE4+Release-4.17
LogInit: Compatible Engine Version: 4.17.0-3573198+++UE4+Release-4.17
LogInit: Net CL: 3573198
LogDevObjectVersion: Number of dev versions registered: 16
LogDevObjectVersion:   Dev-Blueprints (B0D832E4-1F89-4F0D-ACCF-7EB736FD4AA2): 10
LogDevObjectVersion:   Dev-Build (E1C64328-A22C-4D53-A36C-8E866417BD8C): 0
LogDevObjectVersion:   Dev-Core (375EC13C-06E4-48FB-B500-84F0262A717E): 2
LogDevObjectVersion:   Dev-Editor (E4B068ED-F494-42E9-A231-DA0B2E46BB41): 20
LogDevObjectVersion:   Dev-Framework (CFFC743F-43B0-4480-9391-14DF171D2073): 28
LogDevObjectVersion:   Dev-Mobile (B02B49B5-BB20-44E9-A304-32B752E40360): 0
LogDevObjectVersion:   Dev-Networking (A4E4105C-59A1-49B5-A7C5-40C4547EDFEE): 0
LogDevObjectVersion:   Dev-Online (39C831C9-5AE6-47DC-9A44-9C173E1C8E7C): 0
LogDevObjectVersion:   Dev-Physics (78F01B33-EBEA-4F98-B9B4-84EACCB95AA2): 0
LogDevObjectVersion:   Dev-Platform (6631380F-2D4D-43E0-8009-CF276956A95A): 0
LogDevObjectVersion:   Dev-Rendering (12F88B9F-8875-4AFC-A67C-D90C383ABD29): 19
LogDevObjectVersion:   Dev-Sequencer (7B5AE74C-D270-4C10-A958-57980B212A5A): 4
LogDevObjectVersion:   Dev-VR (D7296918-1DD6-4BDD-9DE2-64A83CC13884): 0
LogDevObjectVersion:   Dev-LoadTimes (C2A15278-BFE7-4AFE-6C17-90FF531DF755): 1
LogDevObjectVersion:   Private-Geometry (6EACA3D4-40EC-4CC1-B786-8BED09428FC5): 1
LogDevObjectVersion:   Dev-AnimPhys (29E575DD-E0A3-4627-9D10-D276232CDCEA): 7
LogInit: Compiled (64-bit): Sep 22 2017 13:47:16
LogInit: Compiled with Visual C++: 19.00.24215.01
LogInit: Build Configuration: Development
LogInit: Branch Name: ++UE4+Release-4.17
LogInit: Command line:  
LogInit: Base directory: C:/Program Files/Epic Games/UE_4.17/Engine/Binaries/Win64/
LogInit: Installed Engine Build: 1
LogInit: Presizing for max 8388607 objects, including 0 objects not considered by GC, pre-allocating 0 bytes for permanent pool.
LogInit: Object subsystem initialized
[2017.10.11-22.38.10:668][  0]LogInit: Selected Device Profile: [Windows]
[2017.10.11-22.38.10:668][  0]LogInit: Applying CVar settings loaded from the selected device profile: [Windows]
[2017.10.11-22.38.10:706][  0]LogInit: Computer: DESKTOP-I9SMP4L
[2017.10.11-22.38.10:706][  0]LogInit: User: AricsPC
[2017.10.11-22.38.10:706][  0]LogInit: CPU Page size=4096, Cores=4
[2017.10.11-22.38.10:706][  0]LogInit: High frequency timer resolution =2.249997 MHz
[2017.10.11-22.38.10:707][  0]LogMemory: Memory total: Physical=7.9GB (8GB approx)
[2017.10.11-22.38.10:707][  0]LogMemory: Platform Memory Stats for Windows
[2017.10.11-22.38.10:707][  0]LogMemory: Process Physical Memory: 277.13 MB used, 277.13 MB peak
[2017.10.11-22.38.10:707][  0]LogMemory: Process Virtual Memory: 274.10 MB used, 274.10 MB peak
[2017.10.11-22.38.10:707][  0]LogMemory: Physical Memory: 6189.87 MB used,  1875.39 MB free, 8065.26 MB total
[2017.10.11-22.38.10:707][  0]LogMemory: Virtual Memory: 668.19 MB used,  1875.39 MB free, 134217728.00 MB total
[2017.10.11-22.38.12:711][  0]LogInit: Using OS detected language (en-US).
[2017.10.11-22.38.12:711][  0]LogInit: Using OS detected locale (en-US).
[2017.10.11-22.38.12:729][  0]LogTextLocalizationManager: No specific localization for 'en-US' exists, so the 'en' localization will be used.
[2017.10.11-22.38.15:681][  0]LogD3D11RHI: D3D11 adapters:
[2017.10.11-22.38.15:762][  0]LogD3D11RHI:    0. 'NVIDIA GeForce GTX 960M' (Feature Level 11_0)
[2017.10.11-22.38.15:762][  0]LogD3D11RHI:       4064/0/4032 MB DedicatedVideo/DedicatedSystem/SharedSystem, Outputs:1, VendorId:0x10de
[2017.10.11-22.38.15:784][  0]LogD3D11RHI:    1. 'Intel(R) HD Graphics 530' (Feature Level 11_0)
[2017.10.11-22.38.15:784][  0]LogD3D11RHI:       128/0/4032 MB DedicatedVideo/DedicatedSystem/SharedSystem, Outputs:0, VendorId:0x8086
[2017.10.11-22.38.15:790][  0]LogD3D11RHI:    2. 'Microsoft Basic Render Driver' (Feature Level 11_0)
[2017.10.11-22.38.15:790][  0]LogD3D11RHI:       0/0/4032 MB DedicatedVideo/DedicatedSystem/SharedSystem, Outputs:0, VendorId:0x1414
[2017.10.11-22.38.15:790][  0]LogD3D11RHI: Chosen D3D11 Adapter: 0
[2017.10.11-22.38.15:817][  0]LogD3D11RHI: Creating new Direct3DDevice
[2017.10.11-22.38.15:818][  0]LogD3D11RHI:     GPU DeviceId: 0x139b (for the marketing name, search the web for "GPU Device Id")
[2017.10.11-22.38.15:818][  0]LogWindows: EnumDisplayDevices:
[2017.10.11-22.38.15:818][  0]LogWindows:    0. 'Intel(R) HD Graphics 530' (P:1 D:1)
[2017.10.11-22.38.15:819][  0]LogWindows:    1. 'Intel(R) HD Graphics 530' (P:0 D:0)
[2017.10.11-22.38.15:820][  0]LogWindows:    2. 'Intel(R) HD Graphics 530' (P:0 D:0)
[2017.10.11-22.38.15:820][  0]LogWindows: DebugString: PrimaryIsNotTheChoosenAdapter PrimaryIsNotTheChoosenAdapter PrimaryIsNotTheChoosenAdapter FoundDriverCount:0 
[2017.10.11-22.38.15:821][  0]LogD3D11RHI:     Adapter Name: NVIDIA GeForce GTX 960M
[2017.10.11-22.38.15:821][  0]LogD3D11RHI:   Driver Version: Unknown (internal:Unknown, unified:Unknown)
[2017.10.11-22.38.15:821][  0]LogD3D11RHI:      Driver Date: Unknown
[2017.10.11-22.38.15:821][  0]LogRHI: Texture pool is 1361 MB (70% of 1945 MB)
[2017.10.11-22.38.15:874][  0]LogD3D11RHI: Async texture creation enabled
[2017.10.11-22.38.15:899][  0]LogD3D11RHI: GPU Timing Frequency: 1000.000000 (Debug: 2 1)
[2017.10.11-22.38.15:903][  0]LogShaderCompilers: Guid format shader working directory is -21 characters bigger than the processId version (../../../../../../Users/Aric's PC/Documents/Unreal Projects/CarProject/Intermediate/Shaders/WorkingDirectory/17532/).
[2017.10.11-22.38.15:904][  0]LogShaderCompilers: Cleaned the shader compiler working directory 'C:/Users/Aric's PC/AppData/Local/Temp/UnrealShaderWorkingDir/503DA0324C9AD8E63BF85F87BBE7BD6F/'.
[2017.10.11-22.38.15:904][  0]LogShaderCompilers: Display: Using Local Shader Compiler.
[2017.10.11-22.38.20:139][  0]LogTemp: Display: Loaded TP AllDesktopTargetPlatform
[2017.10.11-22.38.20:499][  0]LogTemp: Display: Loaded TP MacClientTargetPlatform
[2017.10.11-22.38.20:842][  0]LogTemp: Display: Loaded TP MacNoEditorTargetPlatform
[2017.10.11-22.38.21:207][  0]LogTemp: Display: Loaded TP MacServerTargetPlatform
[2017.10.11-22.38.21:570][  0]LogTemp: Display: Loaded TP MacTargetPlatform
[2017.10.11-22.38.21:931][  0]LogTemp: Display: Loaded TP WindowsClientTargetPlatform
[2017.10.11-22.38.22:283][  0]LogTemp: Display: Loaded TP WindowsNoEditorTargetPlatform
[2017.10.11-22.38.22:650][  0]LogTemp: Display: Loaded TP WindowsServerTargetPlatform
[2017.10.11-22.38.22:993][  0]LogTemp: Display: Loaded TP WindowsTargetPlatform
[2017.10.11-22.38.23:335][  0]LogTemp: Display: Loaded TP AndroidTargetPlatform
[2017.10.11-22.38.23:676][  0]LogTemp: Display: Loaded TP Android_ASTCTargetPlatform
[2017.10.11-22.38.24:124][  0]LogTemp: Display: Loaded TP Android_ATCTargetPlatform
[2017.10.11-22.38.24:464][  0]LogTemp: Display: Loaded TP Android_DXTTargetPlatform
[2017.10.11-22.38.24:797][  0]LogTemp: Display: Loaded TP Android_ETC1TargetPlatform
[2017.10.11-22.38.25:148][  0]LogTemp: Display: Loaded TP Android_ETC2TargetPlatform
[2017.10.11-22.38.25:928][  0]LogTemp: Display: Loaded TP Android_MultiTargetPlatform
[2017.10.11-22.38.25:928][  0]LogTemp: Display: Loaded TP Android_PVRTCTargetPlatform
[2017.10.11-22.38.26:258][  0]LogTemp: Display: Loaded TP HTML5TargetPlatform
[2017.10.11-22.38.26:873][  0]LogTemp: Display: Loaded TP IOSTargetPlatform
[2017.10.11-22.38.27:077][  0]LogTemp: Display: Loaded TP TVOSTargetPlatform
[2017.10.11-22.38.27:431][  0]LogTemp: Display: Loaded TP LinuxClientTargetPlatform
[2017.10.11-22.38.27:760][  0]LogTemp: Display: Loaded TP LinuxNoEditorTargetPlatform
[2017.10.11-22.38.28:215][  0]LogTemp: Display: Loaded TP LinuxServerTargetPlatform
[2017.10.11-22.38.28:597][  0]LogTemp: Display: Loaded TP LinuxTargetPlatform
[2017.10.11-22.38.28:597][  0]LogTargetPlatformManager: Display: Building Assets For Windows
[2017.10.11-22.38.32:475][  0]LogDerivedDataCache: Display: Max Cache Size: 512 MB
[2017.10.11-22.38.32:919][  0]LogDerivedDataCache: Loaded boot cache 0.44s 93MB C:/Users/Aric's PC/AppData/Local/UnrealEngine/4.17/DerivedDataCache/Boot.ddc.
[2017.10.11-22.38.32:919][  0]LogDerivedDataCache: Display: Loaded Boot cache: C:/Users/Aric's PC/AppData/Local/UnrealEngine/4.17/DerivedDataCache/Boot.ddc
[2017.10.11-22.38.32:920][  0]LogDerivedDataCache: FDerivedDataBackendGraph:  Pak pak cache file ../../../../../../Users/Aric's PC/Documents/Unreal Projects/CarProject/DerivedDataCache/DDC.ddp not found, will not use a pak cache.
[2017.10.11-22.38.32:920][  0]LogDerivedDataCache: Unable to find inner node Pak for hierarchical cache Hierarchy.
[2017.10.11-22.38.32:920][  0]LogDerivedDataCache: FDerivedDataBackendGraph:  CompressedPak pak cache file ../../../../../../Users/Aric's PC/Documents/Unreal Projects/CarProject/DerivedDataCache/Compressed.ddp not found, will not use a pak cache.
[2017.10.11-22.38.32:920][  0]LogDerivedDataCache: Unable to find inner node CompressedPak for hierarchical cache Hierarchy.
[2017.10.11-22.38.32:987][  0]LogDerivedDataCache: Display: Pak cache opened for reading ../../../Engine/DerivedDataCache/Compressed.ddp.
[2017.10.11-22.38.33:004][  0]LogDerivedDataCache: Using Local data cache path C:/Users/Aric's PC/AppData/Local/UnrealEngine/Common/DerivedDataCache: Writable
[2017.10.11-22.38.33:047][  0]LogMaterial: Verifying Global Shaders for PCD3D_SM5
[2017.10.11-22.38.33:048][  0]LogSlate: Using Freetype 2.6.0
[2017.10.11-22.38.33:050][  0]LogSlate: SlateFontCache - WITH_FREETYPE: 1, WITH_HARFBUZZ: 1
[2017.10.11-22.38.33:050][  0]LogSlate: SlateFontCache - WITH_FREETYPE: 1, WITH_HARFBUZZ: 1
[2017.10.11-22.38.34:363][  0]LogAssetRegistry: FAssetRegistry took 0.0498 seconds to start up
[2017.10.11-22.38.35:086][  0]LogInit: Selected Device Profile: [Windows]
[2017.10.11-22.38.37:899][  0]LogSimplygon: Simplygon DLL not present - disabling.
[2017.10.11-22.38.38:255][  0]LogMeshReduction: Using SimplygonSwarm for distributed automatic mesh merging
[2017.10.11-22.38.38:255][  0]LogMeshReduction: Using QuadricMeshReduction for automatic static mesh reduction
[2017.10.11-22.38.38:255][  0]LogMeshReduction: No automatic skeletal mesh reduction module available
[2017.10.11-22.38.38:255][  0]LogMeshReduction: No automatic mesh merging module available
[2017.10.11-22.38.38:255][  0]LogMeshMerging: No automatic mesh merging module available
[2017.10.11-22.38.38:325][  0]LogContentStreaming: Texture pool size is 0.00 MB
[2017.10.11-22.38.40:450][  0]LogNetVersion: CarProject , NetCL: 3573198, EngineNetVer: 2, GameNetVer: 0 (Checksum: 3093238724)
[2017.10.11-22.38.41:712][  0]LogPackageLocalizationCache: Processed 5 localized package path(s) for 2 prioritized culture(s) in 0.208088 seconds
[2017.10.11-22.38.41:731][  0]LogUObjectArray: 35825 objects as part of root set at end of initial load.
[2017.10.11-22.38.41:731][  0]LogUObjectAllocator: 7529104 out of 0 bytes used by permanent object pool.
[2017.10.11-22.38.41:731][  0]LogUObjectArray: CloseDisregardForGC: 0/0 objects in disregard for GC pool
[2017.10.11-22.38.42:285][  0]LogInit: WinSock: version 1.1 (2.2), MaxSocks=32767, MaxUdp=65467
[2017.10.11-22.39.06:018][  0]LogTcpMessaging: Initializing TcpMessaging bridge
[2017.10.11-22.39.06:300][  0]LogUdpMessaging: Initializing bridge on interface 0.0.0.0:0 to multicast group 230.0.0.1:6666.
[2017.10.11-22.39.16:269][  0]LogMaterial: Uniform references updated for custom material expression Custom.
[2017.10.11-22.39.22:114][  0]SourceControl: Source control is disabled
[2017.10.11-22.39.22:123][  0]SourceControl: Source control is disabled
[2017.10.11-22.39.22:575][  0]SourceControl: Source control is disabled
[2017.10.11-22.39.22:989][  0]SourceControl: Source control is disabled
[2017.10.11-22.39.28:315][  0]LogAndroidPermission: UAndroidPermissionCallbackProxy::GetInstance
[2017.10.11-22.39.30:135][  0]LogOcInput: OculusInput pre-init called
[2017.10.11-22.39.32:464][  0]LogEngine: Initializing Engine...
[2017.10.11-22.39.32:510][  0]LogHMD: Failed to initialize OpenVR with code 110
[2017.10.11-22.39.34:181][  0]LogStats: UGameplayTagsManager::ConstructGameplayTagTree: Construct from data asset -  0.000 s
[2017.10.11-22.39.34:182][  0]LogStats: UGameplayTagsManager::ConstructGameplayTagTree: GameplayTagTreeChangedEvent.Broadcast -  0.000 s
[2017.10.11-22.39.35:721][  0]LogAIModule: Creating AISystem for world Untitled
[2017.10.11-22.39.36:039][  0]LogInit: XAudio2 using 'Speakers / Headphones (Realtek High Definition Audio)' : 2 channels at 48 kHz using 32 bits per sample (channel mask 0x3)
[2017.10.11-22.39.37:025][  0]LogInit: FAudioDevice initialized.
[2017.10.11-22.39.37:356][  0]LogDerivedDataCache: Saved boot cache 0.31s 93MB C:/Users/Aric's PC/AppData/Local/UnrealEngine/4.17/DerivedDataCache/Boot.ddc.
[2017.10.11-22.39.37:384][  0]LogInit: Texture streaming: Enabled
[2017.10.11-22.39.38:401][  0]LogEngineSessionManager: EngineSessionManager initialized
[2017.10.11-22.39.40:574][  0]LogInit: Transaction tracking system initialized
[2017.10.11-22.39.43:495][  0]BlueprintLog: New page: Editor Load
[2017.10.11-22.39.53:043][  0]LogConfig: Warning: Failed to saved backup for config[LocalizationServiceSettings]
[2017.10.11-22.39.53:051][  0]LocalizationService: Localization service is disabled
[2017.10.11-22.40.00:953][  0]LogConsoleResponse: Display: 
[2017.10.11-22.40.05:636][  0]LogFileCache: Scanning file cache for directory 'C:/Users/Aric's PC/Documents/Unreal Projects/CarProject/Content/' took 0.06s
[2017.10.11-22.40.05:636][  0]LogCook: Display: Max memory allowance for cook 16384mb min free memory 0mb
[2017.10.11-22.40.05:638][  0]LogCook: Display: Mobile HDR setting 1
[2017.10.11-22.40.05:723][  0]LogGameplayTags: Display: UGameplayTagsManager::DoneAddingNativeTags. DelegateIsBound: 0
[2017.10.11-22.40.17:666][  0]SourceControl: Source control is disabled
[2017.10.11-22.40.17:729][  0]Cmd: MAP LOAD FILE="../../../../../../Users/Aric's PC/Documents/Unreal Projects/CarProject/Content/VehicleAdvCPP/Maps/VehicleAdvExampleMap.umap" TEMPLATE=0 SHOWPROGRESS=1 FEATURELEVEL=3
[2017.10.11-22.40.17:746][  0]LightingResults: New page: Lighting Build
[2017.10.11-22.40.18:468][  0]MapCheck: New page: Map Check
[2017.10.11-22.40.18:468][  0]LightingResults: New page: Lighting Build
[2017.10.11-22.40.22:491][  0]LogAIModule: Creating AISystem for world VehicleAdvExampleMap
[2017.10.11-22.40.23:916][  0]LogEditorServer: Finished looking for orphan Actors (0.000 secs)
[2017.10.11-22.40.24:280][  0]Cmd: MAP CHECKDEP NOCLEARLOG
[2017.10.11-22.40.24:724][  0]MapCheck: Map check complete: 0 Error(s), 0 Warning(s), took 443.629ms to complete.
[2017.10.11-22.40.24:727][  0]LogFileHelpers: Loading map 'VehicleAdvExampleMap' took 7.044
[2017.10.11-22.40.26:198][  0]LogCollectionManager: Loaded 0 collections in 0.007116 seconds
[2017.10.11-22.40.26:706][  0]LogFileCache: Scanning file cache for directory 'C:/Users/Aric's PC/Documents/Unreal Projects/CarProject/Saved/Collections/' took 0.01s
[2017.10.11-22.40.26:706][  0]LogFileCache: Scanning file cache for directory 'C:/Users/Aric's PC/Documents/Unreal Projects/CarProject/Content/Developers/AricsPC/Collections/' took 0.01s
[2017.10.11-22.40.26:706][  0]LogFileCache: Scanning file cache for directory 'C:/Users/Aric's PC/Documents/Unreal Projects/CarProject/Content/Collections/' took 0.01s
[2017.10.11-22.40.26:706][  0]LogCollectionManager: Rebuilt the GUID cache for 0 collections in 0.000001 seconds
[2017.10.11-22.40.26:765][  0]LogContentBrowser: Native class hierarchy populated in 0.0545 seconds. Added 2394 classes and 505 folders.
[2017.10.11-22.40.27:360][  0]LogContentBrowser: Native class hierarchy updated for 'WidgetCarousel' in 0.0092 seconds. Added 0 classes and 0 folders.
[2017.10.11-22.40.32:060][  0]LogContentBrowser: Native class hierarchy updated for 'AddContentDialog' in 0.0186 seconds. Added 0 classes and 0 folders.
[2017.10.11-22.40.32:824][  0]LogContentBrowser: Native class hierarchy updated for 'SceneOutliner' in 0.0113 seconds. Added 1 classes and 2 folders.
[2017.10.11-22.40.34:662][  0]LogSlate: Took 0.028590 seconds to synchronously load lazily loaded font '../../../Engine/Content/Slate/Fonts/Roboto-Regular.ttf' (155K)
[2017.10.11-22.40.34:718][  0]LogSlate: Took 0.027615 seconds to synchronously load lazily loaded font '../../../Engine/Content/Slate/Fonts/Roboto-Bold.ttf' (160K)
[2017.10.11-22.40.34:866][  0]LogSlate: Took 0.004127 seconds to synchronously load lazily loaded font '../../../Engine/Content/Editor/Slate/Fonts/FontAwesome.ttf' (139K)
[2017.10.11-22.40.35:854][  0]LogRenderer: Reallocating scene render targets to support 964x436 Format 10 NumSamples 1 (Frame:1).
[2017.10.11-22.40.37:832][  0]LogContentBrowser: Native class hierarchy updated for 'HierarchicalLODOutliner' in 0.0107 seconds. Added 1 classes and 2 folders.
[2017.10.11-22.40.37:833][  0]LogLoad: (Engine Initialization) Total time: 161.22 seconds
[2017.10.11-22.40.37:833][  0]LogLoad: (Engine Initialization) Total Blueprint compile time: 0.00 seconds
[2017.10.11-22.40.37:835][  0]LogExternalProfiler: Found external profiler: VSPerf
[2017.10.11-22.40.37:835][  0]LogExternalProfiler: Using external profiler: VSPerf
[2017.10.11-22.40.37:924][  0]LogWindowsTextInputMethodSystem: Display: IME system now deactivated.
[2017.10.11-22.40.37:930][  0]LogRawInputWindows: Warning: Found device 0 devices
[2017.10.11-22.40.37:930][  0]LogRawInputWindows: Warning: Found device 0 devices
[2017.10.11-22.40.37:931][  0]LogRawInputWindows: Warning: Device was registered succesfully but not connected (Usage:4 UsagePage:1
[2017.10.11-22.40.37:931][  0]LogRawInputWindows: Warning: Found device 1 devices
[2017.10.11-22.40.37:931][  0]LogRawInputWindows: Warning: Device was registered succesfully but not connected (Usage:5 UsagePage:1
[2017.10.11-22.40.38:336][  0]LogContentStreaming: Texture pool size now 1000 MB
[2017.10.11-22.40.39:440][  6]LogAssetRegistry: Asset discovery search completed in 125.1000 seconds
[2017.10.11-22.40.39:449][  6]LogCollectionManager: Rebuilt the object cache for 0 collections in 0.000003 seconds (found 0 objects)
[2017.10.11-22.40.39:451][  6]LogCollectionManager: Fixed up redirectors for 0 collections in 0.000325 seconds (updated 0 objects)
[2017.10.11-22.40.42:782][ 40]LogSlate: Took 0.024098 seconds to synchronously load lazily loaded font '../../../Engine/Content/Slate/Fonts/Roboto-Light.ttf' (159K)
[2017.10.11-22.41.03:312][156]Candidate modules for hot reload:
[2017.10.11-22.41.03:313][156]  CarProject
[2017.10.11-22.41.03:314][156]Launching UnrealBuildTool... [C:/Program Files/Epic Games/UE_4.17/Engine/Binaries/DotNET/UnrealBuildTool.exe CarProject -ModuleWithSuffix CarProject 3456 Win64 Development -editorrecompile -canskiplink "C:/Users/Aric's PC/Documents/Unreal Projects/CarProject/CarProject.uproject" ]
[2017.10.11-22.41.03:320][156]Warning: Starting HotReload took  0.2s.
[2017.10.11-22.50.40:277][953]CompilerResultsLog: New page: Compilation - Oct 11, 2017, 2:50:39 PM
[2017.10.11-22.50.40:277][953]CompilerResultsLog: Compiling game modules for hot reload
[2017.10.11-22.50.40:278][953]CompilerResultsLog: Parsing headers for CarProjectEditor
[2017.10.11-22.50.40:278][953]CompilerResultsLog:   Running UnrealHeaderTool "C:\Users\Aric's PC\Documents\Unreal Projects\CarProject\CarProject.uproject" "C:\Users\Aric's PC\Documents\Unreal Projects\CarProject\Intermediate\Build\Win64\CarProjectEditor\Development\CarProjectEditor.uhtmanifest" -LogCmds="loginit warning, logexit warning, logdatabase error" -Unattended -WarningsAsErrors -installed
[2017.10.11-22.50.40:278][953]CompilerResultsLog: Reflection code generated for CarProjectEditor in 96.5990923 seconds
[2017.10.11-22.50.40:278][953]CompilerResultsLog: Performing 3 actions (4 in parallel)
[2017.10.11-22.50.40:278][953]CompilerResultsLog: CarProjectPawn.cpp
[2017.10.11-22.50.40:278][953]CompilerResultsLog: [2/3] Link UE4Editor-CarProject-3456.dll
[2017.10.11-22.50.40:278][953]CompilerResultsLog: [3/3] Link UE4Editor-CarProject-3456.lib
[2017.10.11-22.50.40:278][953]CompilerResultsLog:    Creating library C:\Users\Aric's PC\Documents\Unreal Projects\CarProject\Intermediate\Build\Win64\UE4Editor\Development\UE4Editor-CarProject-3456.lib and object C:\Users\Aric's PC\Documents\Unreal Projects\CarProject\Intermediate\Build\Win64\UE4Editor\Development\UE4Editor-CarProject-3456.exp
[2017.10.11-22.50.40:278][953]CompilerResultsLog:    Creating library C:\Users\Aric's PC\Documents\Unreal Projects\CarProject\Intermediate\Build\Win64\UE4Editor\Development\UE4Editor-CarProject-3456.suppressed.lib and object C:\Users\Aric's PC\Documents\Unreal Projects\CarProject\Intermediate\Build\Win64\UE4Editor\Development\UE4Editor-CarProject-3456.suppressed.exp
[2017.10.11-22.50.40:278][953]CompilerResultsLog: Total build time: 573.41 seconds (Local executor: 382.44 seconds)
[2017.10.11-22.50.40:279][953]LogMainFrame: MainFrame: Module compiling took 577.040 seconds
[2017.10.11-22.50.48:212][953]LogContentBrowser: Native class hierarchy updated for 'CarProject' in 0.0103 seconds. Added 6 classes and 2 folders.
[2017.10.11-22.50.48:215][953]Display: HotReload successful (2 functions remapped  0 scriptstructs remapped)
[2017.10.11-22.50.48:459][953]LogContentBrowser: Native class hierarchy populated in 0.0410 seconds. Added 2396 classes and 509 folders.
[2017.10.11-22.50.48:526][953]Display: HotReload took 585.4s.
[2017.10.11-22.51.09:849][977]LogTemp: Repeating last play command: Selected Viewport
[2017.10.11-22.51.10:053][977]LogPlayLevel: PlayLevel: No blueprints needed recompiling
[2017.10.11-22.51.10:088][977]PIE: New page: PIE session: VehicleAdvExampleMap (Oct 11, 2017, 2:51:10 PM)
[2017.10.11-22.51.10:089][977]LogPlayLevel: Creating play world package: /Game/VehicleAdvCPP/Maps/UEDPIE_0_VehicleAdvExampleMap
[2017.10.11-22.51.10:191][977]LogPlayLevel: PIE: StaticDuplicateObject took: (0.101536s)
[2017.10.11-22.51.10:193][977]LogAIModule: Creating AISystem for world VehicleAdvExampleMap
[2017.10.11-22.51.10:218][977]LogPlayLevel: PIE: World Init took: (0.026996s)
[2017.10.11-22.51.10:220][977]LogPlayLevel: PIE: Created PIE world by copying editor world from /Game/VehicleAdvCPP/Maps/VehicleAdvExampleMap.VehicleAdvExampleMap to /Game/VehicleAdvCPP/Maps/UEDPIE_0_VehicleAdvExampleMap.VehicleAdvExampleMap (0.131001s)
[2017.10.11-22.51.10:262][977]LogInit: XAudio2 using 'Speakers / Headphones (Realtek High Definition Audio)' : 2 channels at 48 kHz using 32 bits per sample (channel mask 0x3)
[2017.10.11-22.51.10:359][977]LogInit: FAudioDevice initialized.
[2017.10.11-22.51.10:459][977]LogLoad: Game class is 'CarProjectGameMode'
[2017.10.11-22.51.11:004][977]LogWorld: Bringing World /Game/VehicleAdvCPP/Maps/UEDPIE_0_VehicleAdvExampleMap.VehicleAdvExampleMap up for play (max tick rate 60) at 2017.10.11-18.51.11
[2017.10.11-22.51.11:133][977]LogWorld: Bringing up level for play took: 0.509012
[2017.10.11-22.51.11:846][977]LogContentBrowser: Native class hierarchy updated for 'MovieSceneCapture' in 0.0098 seconds. Added 11 classes and 0 folders.
[2017.10.11-22.51.11:987][977]PIE: Play in editor start time for /Game/VehicleAdvCPP/Maps/UEDPIE_0_VehicleAdvExampleMap 2.412
[2017.10.11-22.51.37:534][153]Cmd: SELECT NONE
[2017.10.11-22.51.40:322][268]LogSlate: Took 0.000634 seconds to synchronously load lazily loaded font '../../../Engine/Content/Slate/Fonts/Roboto-Light.ttf' (159K)
[2017.10.11-22.51.41:067][268]LogSlate: Took 0.000555 seconds to synchronously load lazily loaded font '../../../Engine/Content/Slate/Fonts/Roboto-Regular.ttf' (155K)
[2017.10.11-22.51.42:587][268]LogContentBrowser: Native class hierarchy updated for 'BlueprintGraph' in 0.0114 seconds. Added 113 classes and 0 folders.
[2017.10.11-22.51.54:826][278]LogSlate: Took 0.018040 seconds to synchronously load lazily loaded font '../../../Engine/Content/Editor/Slate/Fonts/Roboto-BoldCondensed.ttf' (158K)
[2017.10.11-23.09.45:363][414]Candidate modules for hot reload:
[2017.10.11-23.09.45:363][414]  CarProject
[2017.10.11-23.09.45:364][414]Launching UnrealBuildTool... [C:/Program Files/Epic Games/UE_4.17/Engine/Binaries/DotNET/UnrealBuildTool.exe CarProject -ModuleWithSuffix CarProject 3441 Win64 Development -editorrecompile -canskiplink "C:/Users/Aric's PC/Documents/Unreal Projects/CarProject/CarProject.uproject" ]
[2017.10.11-23.09.45:398][414]Warning: Starting HotReload took  0.1s.
[2017.10.11-23.15.49:734][647]CompilerResultsLog: New page: Compilation - Oct 11, 2017, 3:15:49 PM
[2017.10.11-23.15.49:735][647]CompilerResultsLog: Compiling game modules for hot reload
[2017.10.11-23.15.49:736][647]CompilerResultsLog: Parsing headers for CarProjectEditor
[2017.10.11-23.15.49:736][647]CompilerResultsLog:   Running UnrealHeaderTool "C:\Users\Aric's PC\Documents\Unreal Projects\CarProject\CarProject.uproject" "C:\Users\Aric's PC\Documents\Unreal Projects\CarProject\Intermediate\Build\Win64\CarProjectEditor\Development\CarProjectEditor.uhtmanifest" -LogCmds="loginit warning, logexit warning, logdatabase error" -Unattended -WarningsAsErrors -installed
[2017.10.11-23.15.49:736][647]CompilerResultsLog: Reflection code generated for CarProjectEditor in 83.213938 seconds
[2017.10.11-23.15.49:736][647]CompilerResultsLog: Performing 3 actions (4 in parallel)
[2017.10.11-23.15.49:736][647]CompilerResultsLog: CarProjectPawn.cpp
[2017.10.11-23.15.49:736][647]CompilerResultsLog: [2/3] Link UE4Editor-CarProject-3441.dll
[2017.10.11-23.15.49:736][647]CompilerResultsLog: [3/3] Link UE4Editor-CarProject-3441.lib
[2017.10.11-23.15.49:737][647]CompilerResultsLog:    Creating library C:\Users\Aric's PC\Documents\Unreal Projects\CarProject\Intermediate\Build\Win64\UE4Editor\Development\UE4Editor-CarProject-3441.lib and object C:\Users\Aric's PC\Documents\Unreal Projects\CarProject\Intermediate\Build\Win64\UE4Editor\Development\UE4Editor-CarProject-3441.exp
[2017.10.11-23.15.49:737][647]CompilerResultsLog:    Creating library C:\Users\Aric's PC\Documents\Unreal Projects\CarProject\Intermediate\Build\Win64\UE4Editor\Development\UE4Editor-CarProject-3441.suppressed.lib and object C:\Users\Aric's PC\Documents\Unreal Projects\CarProject\Intermediate\Build\Win64\UE4Editor\Development\UE4Editor-CarProject-3441.suppressed.exp
[2017.10.11-23.15.49:737][647]CompilerResultsLog: Total build time: 361.87 seconds (Local executor: 207.60 seconds)
[2017.10.11-23.15.49:737][647]LogMainFrame: MainFrame: Module compiling took 364.385 seconds
[2017.10.11-23.15.59:964][647]LogContentBrowser: Native class hierarchy updated for 'CarProject' in 0.0101 seconds. Added 6 classes and 2 folders.
[2017.10.11-23.15.59:969][647]Display: HotReload successful (2 functions remapped  0 scriptstructs remapped)
[2017.10.11-23.16.01:106][647]LogContentBrowser: Native class hierarchy populated in 0.0729 seconds. Added 2396 classes and 509 folders.
[2017.10.11-23.16.01:106][647]Display: HotReload took 375.8s.
[2017.10.11-23.30.58:339][951]Candidate modules for hot reload:
[2017.10.11-23.30.58:339][951]  CarProject
[2017.10.11-23.30.58:340][951]Launching UnrealBuildTool... [C:/Program Files/Epic Games/UE_4.17/Engine/Binaries/DotNET/UnrealBuildTool.exe CarProject -ModuleWithSuffix CarProject 5066 Win64 Development -editorrecompile -canskiplink "C:/Users/Aric's PC/Documents/Unreal Projects/CarProject/CarProject.uproject" ]
[2017.10.11-23.30.58:345][951]Warning: Starting HotReload took  0.0s.
[2017.10.11-23.32.24:273][449]CompilerResultsLog: New page: Compilation - Oct 11, 2017, 3:32:24 PM
[2017.10.11-23.32.24:274][449]CompilerResultsLog: Compiling game modules for hot reload
[2017.10.11-23.32.24:274][449]CompilerResultsLog: Target is up to date
[2017.10.11-23.32.24:274][449]CompilerResultsLog: Total build time: 83.35 seconds (NoActionsToExecute executor: 0.06 seconds)
[2017.10.11-23.32.24:274][449]LogMainFrame: MainFrame: Module compiling took 85.943 seconds
[2017.10.11-23.32.25:499][449]LogContentBrowser: Native class hierarchy populated in 0.0411 seconds. Added 2396 classes and 509 folders.
[2017.10.11-23.32.25:499][449]Display: HotReload took 87.2s.
[2017.10.11-23.32.34:420][838]LogTemp: Repeating last play command: Selected Viewport
[2017.10.11-23.32.34:506][838]LogPlayLevel: PlayLevel: No blueprints needed recompiling
[2017.10.11-23.32.34:507][838]PIE: New page: PIE session: VehicleAdvExampleMap (Oct 11, 2017, 3:32:34 PM)
[2017.10.11-23.32.34:507][838]LogPlayLevel: Creating play world package: /Game/VehicleAdvCPP/Maps/UEDPIE_0_VehicleAdvExampleMap
[2017.10.11-23.32.34:745][838]LogPlayLevel: PIE: StaticDuplicateObject took: (0.237676s)
[2017.10.11-23.32.34:747][838]LogAIModule: Creating AISystem for world VehicleAdvExampleMap
[2017.10.11-23.32.34:748][838]LogPlayLevel: PIE: World Init took: (0.003160s)
[2017.10.11-23.32.34:749][838]LogPlayLevel: PIE: Created PIE world by copying editor world from /Game/VehicleAdvCPP/Maps/VehicleAdvExampleMap.VehicleAdvExampleMap to /Game/VehicleAdvCPP/Maps/UEDPIE_0_VehicleAdvExampleMap.VehicleAdvExampleMap (0.242007s)
[2017.10.11-23.32.35:046][838]LogInit: XAudio2 using 'Speakers / Headphones (Realtek High Definition Audio)' : 2 channels at 48 kHz using 32 bits per sample (channel mask 0x3)
[2017.10.11-23.32.35:157][838]LogInit: FAudioDevice initialized.
[2017.10.11-23.32.35:230][838]LogLoad: Game class is 'CarProjectGameMode'
[2017.10.11-23.32.35:261][838]LogWorld: Bringing World /Game/VehicleAdvCPP/Maps/UEDPIE_0_VehicleAdvExampleMap.VehicleAdvExampleMap up for play (max tick rate 0) at 2017.10.11-19.32.35
[2017.10.11-23.32.35:263][838]LogWorld: Bringing up level for play took: 0.020519
[2017.10.11-23.32.35:267][838]PIE: Play in editor start time for /Game/VehicleAdvCPP/Maps/UEDPIE_0_VehicleAdvExampleMap 1.692
[2017.10.11-23.32.36:332][877]LogWindows: Windows GetLastError: The operation completed successfully. (0)
[2017.10.11-23.32.40:862][877]LogWindows: Error: === Critical error: ===
[2017.10.11-23.32.40:862][877]LogWindows: Error: 
[2017.10.11-23.32.40:862][877]LogWindows: Error: Fatal error: [File:D:\Build\++UE4+Release-4.17+Compile\Sync\Engine\Source\Runtime\CoreUObject\Private\UObject\UObjectGlobals.cpp] [Line: 3233] 
[2017.10.11-23.32.40:862][877]LogWindows: Error: FObjectFinders can't be used outside of constructors to find Blueprint'/Game/Blueprints/BP_AProjectile.BP_AProjectile'
[2017.10.11-23.32.40:862][877]LogWindows: Error: 
[2017.10.11-23.32.40:862][877]LogWindows: Error: 
[2017.10.11-23.32.40:862][877]LogWindows: Error: KERNELBASE.dll!0x0000000032979E08
[2017.10.11-23.32.40:862][877]LogWindows: Error: UE4Editor-Core.dll!0x00000000CA7F1CE4
[2017.10.11-23.32.40:862][877]LogWindows: Error: UE4Editor-Core.dll!0x00000000CA5DAD5B
[2017.10.11-23.32.40:862][877]LogWindows: Error: UE4Editor-Core.dll!0x00000000CA570179
[2017.10.11-23.32.40:862][877]LogWindows: Error: UE4Editor-CoreUObject.dll!0x00000000E48F391B
[2017.10.11-23.32.40:862][877]LogWindows: Error: UE4Editor-CarProject-3441.dll!ConstructorHelpers::FClassFinder<AAProjectile>::FClassFinder<AAProjectile>() [c:\program files\epic games\ue_4.17\engine\source\runtime\coreuobject\public\uobject\constructorhelpers.h:157]
[2017.10.11-23.32.40:863][877]LogWindows: Error: UE4Editor-CarProject-3441.dll!ACarProjectPawn::Fire() [c:\users\aric's pc\documents\unreal projects\carproject\source\carproject\carprojectpawn.cpp:202]
[2017.10.11-23.32.40:863][877]LogWindows: Error: UE4Editor-Engine.dll!0x00000000AE6B5CF6
[2017.10.11-23.32.40:863][877]LogWindows: Error: UE4Editor-Engine.dll!0x00000000AE6E7661
[2017.10.11-23.32.40:863][877]LogWindows: Error: UE4Editor-Engine.dll!0x00000000AE27AB4C
[2017.10.11-23.32.40:863][877]LogWindows: Error: UE4Editor-Engine.dll!0x00000000AE28EC16
[2017.10.11-23.32.40:863][877]LogWindows: Error: UE4Editor-Engine.dll!0x00000000AE27891B
[2017.10.11-23.32.40:863][877]LogWindows: Error: UE4Editor-Engine.dll!0x00000000AE28DDEA
[2017.10.11-23.32.40:863][877]LogWindows: Error: UE4Editor-Engine.dll!0x00000000AD573716
[2017.10.11-23.32.40:863][877]LogWindows: Error: UE4Editor-Engine.dll!0x00000000AE59B38B
[2017.10.11-23.32.40:863][877]LogWindows: Error: UE4Editor-Engine.dll!0x00000000AE5A1E2B
[2017.10.11-23.32.40:863][877]LogWindows: Error: UE4Editor-Core.dll!0x00000000CA4424F5
[2017.10.11-23.32.40:863][877]LogWindows: Error: UE4Editor-Core.dll!0x00000000CA442ADA
[2017.10.11-23.32.40:863][877]LogWindows: Error: UE4Editor-Core.dll!0x00000000CA4629CE
[2017.10.11-23.32.40:863][877]LogWindows: Error: UE4Editor-Engine.dll!0x00000000AE5BE512
[2017.10.11-23.32.40:863][877]LogWindows: Error: UE4Editor-Engine.dll!0x00000000AE5C3AA2
[2017.10.11-23.32.40:863][877]LogWindows: Error: UE4Editor-Engine.dll!0x00000000ADEBF944
[2017.10.11-23.32.40:863][877]LogWindows: Error: UE4Editor-Engine.dll!0x00000000ADECB2C6
[2017.10.11-23.32.40:863][877]LogWindows: Error: UE4Editor-UnrealEd.dll!0x00000000C84DC982
[2017.10.11-23.32.40:863][877]LogWindows: Error: UE4Editor-UnrealEd.dll!0x00000000C8D6D646
[2017.10.11-23.32.40:863][877]LogWindows: Error: UE4Editor.exe!0x000000002D94534A
[2017.10.11-23.32.40:863][877]LogWindows: Error: UE4Editor.exe!0x000000002D953970
[2017.10.11-23.32.40:864][877]LogWindows: Error: UE4Editor.exe!0x000000002D9539EA
[2017.10.11-23.32.40:864][877]LogWindows: Error: UE4Editor.exe!0x000000002D9602D9
[2017.10.11-23.32.40:864][877]LogWindows: Error: UE4Editor.exe!0x000000002D961C47
[2017.10.11-23.32.40:864][877]LogWindows: Error: KERNEL32.DLL!0x0000000035D82774
[2017.10.11-23.32.40:864][877]LogWindows: Error: ntdll.dll!0x00000000363F0D51
[2017.10.11-23.32.40:864][877]LogWindows: Error: ntdll.dll!0x00000000363F0D51
[2017.10.11-23.32.40:864][877]LogWindows: Error: 
[2017.10.11-23.32.40:911][877]LogExit: Executing StaticShutdownAfterError
[2017.10.11-23.32.41:069][877]LogWindows: FPlatformMisc::RequestExit(1)
[2017.10.11-23.32.41:091][877]Log file closed, 10/11/17 19:32:41
