Log file open, 10/15/17 17:14:37
LogWindows: Failed to load 'aqProf.dll' (GetLastError=126)
LogWindows: File 'aqProf.dll' does not exist
LogWindows: Failed to load 'VtuneApi.dll' (GetLastError=126)
LogWindows: File 'VtuneApi.dll' does not exist
LogWindows: Failed to load 'VtuneApi32e.dll' (GetLastError=126)
LogWindows: File 'VtuneApi32e.dll' does not exist
LogInit: Display: Running engine for game: CarProject
LogPlatformFile: Not using cached read wrapper
LogInit: Display: RandInit(-313832763) SRandInit(-313832763).
LogTaskGraph: Started task graph with 5 named threads and 14 total threads with 3 sets of task threads.
LogStats: Stats thread started at 0.539392
LogD3D11RHI: Aftermath initialized
LogPluginManager: Mounting plugin Paper2D
LogPluginManager: Mounting plugin LightPropagationVolume
LogPluginManager: Mounting plugin CodeLiteSourceCodeAccess
LogPluginManager: Mounting plugin GitSourceControl
LogPluginManager: Mounting plugin KDevelopSourceCodeAccess
LogPluginManager: Mounting plugin NullSourceCodeAccess
LogPluginManager: Mounting plugin PerforceSourceControl
LogPluginManager: Mounting plugin SubversionSourceControl
LogPluginManager: Mounting plugin UObjectPlugin
LogPluginManager: Mounting plugin VisualStudioSourceCodeAccess
LogPluginManager: Mounting plugin XCodeSourceCodeAccess
LogPluginManager: Mounting plugin AssetManagerEditor
LogPluginManager: Mounting plugin AudioCapture
LogPluginManager: Mounting plugin FacialAnimation
LogPluginManager: Mounting plugin GameplayTagsEditor
LogPluginManager: Mounting plugin MobileLauncherProfileWizard
LogPluginManager: Mounting plugin PluginBrowser
LogPluginManager: Mounting plugin SpeedTreeImporter
LogPluginManager: Mounting plugin AlembicImporter
LogPluginManager: Mounting plugin CharacterAI
LogPluginManager: Mounting plugin HTML5Networking
LogPluginManager: Mounting plugin RawInput
LogPluginManager: Mounting plugin AndroidMedia
LogPluginManager: Mounting plugin AvfMedia
LogPluginManager: Mounting plugin MediaPlayerEditor
LogPluginManager: Mounting plugin WmfMedia
LogPluginManager: Mounting plugin TcpMessaging
LogPluginManager: Mounting plugin UdpMessaging
LogPluginManager: Mounting plugin LevelSequenceEditor
LogPluginManager: Mounting plugin MatineeToLevelSequence
LogPluginManager: Mounting plugin OnlineSubsystemGooglePlay
LogPluginManager: Mounting plugin OnlineSubsystemIOS
LogPluginManager: Mounting plugin OnlineSubsystem
LogPluginManager: Mounting plugin OnlineSubsystemNull
LogPluginManager: Mounting plugin OnlineSubsystemUtils
LogPluginManager: Mounting plugin AndroidDeviceProfileSelector
LogPluginManager: Mounting plugin AndroidMoviePlayer
LogPluginManager: Mounting plugin AndroidPermission
LogPluginManager: Mounting plugin AppleMoviePlayer
LogPluginManager: Mounting plugin ArchVisCharacter
LogPluginManager: Mounting plugin CableComponent
LogPluginManager: Mounting plugin CustomMeshComponent
LogPluginManager: Mounting plugin ExampleDeviceProfileSelector
LogPluginManager: Mounting plugin GoogleCloudMessaging
LogPluginManager: Mounting plugin ImmediatePhysics
LogPluginManager: Mounting plugin IOSDeviceProfileSelector
LogPluginManager: Mounting plugin LinuxDeviceProfileSelector
LogPluginManager: Mounting plugin LocationServicesBPLibrary
LogPluginManager: Mounting plugin MobilePatchingUtils
LogPluginManager: Mounting plugin OculusVR
LogPluginManager: Mounting plugin PhysXVehicles
LogPluginManager: Mounting plugin ProceduralMeshComponent
LogPluginManager: Mounting plugin RuntimePhysXCooking
LogPluginManager: Mounting plugin SteamVR
LogPluginManager: Mounting plugin WindowsMoviePlayer
LogInit: Using libcurl 7.47.1
LogInit:  - built for x86_64-pc-win32
LogInit:  - supports SSL with OpenSSL/1.0.2g
LogInit:  - supports HTTP deflate (compression) using libz 1.2.8
LogInit:  - other features:
LogInit:      CURL_VERSION_SSL
LogInit:      CURL_VERSION_LIBZ
LogInit:      CURL_VERSION_IPV6
LogInit:      CURL_VERSION_ASYNCHDNS
LogInit:      CURL_VERSION_LARGEFILE
LogInit:      CURL_VERSION_IDN
LogInit:  CurlRequestOptions (configurable via config and command line):
LogInit:  - bVerifyPeer = false  - Libcurl will NOT verify peer certificate
LogInit:  - bUseHttpProxy = false  - Libcurl will NOT use HTTP proxy
LogInit:  - bDontReuseConnections = false  - Libcurl will reuse connections
LogInit:  - CertBundlePath = nullptr  - Libcurl will use whatever was configured at build time.
LogInit: Build: ++UE4+Release-4.17-CL-3658906
LogInit: Engine Version: 4.17.2-3658906+++UE4+Release-4.17
LogInit: Compatible Engine Version: 4.17.0-3573198+++UE4+Release-4.17
LogInit: Net CL: 3573198
LogDevObjectVersion: Number of dev versions registered: 16
LogDevObjectVersion:   Dev-Blueprints (B0D832E4-1F89-4F0D-ACCF-7EB736FD4AA2): 10
LogDevObjectVersion:   Dev-Build (E1C64328-A22C-4D53-A36C-8E866417BD8C): 0
LogDevObjectVersion:   Dev-Core (375EC13C-06E4-48FB-B500-84F0262A717E): 2
LogDevObjectVersion:   Dev-Editor (E4B068ED-F494-42E9-A231-DA0B2E46BB41): 20
LogDevObjectVersion:   Dev-Framework (CFFC743F-43B0-4480-9391-14DF171D2073): 28
LogDevObjectVersion:   Dev-Mobile (B02B49B5-BB20-44E9-A304-32B752E40360): 0
LogDevObjectVersion:   Dev-Networking (A4E4105C-59A1-49B5-A7C5-40C4547EDFEE): 0
LogDevObjectVersion:   Dev-Online (39C831C9-5AE6-47DC-9A44-9C173E1C8E7C): 0
LogDevObjectVersion:   Dev-Physics (78F01B33-EBEA-4F98-B9B4-84EACCB95AA2): 0
LogDevObjectVersion:   Dev-Platform (6631380F-2D4D-43E0-8009-CF276956A95A): 0
LogDevObjectVersion:   Dev-Rendering (12F88B9F-8875-4AFC-A67C-D90C383ABD29): 19
LogDevObjectVersion:   Dev-Sequencer (7B5AE74C-D270-4C10-A958-57980B212A5A): 4
LogDevObjectVersion:   Dev-VR (D7296918-1DD6-4BDD-9DE2-64A83CC13884): 0
LogDevObjectVersion:   Dev-LoadTimes (C2A15278-BFE7-4AFE-6C17-90FF531DF755): 1
LogDevObjectVersion:   Private-Geometry (6EACA3D4-40EC-4CC1-B786-8BED09428FC5): 1
LogDevObjectVersion:   Dev-AnimPhys (29E575DD-E0A3-4627-9D10-D276232CDCEA): 7
LogInit: Compiled (64-bit): Sep 22 2017 13:47:16
LogInit: Compiled with Visual C++: 19.00.24215.01
LogInit: Build Configuration: Development
LogInit: Branch Name: ++UE4+Release-4.17
LogInit: Command line:  
LogInit: Base directory: C:/Program Files/Epic Games/UE_4.17/Engine/Binaries/Win64/
LogInit: Installed Engine Build: 1
LogInit: Presizing for max 8388607 objects, including 0 objects not considered by GC, pre-allocating 0 bytes for permanent pool.
LogInit: Object subsystem initialized
[2017.10.15-21.14.47:477][  0]LogInit: Selected Device Profile: [Windows]
[2017.10.15-21.14.47:477][  0]LogInit: Applying CVar settings loaded from the selected device profile: [Windows]
[2017.10.15-21.14.47:524][  0]LogInit: Computer: DESKTOP-I9SMP4L
[2017.10.15-21.14.47:524][  0]LogInit: User: AricsPC
[2017.10.15-21.14.47:524][  0]LogInit: CPU Page size=4096, Cores=4
[2017.10.15-21.14.47:524][  0]LogInit: High frequency timer resolution =2.250001 MHz
[2017.10.15-21.14.47:525][  0]LogMemory: Memory total: Physical=7.9GB (8GB approx)
[2017.10.15-21.14.47:525][  0]LogMemory: Platform Memory Stats for Windows
[2017.10.15-21.14.47:525][  0]LogMemory: Process Physical Memory: 279.15 MB used, 279.15 MB peak
[2017.10.15-21.14.47:525][  0]LogMemory: Process Virtual Memory: 282.13 MB used, 282.13 MB peak
[2017.10.15-21.14.47:525][  0]LogMemory: Physical Memory: 4299.50 MB used,  3765.76 MB free, 8065.26 MB total
[2017.10.15-21.14.47:525][  0]LogMemory: Virtual Memory: 676.16 MB used,  3765.76 MB free, 134217728.00 MB total
[2017.10.15-21.14.50:168][  0]LogInit: Using OS detected language (en-US).
[2017.10.15-21.14.50:168][  0]LogInit: Using OS detected locale (en-US).
[2017.10.15-21.14.50:188][  0]LogTextLocalizationManager: No specific localization for 'en-US' exists, so the 'en' localization will be used.
[2017.10.15-21.14.53:742][  0]LogD3D11RHI: D3D11 adapters:
[2017.10.15-21.14.54:560][  0]LogD3D11RHI:    0. 'NVIDIA GeForce GTX 960M' (Feature Level 11_0)
[2017.10.15-21.14.54:560][  0]LogD3D11RHI:       4065/0/4032 MB DedicatedVideo/DedicatedSystem/SharedSystem, Outputs:1, VendorId:0x10de
[2017.10.15-21.14.54:582][  0]LogD3D11RHI:    1. 'Intel(R) HD Graphics 530' (Feature Level 11_0)
[2017.10.15-21.14.54:582][  0]LogD3D11RHI:       128/0/4032 MB DedicatedVideo/DedicatedSystem/SharedSystem, Outputs:0, VendorId:0x8086
[2017.10.15-21.14.54:588][  0]LogD3D11RHI:    2. 'Microsoft Basic Render Driver' (Feature Level 11_0)
[2017.10.15-21.14.54:588][  0]LogD3D11RHI:       0/0/4032 MB DedicatedVideo/DedicatedSystem/SharedSystem, Outputs:0, VendorId:0x1414
[2017.10.15-21.14.54:588][  0]LogD3D11RHI: Chosen D3D11 Adapter: 0
[2017.10.15-21.14.54:612][  0]LogD3D11RHI: Creating new Direct3DDevice
[2017.10.15-21.14.54:612][  0]LogD3D11RHI:     GPU DeviceId: 0x139b (for the marketing name, search the web for "GPU Device Id")
[2017.10.15-21.14.54:612][  0]LogWindows: EnumDisplayDevices:
[2017.10.15-21.14.54:612][  0]LogWindows:    0. 'Intel(R) HD Graphics 530' (P:1 D:1)
[2017.10.15-21.14.54:615][  0]LogWindows:    1. 'Intel(R) HD Graphics 530' (P:0 D:0)
[2017.10.15-21.14.54:618][  0]LogWindows:    2. 'Intel(R) HD Graphics 530' (P:0 D:0)
[2017.10.15-21.14.54:618][  0]LogWindows: DebugString: PrimaryIsNotTheChoosenAdapter PrimaryIsNotTheChoosenAdapter PrimaryIsNotTheChoosenAdapter FoundDriverCount:0 
[2017.10.15-21.14.54:618][  0]LogD3D11RHI:     Adapter Name: NVIDIA GeForce GTX 960M
[2017.10.15-21.14.54:618][  0]LogD3D11RHI:   Driver Version: Unknown (internal:Unknown, unified:Unknown)
[2017.10.15-21.14.54:619][  0]LogD3D11RHI:      Driver Date: Unknown
[2017.10.15-21.14.54:619][  0]LogRHI: Texture pool is 1361 MB (70% of 1945 MB)
[2017.10.15-21.14.54:735][  0]LogD3D11RHI: Async texture creation enabled
[2017.10.15-21.14.54:763][  0]LogD3D11RHI: GPU Timing Frequency: 1000.000000 (Debug: 2 1)
[2017.10.15-21.14.54:766][  0]LogShaderCompilers: Guid format shader working directory is -21 characters bigger than the processId version (../../../../../../Users/Aric's PC/Documents/Unreal Projects/CarProject/Intermediate/Shaders/WorkingDirectory/13768/).
[2017.10.15-21.14.54:767][  0]LogShaderCompilers: Cleaned the shader compiler working directory 'C:/Users/Aric's PC/AppData/Local/Temp/UnrealShaderWorkingDir/F860D6364B8D222A87A079ABB72E9848/'.
[2017.10.15-21.14.54:767][  0]LogShaderCompilers: Display: Using Local Shader Compiler.
[2017.10.15-21.14.59:004][  0]LogTemp: Display: Loaded TP AllDesktopTargetPlatform
[2017.10.15-21.14.59:330][  0]LogTemp: Display: Loaded TP MacClientTargetPlatform
[2017.10.15-21.14.59:653][  0]LogTemp: Display: Loaded TP MacNoEditorTargetPlatform
[2017.10.15-21.14.59:973][  0]LogTemp: Display: Loaded TP MacServerTargetPlatform
[2017.10.15-21.15.00:303][  0]LogTemp: Display: Loaded TP MacTargetPlatform
[2017.10.15-21.15.00:626][  0]LogTemp: Display: Loaded TP WindowsClientTargetPlatform
[2017.10.15-21.15.00:951][  0]LogTemp: Display: Loaded TP WindowsNoEditorTargetPlatform
[2017.10.15-21.15.01:278][  0]LogTemp: Display: Loaded TP WindowsServerTargetPlatform
[2017.10.15-21.15.01:571][  0]LogTemp: Display: Loaded TP WindowsTargetPlatform
[2017.10.15-21.15.01:889][  0]LogTemp: Display: Loaded TP AndroidTargetPlatform
[2017.10.15-21.15.02:209][  0]LogTemp: Display: Loaded TP Android_ASTCTargetPlatform
[2017.10.15-21.15.02:559][  0]LogTemp: Display: Loaded TP Android_ATCTargetPlatform
[2017.10.15-21.15.02:916][  0]LogTemp: Display: Loaded TP Android_DXTTargetPlatform
[2017.10.15-21.15.03:260][  0]LogTemp: Display: Loaded TP Android_ETC1TargetPlatform
[2017.10.15-21.15.03:576][  0]LogTemp: Display: Loaded TP Android_ETC2TargetPlatform
[2017.10.15-21.15.04:235][  0]LogTemp: Display: Loaded TP Android_MultiTargetPlatform
[2017.10.15-21.15.04:235][  0]LogTemp: Display: Loaded TP Android_PVRTCTargetPlatform
[2017.10.15-21.15.04:669][  0]LogTemp: Display: Loaded TP HTML5TargetPlatform
[2017.10.15-21.15.05:339][  0]LogTemp: Display: Loaded TP IOSTargetPlatform
[2017.10.15-21.15.05:539][  0]LogTemp: Display: Loaded TP TVOSTargetPlatform
[2017.10.15-21.15.05:884][  0]LogTemp: Display: Loaded TP LinuxClientTargetPlatform
[2017.10.15-21.15.06:262][  0]LogTemp: Display: Loaded TP LinuxNoEditorTargetPlatform
[2017.10.15-21.15.06:618][  0]LogTemp: Display: Loaded TP LinuxServerTargetPlatform
[2017.10.15-21.15.06:947][  0]LogTemp: Display: Loaded TP LinuxTargetPlatform
[2017.10.15-21.15.06:947][  0]LogTargetPlatformManager: Display: Building Assets For Windows
[2017.10.15-21.15.11:521][  0]LogDerivedDataCache: Display: Max Cache Size: 512 MB
[2017.10.15-21.15.11:894][  0]LogDerivedDataCache: Loaded boot cache 0.37s 93MB C:/Users/Aric's PC/AppData/Local/UnrealEngine/4.17/DerivedDataCache/Boot.ddc.
[2017.10.15-21.15.11:895][  0]LogDerivedDataCache: Display: Loaded Boot cache: C:/Users/Aric's PC/AppData/Local/UnrealEngine/4.17/DerivedDataCache/Boot.ddc
[2017.10.15-21.15.11:895][  0]LogDerivedDataCache: FDerivedDataBackendGraph:  Pak pak cache file ../../../../../../Users/Aric's PC/Documents/Unreal Projects/CarProject/DerivedDataCache/DDC.ddp not found, will not use a pak cache.
[2017.10.15-21.15.11:895][  0]LogDerivedDataCache: Unable to find inner node Pak for hierarchical cache Hierarchy.
[2017.10.15-21.15.11:895][  0]LogDerivedDataCache: FDerivedDataBackendGraph:  CompressedPak pak cache file ../../../../../../Users/Aric's PC/Documents/Unreal Projects/CarProject/DerivedDataCache/Compressed.ddp not found, will not use a pak cache.
[2017.10.15-21.15.11:896][  0]LogDerivedDataCache: Unable to find inner node CompressedPak for hierarchical cache Hierarchy.
[2017.10.15-21.15.11:961][  0]LogDerivedDataCache: Display: Pak cache opened for reading ../../../Engine/DerivedDataCache/Compressed.ddp.
[2017.10.15-21.15.11:979][  0]LogDerivedDataCache: Using Local data cache path C:/Users/Aric's PC/AppData/Local/UnrealEngine/Common/DerivedDataCache: Writable
[2017.10.15-21.15.12:021][  0]LogMaterial: Verifying Global Shaders for PCD3D_SM5
[2017.10.15-21.15.12:022][  0]LogSlate: Using Freetype 2.6.0
[2017.10.15-21.15.12:025][  0]LogSlate: SlateFontCache - WITH_FREETYPE: 1, WITH_HARFBUZZ: 1
[2017.10.15-21.15.12:025][  0]LogSlate: SlateFontCache - WITH_FREETYPE: 1, WITH_HARFBUZZ: 1
[2017.10.15-21.15.14:093][  0]LogAssetRegistry: FAssetRegistry took 0.0520 seconds to start up
[2017.10.15-21.15.14:746][  0]LogInit: Selected Device Profile: [Windows]
[2017.10.15-21.15.15:564][  0]LogContentStreaming: Texture pool size is 0.00 MB
[2017.10.15-21.15.18:074][  0]LogSimplygon: Simplygon DLL not present - disabling.
[2017.10.15-21.15.18:416][  0]LogMeshReduction: Using SimplygonSwarm for distributed automatic mesh merging
[2017.10.15-21.15.18:416][  0]LogMeshReduction: Using QuadricMeshReduction for automatic static mesh reduction
[2017.10.15-21.15.18:416][  0]LogMeshReduction: No automatic skeletal mesh reduction module available
[2017.10.15-21.15.18:416][  0]LogMeshReduction: No automatic mesh merging module available
[2017.10.15-21.15.18:417][  0]LogMeshMerging: No automatic mesh merging module available
[2017.10.15-21.15.20:059][  0]LogNetVersion: CarProject , NetCL: 3573198, EngineNetVer: 2, GameNetVer: 0 (Checksum: 3093238724)
[2017.10.15-21.15.21:732][  0]LogPackageLocalizationCache: Processed 5 localized package path(s) for 2 prioritized culture(s) in 0.250925 seconds
[2017.10.15-21.15.21:751][  0]LogUObjectArray: 35825 objects as part of root set at end of initial load.
[2017.10.15-21.15.21:751][  0]LogUObjectAllocator: 7529112 out of 0 bytes used by permanent object pool.
[2017.10.15-21.15.21:751][  0]LogUObjectArray: CloseDisregardForGC: 0/0 objects in disregard for GC pool
[2017.10.15-21.15.22:765][  0]LogInit: WinSock: version 1.1 (2.2), MaxSocks=32767, MaxUdp=65467
[2017.10.15-21.15.41:159][  0]LogTcpMessaging: Initializing TcpMessaging bridge
[2017.10.15-21.15.41:380][  0]LogUdpMessaging: Initializing bridge on interface 0.0.0.0:0 to multicast group 230.0.0.1:6666.
[2017.10.15-21.15.48:621][  0]LogMaterial: Uniform references updated for custom material expression Custom.
[2017.10.15-21.15.51:334][  0]SourceControl: Source control is disabled
[2017.10.15-21.15.51:334][  0]SourceControl: Source control is disabled
[2017.10.15-21.15.51:682][  0]SourceControl: Source control is disabled
[2017.10.15-21.15.52:016][  0]SourceControl: Source control is disabled
[2017.10.15-21.15.56:958][  0]LogAndroidPermission: UAndroidPermissionCallbackProxy::GetInstance
[2017.10.15-21.15.58:959][  0]LogOcInput: OculusInput pre-init called
[2017.10.15-21.16.00:832][  0]LogEngine: Initializing Engine...
[2017.10.15-21.16.00:839][  0]LogHMD: Failed to initialize OpenVR with code 110
[2017.10.15-21.16.01:847][  0]LogStats: UGameplayTagsManager::ConstructGameplayTagTree: Construct from data asset -  0.000 s
[2017.10.15-21.16.01:847][  0]LogStats: UGameplayTagsManager::ConstructGameplayTagTree: GameplayTagTreeChangedEvent.Broadcast -  0.000 s
[2017.10.15-21.16.02:998][  0]LogAIModule: Creating AISystem for world Untitled
[2017.10.15-21.16.03:051][  0]LogInit: XAudio2 using 'Speakers / Headphones (Realtek High Definition Audio)' : 2 channels at 48 kHz using 32 bits per sample (channel mask 0x3)
[2017.10.15-21.16.03:638][  0]LogInit: FAudioDevice initialized.
[2017.10.15-21.16.04:062][  0]LogDerivedDataCache: Saved boot cache 0.42s 93MB C:/Users/Aric's PC/AppData/Local/UnrealEngine/4.17/DerivedDataCache/Boot.ddc.
[2017.10.15-21.16.04:095][  0]LogInit: Texture streaming: Enabled
[2017.10.15-21.16.05:898][  0]LogEngineSessionManager: EngineSessionManager initialized
[2017.10.15-21.16.08:864][  0]LogInit: Transaction tracking system initialized
[2017.10.15-21.16.11:679][  0]BlueprintLog: New page: Editor Load
[2017.10.15-21.16.21:789][  0]LocalizationService: Localization service is disabled
[2017.10.15-21.16.28:586][  0]LogConsoleResponse: Display: 
[2017.10.15-21.16.29:902][  0]LogCook: Display: Max memory allowance for cook 16384mb min free memory 0mb
[2017.10.15-21.16.29:919][  0]LogFileCache: Scanning file cache for directory 'C:/Users/Aric's PC/Documents/Unreal Projects/CarProject/Content/' took 0.02s
[2017.10.15-21.16.29:919][  0]LogCook: Display: Mobile HDR setting 1
[2017.10.15-21.16.29:920][  0]LogGameplayTags: Display: UGameplayTagsManager::DoneAddingNativeTags. DelegateIsBound: 0
[2017.10.15-21.16.39:023][  0]SourceControl: Source control is disabled
[2017.10.15-21.16.39:023][  0]Cmd: MAP LOAD FILE="../../../../../../Users/Aric's PC/Documents/Unreal Projects/CarProject/Content/VehicleAdvCPP/Maps/VehicleAdvExampleMap.umap" TEMPLATE=0 SHOWPROGRESS=1 FEATURELEVEL=3
[2017.10.15-21.16.39:025][  0]LightingResults: New page: Lighting Build
[2017.10.15-21.16.39:434][  0]MapCheck: New page: Map Check
[2017.10.15-21.16.39:434][  0]LightingResults: New page: Lighting Build
[2017.10.15-21.16.40:855][  0]LogAIModule: Creating AISystem for world VehicleAdvExampleMap
[2017.10.15-21.16.40:961][  0]LogEditorServer: Finished looking for orphan Actors (0.000 secs)
[2017.10.15-21.16.41:081][  0]Cmd: MAP CHECKDEP NOCLEARLOG
[2017.10.15-21.16.41:398][  0]MapCheck: Map check complete: 0 Error(s), 0 Warning(s), took 316.712ms to complete.
[2017.10.15-21.16.41:398][  0]LogFileHelpers: Loading map 'VehicleAdvExampleMap' took 2.375
[2017.10.15-21.16.41:884][  0]LogCollectionManager: Loaded 0 collections in 0.011045 seconds
[2017.10.15-21.16.42:222][  0]LogFileCache: Scanning file cache for directory 'C:/Users/Aric's PC/Documents/Unreal Projects/CarProject/Saved/Collections/' took 0.01s
[2017.10.15-21.16.42:222][  0]LogFileCache: Scanning file cache for directory 'C:/Users/Aric's PC/Documents/Unreal Projects/CarProject/Content/Developers/AricsPC/Collections/' took 0.01s
[2017.10.15-21.16.42:222][  0]LogFileCache: Scanning file cache for directory 'C:/Users/Aric's PC/Documents/Unreal Projects/CarProject/Content/Collections/' took 0.01s
[2017.10.15-21.16.42:222][  0]LogCollectionManager: Rebuilt the GUID cache for 0 collections in 0.000001 seconds
[2017.10.15-21.16.42:263][  0]LogContentBrowser: Native class hierarchy populated in 0.0400 seconds. Added 2394 classes and 505 folders.
[2017.10.15-21.16.42:724][  0]LogContentBrowser: Native class hierarchy updated for 'WidgetCarousel' in 0.0093 seconds. Added 0 classes and 0 folders.
[2017.10.15-21.16.42:972][  0]LogContentBrowser: Native class hierarchy updated for 'AddContentDialog' in 0.0106 seconds. Added 0 classes and 0 folders.
[2017.10.15-21.16.43:363][  0]LogContentBrowser: Native class hierarchy updated for 'SceneOutliner' in 0.0110 seconds. Added 1 classes and 2 folders.
[2017.10.15-21.16.43:491][  0]LogSlate: Took 0.000652 seconds to synchronously load lazily loaded font '../../../Engine/Content/Slate/Fonts/Roboto-Regular.ttf' (155K)
[2017.10.15-21.16.43:501][  0]LogSlate: Took 0.000676 seconds to synchronously load lazily loaded font '../../../Engine/Content/Slate/Fonts/Roboto-Bold.ttf' (160K)
[2017.10.15-21.16.43:522][  0]LogSlate: Took 0.000827 seconds to synchronously load lazily loaded font '../../../Engine/Content/Editor/Slate/Fonts/FontAwesome.ttf' (139K)
[2017.10.15-21.16.43:955][  0]LogRenderer: Reallocating scene render targets to support 964x436 Format 10 NumSamples 1 (Frame:1).
[2017.10.15-21.16.44:891][  0]LogContentBrowser: Native class hierarchy updated for 'HierarchicalLODOutliner' in 0.0095 seconds. Added 1 classes and 2 folders.
[2017.10.15-21.16.44:892][  0]LogLoad: (Engine Initialization) Total time: 134.08 seconds
[2017.10.15-21.16.44:892][  0]LogLoad: (Engine Initialization) Total Blueprint compile time: 0.00 seconds
[2017.10.15-21.16.44:893][  0]LogExternalProfiler: Found external profiler: VSPerf
[2017.10.15-21.16.44:893][  0]LogExternalProfiler: Using external profiler: VSPerf
[2017.10.15-21.16.45:245][  0]LogRawInputWindows: Warning: Found device 0 devices
[2017.10.15-21.16.45:249][  0]LogRawInputWindows: Warning: Found device 0 devices
[2017.10.15-21.16.45:249][  0]LogRawInputWindows: Warning: Device was registered succesfully but not connected (Usage:4 UsagePage:1
[2017.10.15-21.16.45:249][  0]LogRawInputWindows: Warning: Found device 1 devices
[2017.10.15-21.16.45:249][  0]LogRawInputWindows: Warning: Device was registered succesfully but not connected (Usage:5 UsagePage:1
[2017.10.15-21.16.45:284][  0]LogContentStreaming: Texture pool size now 1000 MB
[2017.10.15-21.16.45:638][  1]LogSlate: Took 0.000880 seconds to synchronously load lazily loaded font '../../../Engine/Content/Slate/Fonts/Roboto-Light.ttf' (159K)
[2017.10.15-21.16.46:265][  3]LogSlate: Took 0.001003 seconds to synchronously load lazily loaded font '../../../Engine/Content/Slate/Fonts/Roboto-Light.ttf' (159K)
[2017.10.15-21.16.46:581][  4]LogAssetRegistry: Asset discovery search completed in 92.5122 seconds
[2017.10.15-21.16.46:586][  4]LogCollectionManager: Rebuilt the object cache for 0 collections in 0.000001 seconds (found 0 objects)
[2017.10.15-21.16.46:586][  4]LogCollectionManager: Fixed up redirectors for 0 collections in 0.000146 seconds (updated 0 objects)
[2017.10.15-21.18.20:187][915]LogSlate: Took 0.000645 seconds to synchronously load lazily loaded font '../../../Engine/Content/Slate/Fonts/Roboto-Light.ttf' (159K)
[2017.10.15-21.18.21:141][915]LogSlate: Took 0.000697 seconds to synchronously load lazily loaded font '../../../Engine/Content/Slate/Fonts/Roboto-Regular.ttf' (155K)
[2017.10.15-21.18.21:844][915]LogContentBrowser: Native class hierarchy updated for 'BlueprintGraph' in 0.0113 seconds. Added 113 classes and 0 folders.
[2017.10.15-21.18.24:659][915]LogSlate: Took 0.000682 seconds to synchronously load lazily loaded font '../../../Engine/Content/Editor/Slate/Fonts/Roboto-BoldCondensed.ttf' (158K)
[2017.10.15-21.36.06:803][212]LogEditorViewport: Clicking on Actor (LMB): CarProjectPawn (TP_VehicleAdvPawn5)
[2017.10.15-21.36.36:882][105]LogSlate: Took 0.003779 seconds to synchronously load lazily loaded font '../../../Engine/Content/Editor/Slate/Fonts/Roboto-Italic.ttf' (157K)
[2017.10.15-21.43.10:556][482]BlueprintLog: New page: Compile BP_MyCarProjectPawn
[2017.10.15-21.43.29:197][ 33]LogTemp: Repeating last play command: Selected Viewport
[2017.10.15-21.43.29:335][ 33]LogBlueprintUserMessages: Early PlayInEditor Detection: Level '/Game/VehicleAdvCPP/Maps/VehicleAdvExampleMap.VehicleAdvExampleMap:PersistentLevel' has LevelScriptBlueprint '/Game/VehicleAdvCPP/Maps/VehicleAdvExampleMap.VehicleAdvExampleMap:PersistentLevel.VehicleAdvExampleMap' with GeneratedClass '/Game/VehicleAdvCPP/Maps/VehicleAdvExampleMap.VehicleAdvExampleMap_C' with ClassGeneratedBy '/Game/VehicleAdvCPP/Maps/VehicleAdvExampleMap.VehicleAdvExampleMap:PersistentLevel.VehicleAdvExampleMap'
[2017.10.15-21.43.29:335][ 33]LogPlayLevel: PlayLevel: No blueprints needed recompiling
[2017.10.15-21.43.29:338][ 33]PIE: New page: PIE session: VehicleAdvExampleMap (Oct 15, 2017, 1:43:29 PM)
[2017.10.15-21.43.29:338][ 33]LogPlayLevel: Creating play world package: /Game/VehicleAdvCPP/Maps/UEDPIE_0_VehicleAdvExampleMap
[2017.10.15-21.43.29:467][ 33]LogPlayLevel: PIE: StaticDuplicateObject took: (0.127876s)
[2017.10.15-21.43.29:469][ 33]LogAIModule: Creating AISystem for world VehicleAdvExampleMap
[2017.10.15-21.43.29:470][ 33]LogPlayLevel: PIE: World Init took: (0.002865s)
[2017.10.15-21.43.29:471][ 33]LogPlayLevel: PIE: Created PIE world by copying editor world from /Game/VehicleAdvCPP/Maps/VehicleAdvExampleMap.VehicleAdvExampleMap to /Game/VehicleAdvCPP/Maps/UEDPIE_0_VehicleAdvExampleMap.VehicleAdvExampleMap (0.132175s)
[2017.10.15-21.43.29:534][ 33]LogInit: XAudio2 using 'Speakers / Headphones (Realtek High Definition Audio)' : 2 channels at 48 kHz using 32 bits per sample (channel mask 0x3)
[2017.10.15-21.43.29:634][ 33]LogInit: FAudioDevice initialized.
[2017.10.15-21.43.29:695][ 33]LogLoad: Game class is 'CarProjectGameMode'
[2017.10.15-21.43.29:741][ 33]LogWorld: Bringing World /Game/VehicleAdvCPP/Maps/UEDPIE_0_VehicleAdvExampleMap.VehicleAdvExampleMap up for play (max tick rate 60) at 2017.10.15-17.43.29
[2017.10.15-21.43.29:759][ 33]LogWorld: Bringing up level for play took: 0.038389
[2017.10.15-21.43.30:053][ 33]LogContentBrowser: Native class hierarchy updated for 'MovieSceneCapture' in 0.0121 seconds. Added 11 classes and 0 folders.
[2017.10.15-21.43.30:056][ 33]PIE: Play in editor start time for /Game/VehicleAdvCPP/Maps/UEDPIE_0_VehicleAdvExampleMap 0.391
[2017.10.15-21.43.30:089][ 33]LogBlueprintUserMessages: Late PlayInEditor Detection: Level '/Game/VehicleAdvCPP/Maps/VehicleAdvExampleMap.VehicleAdvExampleMap:PersistentLevel' has LevelScriptBlueprint '/Game/VehicleAdvCPP/Maps/VehicleAdvExampleMap.VehicleAdvExampleMap:PersistentLevel.VehicleAdvExampleMap' with GeneratedClass '/Game/VehicleAdvCPP/Maps/VehicleAdvExampleMap.VehicleAdvExampleMap_C' with ClassGeneratedBy '/Game/VehicleAdvCPP/Maps/VehicleAdvExampleMap.VehicleAdvExampleMap:PersistentLevel.VehicleAdvExampleMap'
[2017.10.15-21.44.30:051][446]LogBlueprintUserMessages: Early EndPlayMap Detection: Level '/Game/VehicleAdvCPP/Maps/VehicleAdvExampleMap.VehicleAdvExampleMap:PersistentLevel' has LevelScriptBlueprint '/Game/VehicleAdvCPP/Maps/VehicleAdvExampleMap.VehicleAdvExampleMap:PersistentLevel.VehicleAdvExampleMap' with GeneratedClass '/Game/VehicleAdvCPP/Maps/VehicleAdvExampleMap.VehicleAdvExampleMap_C' with ClassGeneratedBy '/Game/VehicleAdvCPP/Maps/VehicleAdvExampleMap.VehicleAdvExampleMap:PersistentLevel.VehicleAdvExampleMap'
[2017.10.15-21.44.30:169][446]LogBlueprintUserMessages: Late EndPlayMap Detection: Level '/Game/VehicleAdvCPP/Maps/VehicleAdvExampleMap.VehicleAdvExampleMap:PersistentLevel' has LevelScriptBlueprint '/Game/VehicleAdvCPP/Maps/VehicleAdvExampleMap.VehicleAdvExampleMap:PersistentLevel.VehicleAdvExampleMap' with GeneratedClass '/Game/VehicleAdvCPP/Maps/VehicleAdvExampleMap.VehicleAdvExampleMap_C' with ClassGeneratedBy '/Game/VehicleAdvCPP/Maps/VehicleAdvExampleMap.VehicleAdvExampleMap:PersistentLevel.VehicleAdvExampleMap'
[2017.10.15-21.45.13:957][820]LogSavePackage: Save=2358.70ms
[2017.10.15-21.45.13:957][820]LogSavePackage: Moving '../../../../../../Users/Aric's PC/Documents/Unreal Projects/CarProject/Saved/VehicleAdvExampleMap_Auto1451259B346D79A3AEDA731861FC91B06.tmp' to '../../../../../../Users/Aric's PC/Documents/Unreal Projects/CarProject/Saved/Autosaves/Game/VehicleAdvCPP/Maps/VehicleAdvExampleMap_Auto1.umap'
[2017.10.15-21.45.13:983][820]LogSavePackage: Display: Finished SavePackage ../../../../../../Users/Aric's PC/Documents/Unreal Projects/CarProject/Saved/Autosaves/Game/VehicleAdvCPP/Maps/VehicleAdvExampleMap_Auto1.umap
[2017.10.15-21.45.14:014][820]LogFileHelpers: Editor autosave (incl. sublevels) for '/Game/VehicleAdvCPP/Maps/VehicleAdvExampleMap' took 2.865
[2017.10.15-21.45.14:015][820]LogFileHelpers: Editor autosave (incl. sublevels) for all levels took 2.865
[2017.10.15-21.45.14:037][820]OBJ SavePackage: Generating thumbnails for [1] asset(s) in package [/Game/Blueprints/BP_MyCarProjectPawn] ([1] browsable assets)...
[2017.10.15-21.45.14:116][820]OBJ SavePackage:     Rendered thumbnail for [Blueprint /Game/Blueprints/BP_MyCarProjectPawn.BP_MyCarProjectPawn]
[2017.10.15-21.45.14:116][820]OBJ SavePackage: Finished generating thumbnails for package [/Game/Blueprints/BP_MyCarProjectPawn]
[2017.10.15-21.45.14:399][820]LogSavePackage: Save=226.74ms
[2017.10.15-21.45.14:399][820]LogSavePackage: Moving '../../../../../../Users/Aric's PC/Documents/Unreal Projects/CarProject/Saved/BP_MyCarProjectPawn_Auto1222568834FBA906D6FF363A9E94B8A87.tmp' to '../../../../../../Users/Aric's PC/Documents/Unreal Projects/CarProject/Saved/Autosaves/Game/Blueprints/BP_MyCarProjectPawn_Auto1.uasset'
[2017.10.15-21.45.14:408][820]LogSavePackage: Display: Finished SavePackage ../../../../../../Users/Aric's PC/Documents/Unreal Projects/CarProject/Saved/Autosaves/Game/Blueprints/BP_MyCarProjectPawn_Auto1.uasset
[2017.10.15-21.45.14:408][820]LogFileHelpers: Auto-saving content packages took 0.382
[2017.10.15-21.45.37:172][967]Candidate modules for hot reload:
[2017.10.15-21.45.37:172][967]  CarProject
[2017.10.15-21.45.37:173][967]Launching UnrealBuildTool... [C:/Program Files/Epic Games/UE_4.17/Engine/Binaries/DotNET/UnrealBuildTool.exe CarProject -ModuleWithSuffix CarProject 2342 Win64 Development -editorrecompile -canskiplink "C:/Users/Aric's PC/Documents/Unreal Projects/CarProject/CarProject.uproject" ]
[2017.10.15-21.45.37:182][967]Warning: Starting HotReload took  0.2s.
[2017.10.15-21.48.10:933][836]CompilerResultsLog: New page: Compilation - Oct 15, 2017, 1:48:10 PM
[2017.10.15-21.48.10:933][836]CompilerResultsLog: Compiling game modules for hot reload
[2017.10.15-21.48.10:933][836]CompilerResultsLog: Parsing headers for CarProjectEditor
[2017.10.15-21.48.10:933][836]CompilerResultsLog:   Running UnrealHeaderTool "C:\Users\Aric's PC\Documents\Unreal Projects\CarProject\CarProject.uproject" "C:\Users\Aric's PC\Documents\Unreal Projects\CarProject\Intermediate\Build\Win64\CarProjectEditor\Development\CarProjectEditor.uhtmanifest" -LogCmds="loginit warning, logexit warning, logdatabase error" -Unattended -WarningsAsErrors -installed
[2017.10.15-21.48.10:933][836]CompilerResultsLog: Error: C:/Users/Aric's PC/Documents/Unreal Projects/CarProject/Source/CarProject/CarProjectPawn.h(96)  : Error: Unrecognized type 'FInt128' - type must be a UCLASS, USTRUCT or UENUM
[2017.10.15-21.48.10:934][836]CompilerResultsLog: Error: UnrealHeaderTool failed for target 'CarProjectEditor' (platform: Win64, module info: C:\Users\Aric's PC\Documents\Unreal Projects\CarProject\Intermediate\Build\Win64\CarProjectEditor\Development\CarProjectEditor.uhtmanifest, exit code: OtherCompilationError (5)).
[2017.10.15-21.48.10:935][836]LogMainFrame: MainFrame: Module compiling took 153.774 seconds
[2017.10.15-21.48.10:935][836]Warning: HotReload failed, recompile failed
[2017.10.15-21.52.29:127][510]Candidate modules for hot reload:
[2017.10.15-21.52.29:127][510]  CarProject
[2017.10.15-21.52.29:128][510]Launching UnrealBuildTool... [C:/Program Files/Epic Games/UE_4.17/Engine/Binaries/DotNET/UnrealBuildTool.exe CarProject -ModuleWithSuffix CarProject 982 Win64 Development -editorrecompile -canskiplink "C:/Users/Aric's PC/Documents/Unreal Projects/CarProject/CarProject.uproject" ]
[2017.10.15-21.52.29:136][510]Warning: Starting HotReload took  0.0s.
[2017.10.15-21.52.38:866][907]Cmd: SELECT NONE
[2017.10.15-21.53.53:447][201]BlueprintLog: New page: Compile BP_MyCarProjectPawn
[2017.10.15-21.55.28:454][ 64]LogSavePackage: Save=1666.63ms
[2017.10.15-21.55.28:454][ 64]LogSavePackage: Moving '../../../../../../Users/Aric's PC/Documents/Unreal Projects/CarProject/Saved/VehicleAdvExampleMap_Auto20D9987904E117C86F88D4480703DF496.tmp' to '../../../../../../Users/Aric's PC/Documents/Unreal Projects/CarProject/Saved/Autosaves/Game/VehicleAdvCPP/Maps/VehicleAdvExampleMap_Auto2.umap'
[2017.10.15-21.55.28:690][ 64]LogSavePackage: Display: Finished SavePackage ../../../../../../Users/Aric's PC/Documents/Unreal Projects/CarProject/Saved/Autosaves/Game/VehicleAdvCPP/Maps/VehicleAdvExampleMap_Auto2.umap
[2017.10.15-21.55.28:701][ 64]LogFileHelpers: Editor autosave (incl. sublevels) for '/Game/VehicleAdvCPP/Maps/VehicleAdvExampleMap' took 2.035
[2017.10.15-21.55.28:701][ 64]LogFileHelpers: Editor autosave (incl. sublevels) for all levels took 2.035
[2017.10.15-21.55.28:721][ 64]OBJ SavePackage: Generating thumbnails for [1] asset(s) in package [/Game/Blueprints/BP_MyCarProjectPawn] ([1] browsable assets)...
[2017.10.15-21.55.28:793][ 64]OBJ SavePackage:     Rendered thumbnail for [Blueprint /Game/Blueprints/BP_MyCarProjectPawn.BP_MyCarProjectPawn]
[2017.10.15-21.55.28:794][ 64]OBJ SavePackage: Finished generating thumbnails for package [/Game/Blueprints/BP_MyCarProjectPawn]
[2017.10.15-21.55.29:152][ 64]LogSavePackage: Save=290.75ms
[2017.10.15-21.55.29:152][ 64]LogSavePackage: Moving '../../../../../../Users/Aric's PC/Documents/Unreal Projects/CarProject/Saved/BP_MyCarProjectPawn_Auto2BE5C48B2456F7B8F527EF984E8225AD4.tmp' to '../../../../../../Users/Aric's PC/Documents/Unreal Projects/CarProject/Saved/Autosaves/Game/Blueprints/BP_MyCarProjectPawn_Auto2.uasset'
[2017.10.15-21.55.29:162][ 64]LogSavePackage: Display: Finished SavePackage ../../../../../../Users/Aric's PC/Documents/Unreal Projects/CarProject/Saved/Autosaves/Game/Blueprints/BP_MyCarProjectPawn_Auto2.uasset
[2017.10.15-21.55.29:162][ 64]LogFileHelpers: Auto-saving content packages took 0.450
[2017.10.15-21.59.43:939][651]LogTemp: Executing iPhonePackager certificates Engine -bundlename com.YourCompany.CarProject
[2017.10.15-21.59.43:939][651]LogTemp: CWD: C:\Program Files\Epic Games\UE_4.17\Engine\Binaries\DotNET\IOS
[2017.10.15-21.59.43:939][651]LogTemp: Initial Dir: C:\Program Files\Epic Games\UE_4.17
[2017.10.15-21.59.43:940][651]LogTemp: Env CWD: C:\Program Files\Epic Games\UE_4.17\Engine\Binaries\DotNET\IOS
[2017.10.15-21.59.43:940][651]LogTemp: BranchPath = DESKTOP-I9SMP4L/C/Program Files/Epic Games/UE_4.17/Engine/Binaries --- GameBranchPath = DESKTOP-I9SMP4L/C/Program Files/Epic Games/UE_4.17/Engine/Binaries
[2017.10.15-21.59.43:940][651]LogTemp: IPP ERROR: Could not find provision directory 'C:\Users\Aric's PC\AppData\Local/Apple Computer/MobileDevice/Provisioning Profiles/'.
[2017.10.15-22.00.37:266][810]CompilerResultsLog: New page: Compilation - Oct 15, 2017, 2:00:37 PM
[2017.10.15-22.00.37:269][810]CompilerResultsLog: Compiling game modules for hot reload
[2017.10.15-22.00.37:270][810]CompilerResultsLog: Parsing headers for CarProjectEditor
[2017.10.15-22.00.37:270][810]CompilerResultsLog:   Running UnrealHeaderTool "C:\Users\Aric's PC\Documents\Unreal Projects\CarProject\CarProject.uproject" "C:\Users\Aric's PC\Documents\Unreal Projects\CarProject\Intermediate\Build\Win64\CarProjectEditor\Development\CarProjectEditor.uhtmanifest" -LogCmds="loginit warning, logexit warning, logdatabase error" -Unattended -WarningsAsErrors -installed
[2017.10.15-22.00.37:271][810]CompilerResultsLog: Reflection code generated for CarProjectEditor in 66.6908654 seconds
[2017.10.15-22.00.37:271][810]CompilerResultsLog: Performing 9 actions (4 in parallel)
[2017.10.15-22.00.37:272][810]CompilerResultsLog: CarProjectGameMode.cpp
[2017.10.15-22.00.37:272][810]CompilerResultsLog: AProjectile.cpp
[2017.10.15-22.00.37:273][810]CompilerResultsLog: AProjectile.gen.cpp
[2017.10.15-22.00.37:273][810]CompilerResultsLog: CarProjectHud.cpp
[2017.10.15-22.00.37:275][810]CompilerResultsLog: CarProjectPawn.cpp
[2017.10.15-22.00.37:275][810]CompilerResultsLog: CarProject.init.gen.cpp
[2017.10.15-22.00.37:276][810]CompilerResultsLog: CarProjectPawn.gen.cpp
[2017.10.15-22.00.37:276][810]CompilerResultsLog: [8/9] Link UE4Editor-CarProject-982.dll
[2017.10.15-22.00.37:277][810]CompilerResultsLog: [9/9] Link UE4Editor-CarProject-982.lib
[2017.10.15-22.00.37:277][810]CompilerResultsLog:    Creating library C:\Users\Aric's PC\Documents\Unreal Projects\CarProject\Intermediate\Build\Win64\UE4Editor\Development\UE4Editor-CarProject-982.lib and object C:\Users\Aric's PC\Documents\Unreal Projects\CarProject\Intermediate\Build\Win64\UE4Editor\Development\UE4Editor-CarProject-982.exp
[2017.10.15-22.00.37:277][810]CompilerResultsLog:    Creating library C:\Users\Aric's PC\Documents\Unreal Projects\CarProject\Intermediate\Build\Win64\UE4Editor\Development\UE4Editor-CarProject-982.suppressed.lib and object C:\Users\Aric's PC\Documents\Unreal Projects\CarProject\Intermediate\Build\Win64\UE4Editor\Development\UE4Editor-CarProject-982.suppressed.exp
[2017.10.15-22.00.37:279][810]CompilerResultsLog: Total build time: 486.31 seconds (Local executor: 362.17 seconds)
[2017.10.15-22.00.37:280][810]LogMainFrame: MainFrame: Module compiling took 488.163 seconds
[2017.10.15-22.00.50:775][810]LogClass: Could not find existing class AProjectile in package /Script/CarProject for HotReload, assuming new class
[2017.10.15-22.00.50:776][810]LogClass: Function OnHit is new.
[2017.10.15-22.00.50:782][810]LogClass: Could not find existing class CarProjectPawn in package /Script/CarProject for HotReload, assuming new class
[2017.10.15-22.00.50:782][810]LogClass: Function Fire is new.
[2017.10.15-22.00.50:816][810]LogHotReload: Re-instancing AProjectile after hot-reload.
[2017.10.15-22.00.51:814][810]LogHotReload: Re-instancing CarProjectGameMode after hot-reload.
[2017.10.15-22.00.52:137][810]LogHotReload: Re-instancing CarProjectPawn after hot-reload.
[2017.10.15-22.00.54:293][810]LogContentBrowser: Native class hierarchy updated for 'CarProject' in 0.0114 seconds. Added 6 classes and 2 folders.
[2017.10.15-22.00.54:299][810]Display: HotReload successful (0 functions remapped  0 scriptstructs remapped)
[2017.10.15-22.00.55:937][810]LogContentBrowser: Native class hierarchy populated in 0.0681 seconds. Added 2396 classes and 509 folders.
[2017.10.15-22.00.56:014][810]Display: HotReload took 506.9s.
[2017.10.15-22.01.50:486][711]LogEditorViewport: Clicking on Actor (LMB): Landscape (Landscape)
[2017.10.15-22.01.50:657][711]LogTemp: Executing iPhonePackager certificates Engine -bundlename com.YourCompany.CarProject
[2017.10.15-22.01.50:657][711]LogTemp: CWD: C:\Program Files\Epic Games\UE_4.17\Engine\Binaries\DotNET\IOS
[2017.10.15-22.01.50:657][711]LogTemp: Initial Dir: C:\Program Files\Epic Games\UE_4.17
[2017.10.15-22.01.50:657][711]LogTemp: Env CWD: C:\Program Files\Epic Games\UE_4.17\Engine\Binaries\DotNET\IOS
[2017.10.15-22.01.50:671][711]LogTemp: BranchPath = DESKTOP-I9SMP4L/C/Program Files/Epic Games/UE_4.17/Engine/Binaries --- GameBranchPath = DESKTOP-I9SMP4L/C/Program Files/Epic Games/UE_4.17/Engine/Binaries
[2017.10.15-22.01.50:863][712]LogTemp: IPP ERROR: Could not find provision directory 'C:\Users\Aric's PC\AppData\Local/Apple Computer/MobileDevice/Provisioning Profiles/'.
[2017.10.15-22.02.36:469][ 14]LogEditorViewport: Clicking on Actor (LMB): StaticMeshActor (Cube)
[2017.10.15-22.02.36:576][ 14]LogEditorViewport: Clicking on Component (LMB): StaticMeshComponent (StaticMeshComponent0)
[2017.10.15-22.02.52:052][638]LogTemp: Repeating last play command: Selected Viewport
[2017.10.15-22.02.52:099][638]LogBlueprintUserMessages: Early PlayInEditor Detection: Level '/Game/VehicleAdvCPP/Maps/VehicleAdvExampleMap.VehicleAdvExampleMap:PersistentLevel' has LevelScriptBlueprint '/Game/VehicleAdvCPP/Maps/VehicleAdvExampleMap.VehicleAdvExampleMap:PersistentLevel.VehicleAdvExampleMap' with GeneratedClass '/Game/VehicleAdvCPP/Maps/VehicleAdvExampleMap.VehicleAdvExampleMap_C' with ClassGeneratedBy '/Game/VehicleAdvCPP/Maps/VehicleAdvExampleMap.VehicleAdvExampleMap:PersistentLevel.VehicleAdvExampleMap'
[2017.10.15-22.02.52:099][638]LogPlayLevel: PlayLevel: No blueprints needed recompiling
[2017.10.15-22.02.52:100][638]PIE: New page: PIE session: VehicleAdvExampleMap (Oct 15, 2017, 2:02:52 PM)
[2017.10.15-22.02.52:100][638]LogPlayLevel: Creating play world package: /Game/VehicleAdvCPP/Maps/UEDPIE_0_VehicleAdvExampleMap
[2017.10.15-22.02.52:625][638]LogPlayLevel: PIE: StaticDuplicateObject took: (0.524380s)
[2017.10.15-22.02.52:627][638]LogAIModule: Creating AISystem for world VehicleAdvExampleMap
[2017.10.15-22.02.52:628][638]LogPlayLevel: PIE: World Init took: (0.002583s)
[2017.10.15-22.02.52:629][638]LogPlayLevel: PIE: Created PIE world by copying editor world from /Game/VehicleAdvCPP/Maps/VehicleAdvExampleMap.VehicleAdvExampleMap to /Game/VehicleAdvCPP/Maps/UEDPIE_0_VehicleAdvExampleMap.VehicleAdvExampleMap (0.528116s)
[2017.10.15-22.02.52:900][638]LogInit: XAudio2 using 'Speakers / Headphones (Realtek High Definition Audio)' : 2 channels at 48 kHz using 32 bits per sample (channel mask 0x3)
[2017.10.15-22.02.53:015][638]LogInit: FAudioDevice initialized.
[2017.10.15-22.02.53:063][638]LogLoad: Game class is 'CarProjectGameMode'
[2017.10.15-22.02.53:092][638]LogWorld: Bringing World /Game/VehicleAdvCPP/Maps/UEDPIE_0_VehicleAdvExampleMap.VehicleAdvExampleMap up for play (max tick rate 60) at 2017.10.15-18.02.53
[2017.10.15-22.02.53:095][638]LogWorld: Bringing up level for play took: 0.022318
[2017.10.15-22.02.53:099][638]PIE: Play in editor start time for /Game/VehicleAdvCPP/Maps/UEDPIE_0_VehicleAdvExampleMap 1.433
[2017.10.15-22.02.53:128][638]LogBlueprintUserMessages: Late PlayInEditor Detection: Level '/Game/VehicleAdvCPP/Maps/VehicleAdvExampleMap.VehicleAdvExampleMap:PersistentLevel' has LevelScriptBlueprint '/Game/VehicleAdvCPP/Maps/VehicleAdvExampleMap.VehicleAdvExampleMap:PersistentLevel.VehicleAdvExampleMap' with GeneratedClass '/Game/VehicleAdvCPP/Maps/VehicleAdvExampleMap.VehicleAdvExampleMap_C' with ClassGeneratedBy '/Game/VehicleAdvCPP/Maps/VehicleAdvExampleMap.VehicleAdvExampleMap:PersistentLevel.VehicleAdvExampleMap'
[2017.10.15-22.03.08:236][264]LogBlueprintUserMessages: Early EndPlayMap Detection: Level '/Game/VehicleAdvCPP/Maps/VehicleAdvExampleMap.VehicleAdvExampleMap:PersistentLevel' has LevelScriptBlueprint '/Game/VehicleAdvCPP/Maps/VehicleAdvExampleMap.VehicleAdvExampleMap:PersistentLevel.VehicleAdvExampleMap' with GeneratedClass '/Game/VehicleAdvCPP/Maps/VehicleAdvExampleMap.VehicleAdvExampleMap_C' with ClassGeneratedBy '/Game/VehicleAdvCPP/Maps/VehicleAdvExampleMap.VehicleAdvExampleMap:PersistentLevel.VehicleAdvExampleMap'
[2017.10.15-22.03.08:341][264]LogBlueprintUserMessages: Late EndPlayMap Detection: Level '/Game/VehicleAdvCPP/Maps/VehicleAdvExampleMap.VehicleAdvExampleMap:PersistentLevel' has LevelScriptBlueprint '/Game/VehicleAdvCPP/Maps/VehicleAdvExampleMap.VehicleAdvExampleMap:PersistentLevel.VehicleAdvExampleMap' with GeneratedClass '/Game/VehicleAdvCPP/Maps/VehicleAdvExampleMap.VehicleAdvExampleMap_C' with ClassGeneratedBy '/Game/VehicleAdvCPP/Maps/VehicleAdvExampleMap.VehicleAdvExampleMap:PersistentLevel.VehicleAdvExampleMap'
[2017.10.15-22.03.13:096][337]Cmd: QUIT_EDITOR
[2017.10.15-22.03.14:075][337]LogWindowsTextInputMethodSystem: Display: IME system now deactivated.
[2017.10.15-22.03.14:191][337]LogExit: Preparing to exit.
[2017.10.15-22.03.15:956][337]LogDirectoryWatcher: A directory notification for 'C:/Users/Aric's PC/Documents/Unreal Projects/CarProject/Content/' was aborted.
[2017.10.15-22.03.16:664][337]LogExit: Editor shut down
[2017.10.15-22.03.16:834][337]LogExit: Transaction tracking system shut down
[2017.10.15-22.03.17:287][337]LogDirectoryWatcher: A directory notification for '../../../Engine/Content/' was aborted.
[2017.10.15-22.03.17:288][337]LogDirectoryWatcher: A directory notification for '../../../../../../Users/Aric's PC/Documents/Unreal Projects/CarProject/Content/' was aborted.
[2017.10.15-22.03.17:288][337]LogDirectoryWatcher: A directory notification for '../../../Engine/Plugins/2D/Paper2D/Content/' was aborted.
[2017.10.15-22.03.17:288][337]LogDirectoryWatcher: A directory notification for '../../../Engine/Plugins/Runtime/Oculus/OculusVR/Content/' was aborted.
[2017.10.15-22.03.17:288][337]LogDirectoryWatcher: A directory notification for '../../../Engine/Plugins/Runtime/Steam/SteamVR/Content/' was aborted.
[2017.10.15-22.03.18:543][337]LogExit: Object subsystem successfully closed.
[2017.10.15-22.03.18:643][337]LogD3D11RHI: Shutdown
[2017.10.15-22.03.18:644][337]LogD3D11RHI: CleanupD3DDevice
[2017.10.15-22.03.19:234][337]LogD3D11RHI: ~FD3D11DynamicRHI
[2017.10.15-22.03.19:813][337]LogModuleManager: Shutting down and abandoning module CarProject (543)
[2017.10.15-22.03.19:813][337]LogModuleManager: Shutting down and abandoning module ExternalImagePicker (542)
[2017.10.15-22.03.19:813][337]LogModuleManager: Shutting down and abandoning module MovieSceneCapture (540)
[2017.10.15-22.03.19:813][337]LogModuleManager: Shutting down and abandoning module BlueprintGraph (538)
[2017.10.15-22.03.19:813][337]LogModuleManager: Shutting down and abandoning module BlueprintProfiler (536)
[2017.10.15-22.03.19:816][337]LogModuleManager: Shutting down and abandoning module HierarchicalLODOutliner (534)
[2017.10.15-22.03.19:816][337]LogModuleManager: Shutting down and abandoning module SceneOutliner (532)
[2017.10.15-22.03.19:821][337]LogModuleManager: Shutting down and abandoning module AddContentDialog (530)
[2017.10.15-22.03.19:829][337]LogDirectoryWatcher: A directory notification for 'C:/Program Files/Epic Games/UE_4.17/FeaturePacks/' was aborted.
[2017.10.15-22.03.19:875][337]LogModuleManager: Shutting down and abandoning module WidgetCarousel (529)
[2017.10.15-22.03.19:875][337]LogModuleManager: Shutting down and abandoning module EditorWidgets (526)
[2017.10.15-22.03.19:875][337]LogModuleManager: Shutting down and abandoning module CollectionManager (524)
[2017.10.15-22.03.19:876][337]LogDirectoryWatcher: A directory notification for 'C:/Users/Aric's PC/Documents/Unreal Projects/CarProject/Content/Collections/' was aborted.
[2017.10.15-22.03.19:876][337]LogDirectoryWatcher: A directory notification for 'C:/Users/Aric's PC/Documents/Unreal Projects/CarProject/Content/Developers/AricsPC/Collections/' was aborted.
[2017.10.15-22.03.19:877][337]LogDirectoryWatcher: A directory notification for 'C:/Users/Aric's PC/Documents/Unreal Projects/CarProject/Saved/Collections/' was aborted.
[2017.10.15-22.03.19:877][337]LogModuleManager: Shutting down and abandoning module StatsViewer (522)
[2017.10.15-22.03.19:899][337]LogModuleManager: Shutting down and abandoning module FoliageEdit (520)
[2017.10.15-22.03.19:899][337]LogModuleManager: Shutting down and abandoning module LandscapeEditor (518)
[2017.10.15-22.03.19:912][337]LogModuleManager: Shutting down and abandoning module MeshPaintMode (516)
[2017.10.15-22.03.19:912][337]LogModuleManager: Shutting down and abandoning module SceneDepthPickerMode (514)
[2017.10.15-22.03.19:913][337]LogModuleManager: Shutting down and abandoning module ActorPickerMode (512)
[2017.10.15-22.03.19:913][337]LogModuleManager: Shutting down and abandoning module GeometryMode (510)
[2017.10.15-22.03.19:913][337]LogModuleManager: Shutting down and abandoning module TextureAlignMode (508)
[2017.10.15-22.03.19:913][337]LogModuleManager: Shutting down and abandoning module BspMode (506)
[2017.10.15-22.03.19:925][337]LogModuleManager: Shutting down and abandoning module PIEPreviewDeviceProfileSelector (504)
[2017.10.15-22.03.19:925][337]LogModuleManager: Shutting down and abandoning module HardwareSurvey (502)
[2017.10.15-22.03.19:925][337]LogModuleManager: Shutting down and abandoning module SequenceRecorderSections (500)
[2017.10.15-22.03.19:926][337]LogModuleManager: Shutting down and abandoning module AutomationWorker (498)
[2017.10.15-22.03.19:926][337]LogModuleManager: Shutting down and abandoning module MatineeToLevelSequence (496)
[2017.10.15-22.03.19:937][337]LogModuleManager: Shutting down and abandoning module LevelSequenceEditor (494)
[2017.10.15-22.03.19:969][337]LogModuleManager: Shutting down and abandoning module PlacementMode (493)
[2017.10.15-22.03.19:969][337]LogModuleManager: Shutting down and abandoning module WmfMediaFactory (490)
[2017.10.15-22.03.19:969][337]LogModuleManager: Shutting down and abandoning module WmfMediaEditor (488)
[2017.10.15-22.03.19:969][337]LogModuleManager: Shutting down and abandoning module AvfMediaFactory (486)
[2017.10.15-22.03.19:969][337]LogModuleManager: Shutting down and abandoning module AvfMediaEditor (484)
[2017.10.15-22.03.19:969][337]LogModuleManager: Shutting down and abandoning module AndroidMediaFactory (482)
[2017.10.15-22.03.19:969][337]LogModuleManager: Shutting down and abandoning module Media (481)
[2017.10.15-22.03.19:969][337]LogModuleManager: Shutting down and abandoning module AndroidMediaEditor (478)
[2017.10.15-22.03.19:969][337]LogModuleManager: Shutting down and abandoning module CharacterAI (476)
[2017.10.15-22.03.19:969][337]LogModuleManager: Shutting down and abandoning module AudioCapture (474)
[2017.10.15-22.03.19:969][337]LogModuleManager: Shutting down and abandoning module SequenceRecorder (473)
[2017.10.15-22.03.19:983][337]LogModuleManager: Shutting down and abandoning module SmartSnapping (470)
[2017.10.15-22.03.19:983][337]LogModuleManager: Shutting down and abandoning module SessionServices (468)
[2017.10.15-22.03.19:983][337]LogModuleManager: Shutting down and abandoning module ViewportSnapping (466)
[2017.10.15-22.03.19:983][337]LogModuleManager: Shutting down and abandoning module ViewportInteraction (464)
[2017.10.15-22.03.19:983][337]LogModuleManager: Shutting down and abandoning module ClothPainter (462)
[2017.10.15-22.03.19:986][337]LogModuleManager: Shutting down and abandoning module LogVisualizer (460)
[2017.10.15-22.03.20:002][337]LogModuleManager: Shutting down and abandoning module IntroTutorials (458)
[2017.10.15-22.03.20:027][337]LogModuleManager: Shutting down and abandoning module GameProjectGeneration (457)
[2017.10.15-22.03.20:029][337]LogModuleManager: Shutting down and abandoning module IOSPlatformEditor (454)
[2017.10.15-22.03.20:029][337]LogModuleManager: Shutting down and abandoning module HTML5PlatformEditor (452)
[2017.10.15-22.03.20:029][337]LogModuleManager: Shutting down and abandoning module AndroidPlatformEditor (450)
[2017.10.15-22.03.20:030][337]LogModuleManager: Shutting down and abandoning module AndroidDeviceDetection (449)
[2017.10.15-22.03.20:592][337]LogModuleManager: Shutting down and abandoning module WindowsPlatformEditor (446)
[2017.10.15-22.03.20:592][337]LogModuleManager: Shutting down and abandoning module IOSRuntimeSettings (444)
[2017.10.15-22.03.20:592][337]LogModuleManager: Shutting down and abandoning module AndroidRuntimeSettings (442)
[2017.10.15-22.03.20:592][337]LogModuleManager: Shutting down and abandoning module InputBindingEditor (440)
[2017.10.15-22.03.20:606][337]LogModuleManager: Shutting down and abandoning module MergeActors (438)
[2017.10.15-22.03.20:611][337]LogModuleManager: Shutting down and abandoning module SizeMap (436)
[2017.10.15-22.03.20:611][337]LogModuleManager: Shutting down and abandoning module TreeMap (434)
[2017.10.15-22.03.20:613][337]LogModuleManager: Shutting down and abandoning module ReferenceViewer (432)
[2017.10.15-22.03.20:613][337]LogModuleManager: Shutting down and abandoning module LocalizationDashboard (430)
[2017.10.15-22.03.20:625][337]LogModuleManager: Shutting down and abandoning module LocalizationService (429)
[2017.10.15-22.03.20:626][337]LogModuleManager: Shutting down and abandoning module HardwareTargeting (426)
[2017.10.15-22.03.20:626][337]LogModuleManager: Shutting down and abandoning module DeviceProfileEditor (424)
[2017.10.15-22.03.20:631][337]LogModuleManager: Shutting down and abandoning module UndoHistory (422)
[2017.10.15-22.03.20:631][337]LogModuleManager: Shutting down and abandoning module XmlParser (420)
[2017.10.15-22.03.20:632][337]LogModuleManager: Shutting down and abandoning module Blutility (418)
[2017.10.15-22.03.20:632][337]LogModuleManager: Shutting down and abandoning module ProjectSettingsViewer (416)
[2017.10.15-22.03.20:632][337]LogModuleManager: Shutting down and abandoning module ProjectTargetPlatformEditor (415)
[2017.10.15-22.03.20:633][337]LogModuleManager: Shutting down and abandoning module EditorSettingsViewer (412)
[2017.10.15-22.03.20:633][337]LogModuleManager: Shutting down and abandoning module SettingsEditor (410)
[2017.10.15-22.03.20:633][337]LogModuleManager: Shutting down and abandoning module ProjectLauncher (408)
[2017.10.15-22.03.20:639][337]LogModuleManager: Shutting down and abandoning module SessionFrontend (406)
[2017.10.15-22.03.20:643][337]LogModuleManager: Shutting down and abandoning module ProfilerClient (404)
[2017.10.15-22.03.20:653][337]LogModuleManager: Shutting down and abandoning module DeviceManager (402)
[2017.10.15-22.03.20:663][337]LogModuleManager: Shutting down and abandoning module TargetDeviceServices (401)
[2017.10.15-22.03.20:718][337]LogModuleManager: Shutting down and abandoning module AutomationController (398)
[2017.10.15-22.03.20:734][337]LogModuleManager: Shutting down and abandoning module AutomationWindow (396)
[2017.10.15-22.03.20:766][337]LogModuleManager: Shutting down and abandoning module Layers (394)
[2017.10.15-22.03.20:796][337]LogModuleManager: Shutting down and abandoning module ComponentVisualizers (392)
[2017.10.15-22.03.20:796][337]LogModuleManager: Shutting down and abandoning module DetailCustomizations (390)
[2017.10.15-22.03.20:797][337]LogModuleManager: Shutting down and abandoning module PackagesDialog (388)
[2017.10.15-22.03.20:797][337]LogModuleManager: Shutting down and abandoning module Persona (386)
[2017.10.15-22.03.20:815][337]LogModuleManager: Shutting down and abandoning module AdvancedPreviewScene (385)
[2017.10.15-22.03.20:816][337]LogModuleManager: Shutting down and abandoning module AnimGraph (383)
[2017.10.15-22.03.20:816][337]LogModuleManager: Shutting down and abandoning module Kismet (380)
[2017.10.15-22.03.20:837][337]LogModuleManager: Shutting down and abandoning module ClassViewer (378)
[2017.10.15-22.03.20:837][337]LogModuleManager: Shutting down and abandoning module Toolbox (376)
[2017.10.15-22.03.20:838][337]LogModuleManager: Shutting down and abandoning module ModuleUI (374)
[2017.10.15-22.03.20:848][337]LogModuleManager: Shutting down and abandoning module MovieSceneTools (372)
[2017.10.15-22.03.20:870][337]LogModuleManager: Shutting down and abandoning module OutputLog (370)
[2017.10.15-22.03.20:875][337]LogModuleManager: Shutting down and abandoning module GammaUI (368)
[2017.10.15-22.03.20:876][337]LogModuleManager: Shutting down and abandoning module Documentation (366)
[2017.10.15-22.03.20:881][337]LogModuleManager: Shutting down and abandoning module MovieSceneTracks (364)
[2017.10.15-22.03.20:881][337]LogModuleManager: Shutting down and abandoning module MovieScene (362)
[2017.10.15-22.03.20:882][337]LogModuleManager: Shutting down and abandoning module Niagara (360)
[2017.10.15-22.03.20:882][337]LogModuleManager: Shutting down and abandoning module NiagaraEditor (359)
[2017.10.15-22.03.20:918][337]LogModuleManager: Shutting down and abandoning module StreamingPauseRendering (356)
[2017.10.15-22.03.20:918][337]LogModuleManager: Shutting down and abandoning module LauncherPlatform (354)
[2017.10.15-22.03.20:918][337]LogModuleManager: Shutting down and abandoning module AnalyticsET (352)
[2017.10.15-22.03.20:918][337]LogModuleManager: Shutting down and abandoning module PortalServices (350)
[2017.10.15-22.03.20:918][337]LogModuleManager: Shutting down and abandoning module PortalRpc (348)
[2017.10.15-22.03.20:918][337]LogModuleManager: Shutting down and abandoning module MessagingRpc (346)
[2017.10.15-22.03.20:918][337]LogModuleManager: Shutting down and abandoning module AIModule (344)
[2017.10.15-22.03.20:918][337]LogModuleManager: Shutting down and abandoning module GameplayDebugger (343)
[2017.10.15-22.03.20:919][337]LogModuleManager: Shutting down and abandoning module AITestSuite (341)
[2017.10.15-22.03.20:927][337]LogModuleManager: Shutting down and abandoning module ProfilerService (338)
[2017.10.15-22.03.21:128][337]LogModuleManager: Shutting down and abandoning module TaskGraph (336)
[2017.10.15-22.03.21:149][337]LogModuleManager: Shutting down and abandoning module SteamVRController (334)
[2017.10.15-22.03.21:149][337]LogModuleManager: Shutting down and abandoning module ProceduralMeshComponentEditor (332)
[2017.10.15-22.03.21:150][337]LogModuleManager: Shutting down and abandoning module ProceduralMeshComponent (330)
[2017.10.15-22.03.21:150][337]LogModuleManager: Shutting down and abandoning module OculusInput (328)
[2017.10.15-22.03.21:150][337]LogModuleManager: Shutting down and abandoning module MobilePatchingUtils (326)
[2017.10.15-22.03.21:150][337]LogModuleManager: Shutting down and abandoning module CustomMeshComponent (324)
[2017.10.15-22.03.21:150][337]LogModuleManager: Shutting down and abandoning module CableComponent (322)
[2017.10.15-22.03.21:159][337]LogModuleManager: Shutting down and abandoning module ArchVisCharacter (320)
[2017.10.15-22.03.21:159][337]LogModuleManager: Shutting down and abandoning module AndroidPermission (318)
[2017.10.15-22.03.21:159][337]LogModuleManager: Shutting down and abandoning module MediaPlayerEditor (314)
[2017.10.15-22.03.21:163][337]LogModuleManager: Shutting down and abandoning module RawInput (312)
[2017.10.15-22.03.21:165][337]LogModuleManager: Shutting down and abandoning module HTML5Networking (310)
[2017.10.15-22.03.21:165][337]LogModuleManager: Shutting down and abandoning module AlembicImporter (308)
[2017.10.15-22.03.21:173][337]LogModuleManager: Shutting down and abandoning module AlembicLibrary (307)
[2017.10.15-22.03.21:173][337]LogModuleManager: Shutting down and abandoning module GeometryCache (306)
[2017.10.15-22.03.21:173][337]LogModuleManager: Shutting down and abandoning module GeometryCacheEd (305)
[2017.10.15-22.03.21:173][337]LogModuleManager: Shutting down and abandoning module SpeedTreeImporter (300)
[2017.10.15-22.03.21:173][337]LogModuleManager: Shutting down and abandoning module PluginBrowser (298)
[2017.10.15-22.03.21:193][337]LogModuleManager: Shutting down and abandoning module MobileLauncherProfileWizard (296)
[2017.10.15-22.03.21:208][337]LogModuleManager: Shutting down and abandoning module VisualStudioSourceCodeAccess (294)
[2017.10.15-22.03.21:209][337]LogModuleManager: Shutting down and abandoning module DesktopPlatform (293)
[2017.10.15-22.03.21:217][337]LogModuleManager: Shutting down and abandoning module UObjectPlugin (290)
[2017.10.15-22.03.21:217][337]LogModuleManager: Shutting down and abandoning module SubversionSourceControl (288)
[2017.10.15-22.03.21:229][337]LogModuleManager: Shutting down and abandoning module PerforceSourceControl (286)
[2017.10.15-22.03.21:244][337]LogModuleManager: Shutting down and abandoning module GitSourceControl (284)
[2017.10.15-22.03.21:259][337]LogModuleManager: Shutting down and abandoning module SourceControl (283)
[2017.10.15-22.03.21:261][337]LogModuleManager: Shutting down and abandoning module LightPropagationVolumeEditor (280)
[2017.10.15-22.03.21:261][337]LogModuleManager: Shutting down and abandoning module PaperTiledImporter (278)
[2017.10.15-22.03.21:263][337]LogModuleManager: Shutting down and abandoning module PaperSpriteSheetImporter (276)
[2017.10.15-22.03.21:263][337]LogModuleManager: Shutting down and abandoning module Paper2DEditor (274)
[2017.10.15-22.03.21:276][337]LogModuleManager: Shutting down and abandoning module MeshPaint (273)
[2017.10.15-22.03.21:281][337]LogModuleManager: Shutting down and abandoning module LevelEditor (271)
[2017.10.15-22.03.21:285][337]LogModuleManager: Shutting down and abandoning module PixelInspectorModule (270)
[2017.10.15-22.03.21:319][337]LogModuleManager: Shutting down and abandoning module MainFrame (268)
[2017.10.15-22.03.21:319][337]LogModuleManager: Shutting down and abandoning module HotReload (267)
[2017.10.15-22.03.21:319][337]LogDirectoryWatcher: A directory notification for 'C:/Users/Aric's PC/Documents/Unreal Projects/CarProject/Binaries/Win64' was aborted.
[2017.10.15-22.03.21:321][337]LogModuleManager: Shutting down and abandoning module RuntimePhysXCooking (260)
[2017.10.15-22.03.21:321][337]LogModuleManager: Shutting down and abandoning module PhysXVehiclesEditor (258)
[2017.10.15-22.03.21:321][337]LogModuleManager: Shutting down and abandoning module PhysXVehicles (256)
[2017.10.15-22.03.21:321][337]LogModuleManager: Shutting down and abandoning module OculusEditor (254)
[2017.10.15-22.03.21:321][337]LogModuleManager: Shutting down and abandoning module LocationServicesBPLibrary (252)
[2017.10.15-22.03.21:321][337]LogModuleManager: Shutting down and abandoning module ImmediatePhysicsEditor (250)
[2017.10.15-22.03.21:321][337]LogModuleManager: Shutting down and abandoning module ImmediatePhysics (248)
[2017.10.15-22.03.21:334][337]LogModuleManager: Shutting down and abandoning module UdpMessaging (246)
[2017.10.15-22.03.21:435][337]LogModuleManager: Shutting down and abandoning module TcpMessaging (244)
[2017.10.15-22.03.21:548][337]LogModuleManager: Shutting down and abandoning module GameplayTagsEditor (242)
[2017.10.15-22.03.21:548][337]LogModuleManager: Shutting down and abandoning module FacialAnimationEditor (240)
[2017.10.15-22.03.21:548][337]LogModuleManager: Shutting down and abandoning module FacialAnimation (238)
[2017.10.15-22.03.21:548][337]LogModuleManager: Shutting down and abandoning module AssetManagerEditor (236)
[2017.10.15-22.03.21:554][337]LogModuleManager: Shutting down and abandoning module GraphEditor (235)
[2017.10.15-22.03.21:554][337]LogModuleManager: Shutting down and abandoning module ContentBrowser (233)
[2017.10.15-22.03.21:557][337]LogModuleManager: Shutting down and abandoning module LightPropagationVolumeRuntime (230)
[2017.10.15-22.03.21:557][337]LogModuleManager: Shutting down and abandoning module Paper2D (228)
[2017.10.15-22.03.21:562][337]LogModuleManager: Shutting down and abandoning module WindowsMoviePlayer (226)
[2017.10.15-22.03.21:562][337]LogModuleManager: Shutting down and abandoning module WmfMedia (224)
[2017.10.15-22.03.21:576][337]LogModuleManager: Shutting down and abandoning module PacketHandler (222)
[2017.10.15-22.03.21:576][337]LogModuleManager: Shutting down and abandoning module ClothingSystemEditor (220)
[2017.10.15-22.03.21:576][337]LogModuleManager: Shutting down and abandoning module ClothingSystemRuntime (218)
[2017.10.15-22.03.21:577][337]LogModuleManager: Shutting down and abandoning module Overlay (216)
[2017.10.15-22.03.21:577][337]LogModuleManager: Shutting down and abandoning module OverlayEditor (215)
[2017.10.15-22.03.21:577][337]LogModuleManager: Shutting down and abandoning module MediaAssets (212)
[2017.10.15-22.03.21:578][337]LogModuleManager: Shutting down and abandoning module VREditor (210)
[2017.10.15-22.03.21:596][337]LogModuleManager: Shutting down and abandoning module StringTableEditor (208)
[2017.10.15-22.03.21:597][337]LogModuleManager: Shutting down and abandoning module GameplayTasksEditor (206)
[2017.10.15-22.03.21:597][337]LogModuleManager: Shutting down and abandoning module BehaviorTreeEditor (204)
[2017.10.15-22.03.21:627][337]LogModuleManager: Shutting down and abandoning module FunctionalTesting (202)
[2017.10.15-22.03.21:627][337]LogModuleManager: Shutting down and abandoning module CollisionAnalyzer (200)
[2017.10.15-22.03.21:638][337]LogModuleManager: Shutting down and abandoning module WorkspaceMenuStructure (199)
[2017.10.15-22.03.21:638][337]LogModuleManager: Shutting down and abandoning module UMG (196)
[2017.10.15-22.03.21:652][337]LogModuleManager: Shutting down and abandoning module UMGEditor (195)
[2017.10.15-22.03.21:655][337]LogModuleManager: Shutting down and abandoning module Sequencer (194)
[2017.10.15-22.03.21:668][337]LogModuleManager: Shutting down and abandoning module MessageLog (191)
[2017.10.15-22.03.21:668][337]LogModuleManager: Shutting down and abandoning module SlateReflector (186)
[2017.10.15-22.03.21:700][337]LogModuleManager: Shutting down and abandoning module Slate (184)
[2017.10.15-22.03.21:700][337]LogModuleManager: Shutting down and abandoning module EditorStyle (182)
[2017.10.15-22.03.21:711][337]LogModuleManager: Shutting down and abandoning module MRMesh (180)
[2017.10.15-22.03.21:712][337]LogModuleManager: Shutting down and abandoning module SourceCodeAccess (178)
[2017.10.15-22.03.21:712][337]LogModuleManager: Shutting down and abandoning module HeadMountedDisplay (176)
[2017.10.15-22.03.21:712][337]LogModuleManager: Shutting down and abandoning module XAudio2 (174)
[2017.10.15-22.03.21:712][337]LogModuleManager: Shutting down and abandoning module Networking (172)
[2017.10.15-22.03.21:712][337]LogModuleManager: Shutting down and abandoning module Core (168)
[2017.10.15-22.03.21:712][337]LogModuleManager: Shutting down and abandoning module KismetCompiler (164)
[2017.10.15-22.03.21:712][337]LogModuleManager: Shutting down and abandoning module LevelSequence (162)
[2017.10.15-22.03.21:712][337]LogModuleManager: Shutting down and abandoning module MeshUtilities (160)
[2017.10.15-22.03.21:721][337]LogModuleManager: Shutting down and abandoning module MeshMergeUtilities (159)
[2017.10.15-22.03.21:728][337]LogModuleManager: Shutting down and abandoning module MeshReductionInterface (158)
[2017.10.15-22.03.21:728][337]LogModuleManager: Shutting down and abandoning module SimplygonSwarm (157)
[2017.10.15-22.03.21:735][337]LogModuleManager: Shutting down and abandoning module SimplygonMeshReduction (155)
[2017.10.15-22.03.21:736][337]LogModuleManager: Shutting down and abandoning module QuadricMeshReduction (153)
[2017.10.15-22.03.21:737][337]LogModuleManager: Shutting down and abandoning module MaterialBaking (149)
[2017.10.15-22.03.21:748][337]LogModuleManager: Shutting down and abandoning module DirectoryWatcher (146)
[2017.10.15-22.03.21:771][337]LogModuleManager: Shutting down and abandoning module DerivedDataCache (144)
[2017.10.15-22.03.21:784][337]LogDerivedDataCache: Shutdown
[2017.10.15-22.03.21:784][337]LogModuleManager: Shutting down and abandoning module TargetPlatform (142)
[2017.10.15-22.03.21:784][337]LogModuleManager: Shutting down and abandoning module VulkanShaderFormat (141)
[2017.10.15-22.03.21:799][337]LogModuleManager: Shutting down and abandoning module ShaderFormatVectorVM (139)
[2017.10.15-22.03.21:804][337]LogModuleManager: Shutting down and abandoning module ShaderFormatOpenGL (137)
[2017.10.15-22.03.21:815][337]LogModuleManager: Shutting down and abandoning module ShaderFormatD3D (135)
[2017.10.15-22.03.21:816][337]LogModuleManager: Shutting down and abandoning module MetalShaderFormat (133)
[2017.10.15-22.03.21:835][337]LogModuleManager: Shutting down and abandoning module TextureFormatUncompressed (131)
[2017.10.15-22.03.21:835][337]LogModuleManager: Shutting down and abandoning module TextureFormatPVR (129)
[2017.10.15-22.03.21:835][337]LogModuleManager: Shutting down and abandoning module TextureFormatDXT (127)
[2017.10.15-22.03.21:836][337]LogModuleManager: Shutting down and abandoning module TextureFormatIntelISPCTexComp (125)
[2017.10.15-22.03.21:837][337]LogModuleManager: Shutting down and abandoning module TextureFormatASTC (123)
[2017.10.15-22.03.21:837][337]LogModuleManager: Shutting down and abandoning module ImageWrapper (122)
[2017.10.15-22.03.21:837][337]LogModuleManager: Shutting down and abandoning module TextureFormatAndroid (119)
[2017.10.15-22.03.21:837][337]LogModuleManager: Shutting down and abandoning module AudioFormatOpus (117)
[2017.10.15-22.03.21:837][337]LogModuleManager: Shutting down and abandoning module AudioFormatOgg (115)
[2017.10.15-22.03.21:838][337]LogModuleManager: Shutting down and abandoning module AudioFormatADPCM (113)
[2017.10.15-22.03.21:838][337]LogModuleManager: Shutting down and abandoning module LinuxTargetPlatform (111)
[2017.10.15-22.03.21:839][337]LogModuleManager: Shutting down and abandoning module LinuxServerTargetPlatform (109)
[2017.10.15-22.03.21:839][337]LogModuleManager: Shutting down and abandoning module LinuxNoEditorTargetPlatform (107)
[2017.10.15-22.03.21:839][337]LogModuleManager: Shutting down and abandoning module LinuxClientTargetPlatform (105)
[2017.10.15-22.03.21:840][337]LogModuleManager: Shutting down and abandoning module TVOSTargetPlatform (103)
[2017.10.15-22.03.21:840][337]LogModuleManager: Shutting down and abandoning module Messaging (101)
[2017.10.15-22.03.21:840][337]LogModuleManager: Shutting down and abandoning module IOSTargetPlatform (99)
[2017.10.15-22.03.21:840][337]LogModuleManager: Shutting down and abandoning module HTML5TargetPlatform (97)
[2017.10.15-22.03.21:840][337]LogModuleManager: Shutting down and abandoning module Android_PVRTCTargetPlatform (95)
[2017.10.15-22.03.21:840][337]LogModuleManager: Shutting down and abandoning module Android_MultiTargetPlatform (93)
[2017.10.15-22.03.21:840][337]LogModuleManager: Shutting down and abandoning module Android_ETC2TargetPlatform (91)
[2017.10.15-22.03.21:840][337]LogModuleManager: Shutting down and abandoning module Android_ETC1TargetPlatform (89)
[2017.10.15-22.03.21:840][337]LogModuleManager: Shutting down and abandoning module Android_DXTTargetPlatform (87)
[2017.10.15-22.03.21:840][337]LogModuleManager: Shutting down and abandoning module Android_ATCTargetPlatform (85)
[2017.10.15-22.03.21:840][337]LogModuleManager: Shutting down and abandoning module Android_ASTCTargetPlatform (83)
[2017.10.15-22.03.21:840][337]LogModuleManager: Shutting down and abandoning module AndroidTargetPlatform (81)
[2017.10.15-22.03.21:840][337]LogModuleManager: Shutting down and abandoning module WindowsTargetPlatform (79)
[2017.10.15-22.03.21:840][337]LogModuleManager: Shutting down and abandoning module WindowsServerTargetPlatform (77)
[2017.10.15-22.03.21:841][337]LogModuleManager: Shutting down and abandoning module WindowsNoEditorTargetPlatform (75)
[2017.10.15-22.03.21:841][337]LogModuleManager: Shutting down and abandoning module WindowsClientTargetPlatform (73)
[2017.10.15-22.03.21:841][337]LogModuleManager: Shutting down and abandoning module MacTargetPlatform (71)
[2017.10.15-22.03.21:841][337]LogModuleManager: Shutting down and abandoning module MacServerTargetPlatform (69)
[2017.10.15-22.03.21:841][337]LogModuleManager: Shutting down and abandoning module MacNoEditorTargetPlatform (67)
[2017.10.15-22.03.21:841][337]LogModuleManager: Shutting down and abandoning module MacClientTargetPlatform (65)
[2017.10.15-22.03.21:841][337]LogModuleManager: Shutting down and abandoning module AllDesktopTargetPlatform (63)
[2017.10.15-22.03.21:841][337]LogModuleManager: Shutting down and abandoning module InputCore (60)
[2017.10.15-22.03.21:841][337]LogModuleManager: Shutting down and abandoning module Settings (58)
[2017.10.15-22.03.21:841][337]LogModuleManager: Shutting down and abandoning module PhysXCooking (56)
[2017.10.15-22.03.21:841][337]LogModuleManager: Shutting down and abandoning module SteamVR (54)
[2017.10.15-22.03.21:841][337]LogModuleManager: Shutting down and abandoning module OculusHMD (52)
[2017.10.15-22.03.21:845][337]LogModuleManager: Shutting down and abandoning module ExampleDeviceProfileSelector (50)
[2017.10.15-22.03.21:845][337]LogModuleManager: Shutting down and abandoning module OnlineBlueprintSupport (48)
[2017.10.15-22.03.21:845][337]LogModuleManager: Shutting down and abandoning module OnlineSubsystem (44)
[2017.10.15-22.03.21:845][337]LogOnline: Display: Unloading online subsystem: NULL
[2017.10.15-22.03.21:872][337]LogModuleManager: Shutting down and abandoning module XMPP (43)
[2017.10.15-22.03.21:874][337]LogModuleManager: Shutting down and abandoning module HTTP (41)
[2017.10.15-22.03.21:874][337]LogHttp: Display: Http module shutting down, but needs to wait on 1 outstanding Http requests:
[2017.10.15-22.03.21:875][337]LogHttp: Display: 	verb=[POST] url=[https://datarouter.ol.epicgames.com/datarouter/api/v1/public/data?SessionID=%7B4DA31095-4E72-D586-6A28-3C8B207D786D%7D&AppID=UEEditor.Rocket.Release&AppVersion=4.17.2-3658906%2B%2B%2BUE4%2BRelease-4.17&UserID=cd1f60b7479b32bd24c174b1375c1b70%7C4ba7aa541e964517b0d99766beec29d1%7Cb30741d6-520e-4fea-be44-def22d0e3946&AppEnvironment=datacollector-binary&UploadType=eteventstream] status=Processing
[2017.10.15-22.03.21:906][337]LogModuleManager: Shutting down and abandoning module SSL (40)
[2017.10.15-22.03.21:913][337]LogModuleManager: Shutting down and abandoning module AnimationModifiers (36)
[2017.10.15-22.03.21:927][337]LogModuleManager: Shutting down and abandoning module PropertyEditor (35)
[2017.10.15-22.03.21:928][337]LogModuleManager: Shutting down and abandoning module AudioEditor (32)
[2017.10.15-22.03.21:932][337]LogModuleManager: Shutting down and abandoning module TextureCompressor (30)
[2017.10.15-22.03.21:933][337]LogModuleManager: Shutting down and abandoning module ShaderCore (28)
[2017.10.15-22.03.21:933][337]LogModuleManager: Shutting down and abandoning module Landscape (26)
[2017.10.15-22.03.21:933][337]LogModuleManager: Shutting down and abandoning module SlateRHIRenderer (24)
[2017.10.15-22.03.21:955][337]LogModuleManager: Shutting down and abandoning module OpenGLDrv (22)
[2017.10.15-22.03.21:956][337]LogModuleManager: Shutting down and abandoning module D3D11RHI (20)
[2017.10.15-22.03.21:957][337]LogModuleManager: Shutting down and abandoning module AnimGraphRuntime (18)
[2017.10.15-22.03.21:957][337]LogModuleManager: Shutting down and abandoning module Renderer (16)
[2017.10.15-22.03.21:957][337]LogModuleManager: Shutting down and abandoning module Engine (14)
[2017.10.15-22.03.21:957][337]LogModuleManager: Shutting down and abandoning module CoreUObject (12)
[2017.10.15-22.03.21:957][337]LogModuleManager: Shutting down and abandoning module NetworkFile (10)
[2017.10.15-22.03.21:958][337]LogModuleManager: Shutting down and abandoning module CookedIterativeFile (8)
[2017.10.15-22.03.21:958][337]LogModuleManager: Shutting down and abandoning module StreamingFile (6)
[2017.10.15-22.03.21:959][337]LogModuleManager: Shutting down and abandoning module SandboxFile (4)
[2017.10.15-22.03.21:959][337]LogModuleManager: Shutting down and abandoning module PakFile (2)
[2017.10.15-22.03.21:983][337]LogExit: Exiting.
[2017.10.15-22.03.22:028][337]Log file closed, 10/15/17 18:03:22
