Log file open, 10/11/17 18:37:18
LogWindows: Failed to load 'aqProf.dll' (GetLastError=126)
LogWindows: File 'aqProf.dll' does not exist
LogWindows: Failed to load 'VtuneApi.dll' (GetLastError=126)
LogWindows: File 'VtuneApi.dll' does not exist
LogWindows: Failed to load 'VtuneApi32e.dll' (GetLastError=126)
LogWindows: File 'VtuneApi32e.dll' does not exist
LogInit: Display: Running engine for game: CarProject
LogPlatformFile: Not using cached read wrapper
LogInit: Display: RandInit(1145534886) SRandInit(1145534886).
LogTaskGraph: Started task graph with 5 named threads and 14 total threads with 3 sets of task threads.
LogStats: Stats thread started at 2.211242
LogD3D11RHI: Aftermath initialized
LogPluginManager: Mounting plugin Paper2D
LogPluginManager: Mounting plugin LightPropagationVolume
LogPluginManager: Mounting plugin CodeLiteSourceCodeAccess
LogPluginManager: Mounting plugin GitSourceControl
LogPluginManager: Mounting plugin KDevelopSourceCodeAccess
LogPluginManager: Mounting plugin NullSourceCodeAccess
LogPluginManager: Mounting plugin PerforceSourceControl
LogPluginManager: Mounting plugin SubversionSourceControl
LogPluginManager: Mounting plugin UObjectPlugin
LogPluginManager: Mounting plugin VisualStudioSourceCodeAccess
LogPluginManager: Mounting plugin XCodeSourceCodeAccess
LogPluginManager: Mounting plugin AssetManagerEditor
LogPluginManager: Mounting plugin AudioCapture
LogPluginManager: Mounting plugin FacialAnimation
LogPluginManager: Mounting plugin GameplayTagsEditor
LogPluginManager: Mounting plugin MobileLauncherProfileWizard
LogPluginManager: Mounting plugin PluginBrowser
LogPluginManager: Mounting plugin SpeedTreeImporter
LogPluginManager: Mounting plugin AlembicImporter
LogPluginManager: Mounting plugin CharacterAI
LogPluginManager: Mounting plugin HTML5Networking
LogPluginManager: Mounting plugin RawInput
LogPluginManager: Mounting plugin AndroidMedia
LogPluginManager: Mounting plugin AvfMedia
LogPluginManager: Mounting plugin MediaPlayerEditor
LogPluginManager: Mounting plugin WmfMedia
LogPluginManager: Mounting plugin TcpMessaging
LogPluginManager: Mounting plugin UdpMessaging
LogPluginManager: Mounting plugin LevelSequenceEditor
LogPluginManager: Mounting plugin MatineeToLevelSequence
LogPluginManager: Mounting plugin OnlineSubsystemGooglePlay
LogPluginManager: Mounting plugin OnlineSubsystemIOS
LogPluginManager: Mounting plugin OnlineSubsystem
LogPluginManager: Mounting plugin OnlineSubsystemNull
LogPluginManager: Mounting plugin OnlineSubsystemUtils
LogPluginManager: Mounting plugin AndroidDeviceProfileSelector
LogPluginManager: Mounting plugin AndroidMoviePlayer
LogPluginManager: Mounting plugin AndroidPermission
LogPluginManager: Mounting plugin AppleMoviePlayer
LogPluginManager: Mounting plugin ArchVisCharacter
LogPluginManager: Mounting plugin CableComponent
LogPluginManager: Mounting plugin CustomMeshComponent
LogPluginManager: Mounting plugin ExampleDeviceProfileSelector
LogPluginManager: Mounting plugin GoogleCloudMessaging
LogPluginManager: Mounting plugin ImmediatePhysics
LogPluginManager: Mounting plugin IOSDeviceProfileSelector
LogPluginManager: Mounting plugin LinuxDeviceProfileSelector
LogPluginManager: Mounting plugin LocationServicesBPLibrary
LogPluginManager: Mounting plugin MobilePatchingUtils
LogPluginManager: Mounting plugin OculusVR
LogPluginManager: Mounting plugin PhysXVehicles
LogPluginManager: Mounting plugin ProceduralMeshComponent
LogPluginManager: Mounting plugin RuntimePhysXCooking
LogPluginManager: Mounting plugin SteamVR
LogPluginManager: Mounting plugin WindowsMoviePlayer
LogInit: Using libcurl 7.47.1
LogInit:  - built for x86_64-pc-win32
LogInit:  - supports SSL with OpenSSL/1.0.2g
LogInit:  - supports HTTP deflate (compression) using libz 1.2.8
LogInit:  - other features:
LogInit:      CURL_VERSION_SSL
LogInit:      CURL_VERSION_LIBZ
LogInit:      CURL_VERSION_IPV6
LogInit:      CURL_VERSION_ASYNCHDNS
LogInit:      CURL_VERSION_LARGEFILE
LogInit:      CURL_VERSION_IDN
LogInit:  CurlRequestOptions (configurable via config and command line):
LogInit:  - bVerifyPeer = false  - Libcurl will NOT verify peer certificate
LogInit:  - bUseHttpProxy = false  - Libcurl will NOT use HTTP proxy
LogInit:  - bDontReuseConnections = false  - Libcurl will reuse connections
LogInit:  - CertBundlePath = nullptr  - Libcurl will use whatever was configured at build time.
LogInit: Build: ++UE4+Release-4.17-CL-3658906
LogInit: Engine Version: 4.17.2-3658906+++UE4+Release-4.17
LogInit: Compatible Engine Version: 4.17.0-3573198+++UE4+Release-4.17
LogInit: Net CL: 3573198
LogDevObjectVersion: Number of dev versions registered: 16
LogDevObjectVersion:   Dev-Blueprints (B0D832E4-1F89-4F0D-ACCF-7EB736FD4AA2): 10
LogDevObjectVersion:   Dev-Build (E1C64328-A22C-4D53-A36C-8E866417BD8C): 0
LogDevObjectVersion:   Dev-Core (375EC13C-06E4-48FB-B500-84F0262A717E): 2
LogDevObjectVersion:   Dev-Editor (E4B068ED-F494-42E9-A231-DA0B2E46BB41): 20
LogDevObjectVersion:   Dev-Framework (CFFC743F-43B0-4480-9391-14DF171D2073): 28
LogDevObjectVersion:   Dev-Mobile (B02B49B5-BB20-44E9-A304-32B752E40360): 0
LogDevObjectVersion:   Dev-Networking (A4E4105C-59A1-49B5-A7C5-40C4547EDFEE): 0
LogDevObjectVersion:   Dev-Online (39C831C9-5AE6-47DC-9A44-9C173E1C8E7C): 0
LogDevObjectVersion:   Dev-Physics (78F01B33-EBEA-4F98-B9B4-84EACCB95AA2): 0
LogDevObjectVersion:   Dev-Platform (6631380F-2D4D-43E0-8009-CF276956A95A): 0
LogDevObjectVersion:   Dev-Rendering (12F88B9F-8875-4AFC-A67C-D90C383ABD29): 19
LogDevObjectVersion:   Dev-Sequencer (7B5AE74C-D270-4C10-A958-57980B212A5A): 4
LogDevObjectVersion:   Dev-VR (D7296918-1DD6-4BDD-9DE2-64A83CC13884): 0
LogDevObjectVersion:   Dev-LoadTimes (C2A15278-BFE7-4AFE-6C17-90FF531DF755): 1
LogDevObjectVersion:   Private-Geometry (6EACA3D4-40EC-4CC1-B786-8BED09428FC5): 1
LogDevObjectVersion:   Dev-AnimPhys (29E575DD-E0A3-4627-9D10-D276232CDCEA): 7
LogInit: Compiled (64-bit): Sep 22 2017 13:47:16
LogInit: Compiled with Visual C++: 19.00.24215.01
LogInit: Build Configuration: Development
LogInit: Branch Name: ++UE4+Release-4.17
LogInit: Command line:  
LogInit: Base directory: C:/Program Files/Epic Games/UE_4.17/Engine/Binaries/Win64/
LogInit: Installed Engine Build: 1
LogInit: Presizing for max 8388607 objects, including 0 objects not considered by GC, pre-allocating 0 bytes for permanent pool.
LogInit: Object subsystem initialized
[2017.10.11-22.37.29:414][  0]LogInit: Selected Device Profile: [Windows]
[2017.10.11-22.37.29:414][  0]LogInit: Applying CVar settings loaded from the selected device profile: [Windows]
[2017.10.11-22.37.29:548][  0]LogInit: Computer: DESKTOP-I9SMP4L
[2017.10.11-22.37.29:548][  0]LogInit: User: AricsPC
[2017.10.11-22.37.29:548][  0]LogInit: CPU Page size=4096, Cores=4
[2017.10.11-22.37.29:548][  0]LogInit: High frequency timer resolution =2.249997 MHz
[2017.10.11-22.37.29:549][  0]LogMemory: Memory total: Physical=7.9GB (8GB approx)
[2017.10.11-22.37.29:549][  0]LogMemory: Platform Memory Stats for Windows
[2017.10.11-22.37.29:549][  0]LogMemory: Process Physical Memory: 277.08 MB used, 277.08 MB peak
[2017.10.11-22.37.29:549][  0]LogMemory: Process Virtual Memory: 274.07 MB used, 274.07 MB peak
[2017.10.11-22.37.29:549][  0]LogMemory: Physical Memory: 5641.75 MB used,  2423.51 MB free, 8065.26 MB total
[2017.10.11-22.37.29:549][  0]LogMemory: Virtual Memory: 668.19 MB used,  2423.51 MB free, 134217728.00 MB total
[2017.10.11-22.37.32:503][  0]LogInit: Using OS detected language (en-US).
[2017.10.11-22.37.32:503][  0]LogInit: Using OS detected locale (en-US).
[2017.10.11-22.37.32:604][  0]LogTextLocalizationManager: No specific localization for 'en-US' exists, so the 'en' localization will be used.
[2017.10.11-22.37.40:303][  0]LogD3D11RHI: D3D11 adapters:
[2017.10.11-22.37.40:567][  0]LogD3D11RHI:    0. 'NVIDIA GeForce GTX 960M' (Feature Level 11_0)
[2017.10.11-22.37.40:567][  0]LogD3D11RHI:       4064/0/4032 MB DedicatedVideo/DedicatedSystem/SharedSystem, Outputs:1, VendorId:0x10de
[2017.10.11-22.37.40:589][  0]LogD3D11RHI:    1. 'Intel(R) HD Graphics 530' (Feature Level 11_0)
[2017.10.11-22.37.40:589][  0]LogD3D11RHI:       128/0/4032 MB DedicatedVideo/DedicatedSystem/SharedSystem, Outputs:0, VendorId:0x8086
[2017.10.11-22.37.40:595][  0]LogD3D11RHI:    2. 'Microsoft Basic Render Driver' (Feature Level 11_0)
[2017.10.11-22.37.40:595][  0]LogD3D11RHI:       0/0/4032 MB DedicatedVideo/DedicatedSystem/SharedSystem, Outputs:0, VendorId:0x1414
[2017.10.11-22.37.40:595][  0]LogD3D11RHI: Chosen D3D11 Adapter: 0
[2017.10.11-22.37.40:625][  0]LogD3D11RHI: Creating new Direct3DDevice
[2017.10.11-22.37.40:626][  0]LogD3D11RHI:     GPU DeviceId: 0x139b (for the marketing name, search the web for "GPU Device Id")
[2017.10.11-22.37.40:626][  0]LogWindows: EnumDisplayDevices:
[2017.10.11-22.37.40:626][  0]LogWindows:    0. 'Intel(R) HD Graphics 530' (P:1 D:1)
[2017.10.11-22.37.40:628][  0]LogWindows:    1. 'Intel(R) HD Graphics 530' (P:0 D:0)
[2017.10.11-22.37.40:630][  0]LogWindows:    2. 'Intel(R) HD Graphics 530' (P:0 D:0)
[2017.10.11-22.37.40:630][  0]LogWindows: DebugString: PrimaryIsNotTheChoosenAdapter PrimaryIsNotTheChoosenAdapter PrimaryIsNotTheChoosenAdapter FoundDriverCount:0 
[2017.10.11-22.37.40:630][  0]LogD3D11RHI:     Adapter Name: NVIDIA GeForce GTX 960M
[2017.10.11-22.37.40:630][  0]LogD3D11RHI:   Driver Version: Unknown (internal:Unknown, unified:Unknown)
[2017.10.11-22.37.40:631][  0]LogD3D11RHI:      Driver Date: Unknown
[2017.10.11-22.37.40:631][  0]LogRHI: Texture pool is 1361 MB (70% of 1945 MB)
[2017.10.11-22.37.40:749][  0]LogD3D11RHI: Async texture creation enabled
[2017.10.11-22.37.41:052][  0]LogD3D11RHI: GPU Timing Frequency: 1000.000000 (Debug: 2 1)
[2017.10.11-22.37.41:145][  0]LogShaderCompilers: Guid format shader working directory is -21 characters bigger than the processId version (../../../../../../Users/Aric's PC/Documents/Unreal Projects/CarProject/Intermediate/Shaders/WorkingDirectory/20096/).
[2017.10.11-22.37.41:146][  0]LogShaderCompilers: Cleaned the shader compiler working directory 'C:/Users/Aric's PC/AppData/Local/Temp/UnrealShaderWorkingDir/4CF982C746421B1C601A44B91D515660/'.
[2017.10.11-22.37.41:177][  0]LogShaderCompilers: Display: Using Local Shader Compiler.
[2017.10.11-22.37.52:459][  0]LogTemp: Display: Loaded TP AllDesktopTargetPlatform
[2017.10.11-22.37.52:999][  0]LogTemp: Display: Loaded TP MacClientTargetPlatform
[2017.10.11-22.37.53:546][  0]LogTemp: Display: Loaded TP MacNoEditorTargetPlatform
[2017.10.11-22.37.54:078][  0]LogTemp: Display: Loaded TP MacServerTargetPlatform
[2017.10.11-22.37.54:621][  0]LogTemp: Display: Loaded TP MacTargetPlatform
[2017.10.11-22.37.55:168][  0]LogTemp: Display: Loaded TP WindowsClientTargetPlatform
[2017.10.11-22.37.55:656][  0]LogTemp: Display: Loaded TP WindowsNoEditorTargetPlatform
[2017.10.11-22.37.56:125][  0]LogTemp: Display: Loaded TP WindowsServerTargetPlatform
[2017.10.11-22.37.56:623][  0]LogTemp: Display: Loaded TP WindowsTargetPlatform
[2017.10.11-22.37.57:026][  0]LogTemp: Display: Loaded TP AndroidTargetPlatform
[2017.10.11-22.37.57:454][  0]LogTemp: Display: Loaded TP Android_ASTCTargetPlatform
[2017.10.11-22.37.57:879][  0]LogTemp: Display: Loaded TP Android_ATCTargetPlatform
[2017.10.11-22.37.58:305][  0]LogTemp: Display: Loaded TP Android_DXTTargetPlatform
[2017.10.11-22.37.58:742][  0]LogTemp: Display: Loaded TP Android_ETC1TargetPlatform
[2017.10.11-22.37.59:154][  0]LogTemp: Display: Loaded TP Android_ETC2TargetPlatform
[2017.10.11-22.37.59:989][  0]LogTemp: Display: Loaded TP Android_MultiTargetPlatform
[2017.10.11-22.37.59:989][  0]LogTemp: Display: Loaded TP Android_PVRTCTargetPlatform
[2017.10.11-22.38.00:369][  0]LogTemp: Display: Loaded TP HTML5TargetPlatform
[2017.10.11-22.38.01:064][  0]LogTemp: Display: Loaded TP IOSTargetPlatform
[2017.10.11-22.38.01:310][  0]LogTemp: Display: Loaded TP TVOSTargetPlatform
[2017.10.11-22.38.01:767][  0]LogTemp: Display: Loaded TP LinuxClientTargetPlatform
[2017.10.11-22.38.02:210][  0]LogTemp: Display: Loaded TP LinuxNoEditorTargetPlatform
[2017.10.11-22.38.02:624][  0]LogTemp: Display: Loaded TP LinuxServerTargetPlatform
[2017.10.11-22.38.03:034][  0]LogTemp: Display: Loaded TP LinuxTargetPlatform
[2017.10.11-22.38.03:035][  0]LogTargetPlatformManager: Display: Building Assets For Windows
[2017.10.11-22.38.08:737][  0]LogDerivedDataCache: Display: Max Cache Size: 512 MB
[2017.10.11-22.38.10:126][  0]LogDerivedDataCache: Loaded boot cache 1.39s 93MB C:/Users/Aric's PC/AppData/Local/UnrealEngine/4.17/DerivedDataCache/Boot.ddc.
[2017.10.11-22.38.10:126][  0]LogDerivedDataCache: Display: Loaded Boot cache: C:/Users/Aric's PC/AppData/Local/UnrealEngine/4.17/DerivedDataCache/Boot.ddc
[2017.10.11-22.38.10:127][  0]LogDerivedDataCache: FDerivedDataBackendGraph:  Pak pak cache file ../../../../../../Users/Aric's PC/Documents/Unreal Projects/CarProject/DerivedDataCache/DDC.ddp not found, will not use a pak cache.
[2017.10.11-22.38.10:127][  0]LogDerivedDataCache: Unable to find inner node Pak for hierarchical cache Hierarchy.
[2017.10.11-22.38.10:127][  0]LogDerivedDataCache: FDerivedDataBackendGraph:  CompressedPak pak cache file ../../../../../../Users/Aric's PC/Documents/Unreal Projects/CarProject/DerivedDataCache/Compressed.ddp not found, will not use a pak cache.
[2017.10.11-22.38.10:127][  0]LogDerivedDataCache: Unable to find inner node CompressedPak for hierarchical cache Hierarchy.
[2017.10.11-22.38.10:252][  0]LogDerivedDataCache: Display: Pak cache opened for reading ../../../Engine/DerivedDataCache/Compressed.ddp.
[2017.10.11-22.38.10:267][  0]LogDerivedDataCache: Using Local data cache path C:/Users/Aric's PC/AppData/Local/UnrealEngine/Common/DerivedDataCache: Writable
[2017.10.11-22.38.10:632][  0]LogMaterial: Verifying Global Shaders for PCD3D_SM5
[2017.10.11-22.38.10:678][  0]LogSlate: Using Freetype 2.6.0
[2017.10.11-22.38.10:705][  0]LogSlate: SlateFontCache - WITH_FREETYPE: 1, WITH_HARFBUZZ: 1
[2017.10.11-22.38.10:705][  0]LogSlate: SlateFontCache - WITH_FREETYPE: 1, WITH_HARFBUZZ: 1
[2017.10.11-22.38.15:247][  0]LogAssetRegistry: FAssetRegistry took 0.0425 seconds to start up
[2017.10.11-22.38.16:816][  0]LogInit: Selected Device Profile: [Windows]
[2017.10.11-22.38.19:705][  0]LogContentStreaming: Texture pool size is 0.00 MB
[2017.10.11-22.38.22:201][  0]LogSimplygon: Simplygon DLL not present - disabling.
[2017.10.11-22.38.22:599][  0]LogMeshReduction: Using SimplygonSwarm for distributed automatic mesh merging
[2017.10.11-22.38.22:600][  0]LogMeshReduction: Using QuadricMeshReduction for automatic static mesh reduction
[2017.10.11-22.38.22:600][  0]LogMeshReduction: No automatic skeletal mesh reduction module available
[2017.10.11-22.38.22:600][  0]LogMeshReduction: No automatic mesh merging module available
[2017.10.11-22.38.22:600][  0]LogMeshMerging: No automatic mesh merging module available
[2017.10.11-22.38.27:546][  0]LogNetVersion: CarProject , NetCL: 3573198, EngineNetVer: 2, GameNetVer: 0 (Checksum: 3093238724)
[2017.10.11-22.38.31:657][  0]LogPackageLocalizationCache: Processed 5 localized package path(s) for 2 prioritized culture(s) in 0.947588 seconds
[2017.10.11-22.38.31:686][  0]LogUObjectArray: 35825 objects as part of root set at end of initial load.
[2017.10.11-22.38.31:686][  0]LogUObjectAllocator: 7529104 out of 0 bytes used by permanent object pool.
[2017.10.11-22.38.31:686][  0]LogUObjectArray: CloseDisregardForGC: 0/0 objects in disregard for GC pool
[2017.10.11-22.38.32:203][  0]LogInit: WinSock: version 1.1 (2.2), MaxSocks=32767, MaxUdp=65467
[2017.10.11-22.39.06:018][  0]LogTcpMessaging: Initializing TcpMessaging bridge
[2017.10.11-22.39.06:300][  0]LogUdpMessaging: Initializing bridge on interface 0.0.0.0:0 to multicast group 230.0.0.1:6666.
[2017.10.11-22.39.16:274][  0]LogMaterial: Uniform references updated for custom material expression Custom.
[2017.10.11-22.39.22:114][  0]SourceControl: Source control is disabled
[2017.10.11-22.39.22:123][  0]SourceControl: Source control is disabled
[2017.10.11-22.39.22:575][  0]SourceControl: Source control is disabled
[2017.10.11-22.39.22:989][  0]SourceControl: Source control is disabled
[2017.10.11-22.39.28:326][  0]LogAndroidPermission: UAndroidPermissionCallbackProxy::GetInstance
[2017.10.11-22.39.30:209][  0]LogOcInput: OculusInput pre-init called
[2017.10.11-22.39.32:464][  0]LogEngine: Initializing Engine...
[2017.10.11-22.39.32:510][  0]LogHMD: Failed to initialize OpenVR with code 110
[2017.10.11-22.39.34:181][  0]LogStats: UGameplayTagsManager::ConstructGameplayTagTree: Construct from data asset -  0.000 s
[2017.10.11-22.39.34:182][  0]LogStats: UGameplayTagsManager::ConstructGameplayTagTree: GameplayTagTreeChangedEvent.Broadcast -  0.000 s
[2017.10.11-22.39.35:721][  0]LogAIModule: Creating AISystem for world Untitled
[2017.10.11-22.39.36:039][  0]LogInit: XAudio2 using 'Speakers / Headphones (Realtek High Definition Audio)' : 2 channels at 48 kHz using 32 bits per sample (channel mask 0x3)
[2017.10.11-22.39.37:025][  0]LogInit: FAudioDevice initialized.
[2017.10.11-22.39.37:080][  0]LogDerivedDataCache: Error: Could not save memory cache C:/Users/Aric's PC/AppData/Local/UnrealEngine/4.17/DerivedDataCache/Boot.ddc.
[2017.10.11-22.39.37:117][  0]LogInit: Texture streaming: Enabled
[2017.10.11-22.39.38:396][  0]LogEngineSessionManager: EngineSessionManager initialized
[2017.10.11-22.39.38:396][  0]LogEngineSessionManager: EngineSessionManager sent abnormal shutdown report. Type=Crashed, SessionId={2BED4EAB-4892-3294-87CE-709E8C19F9FD}
[2017.10.11-22.39.40:574][  0]LogInit: Transaction tracking system initialized
[2017.10.11-22.39.43:495][  0]BlueprintLog: New page: Editor Load
[2017.10.11-22.39.53:052][  0]LocalizationService: Localization service is disabled
[2017.10.11-22.40.00:992][  0]LogConsoleResponse: Display: 
[2017.10.11-22.40.05:636][  0]LogFileCache: Scanning file cache for directory 'C:/Users/Aric's PC/Documents/Unreal Projects/CarProject/Content/' took 0.06s
[2017.10.11-22.40.05:637][  0]LogCook: Display: Max memory allowance for cook 16384mb min free memory 0mb
[2017.10.11-22.40.05:638][  0]LogCook: Display: Mobile HDR setting 1
[2017.10.11-22.40.05:723][  0]LogGameplayTags: Display: UGameplayTagsManager::DoneAddingNativeTags. DelegateIsBound: 0
[2017.10.11-22.40.18:030][  0]SourceControl: Source control is disabled
[2017.10.11-22.40.18:031][  0]Cmd: MAP LOAD FILE="../../../../../../Users/Aric's PC/Documents/Unreal Projects/CarProject/Content/VehicleAdvCPP/Maps/VehicleAdvExampleMap.umap" TEMPLATE=0 SHOWPROGRESS=1 FEATURELEVEL=3
[2017.10.11-22.40.18:032][  0]LightingResults: New page: Lighting Build
[2017.10.11-22.40.18:550][  0]MapCheck: New page: Map Check
[2017.10.11-22.40.18:550][  0]LightingResults: New page: Lighting Build
[2017.10.11-22.40.22:496][  0]LogAIModule: Creating AISystem for world VehicleAdvExampleMap
[2017.10.11-22.40.23:916][  0]LogEditorServer: Finished looking for orphan Actors (0.000 secs)
[2017.10.11-22.40.24:282][  0]Cmd: MAP CHECKDEP NOCLEARLOG
[2017.10.11-22.40.24:840][  0]MapCheck: Map check complete: 0 Error(s), 0 Warning(s), took 557.616ms to complete.
[2017.10.11-22.40.24:840][  0]LogFileHelpers: Loading map 'VehicleAdvExampleMap' took 6.810
[2017.10.11-22.40.26:237][  0]LogCollectionManager: Loaded 0 collections in 0.010169 seconds
[2017.10.11-22.40.26:706][  0]LogFileCache: Scanning file cache for directory 'C:/Users/Aric's PC/Documents/Unreal Projects/CarProject/Saved/Collections/' took 0.01s
[2017.10.11-22.40.26:707][  0]LogFileCache: Scanning file cache for directory 'C:/Users/Aric's PC/Documents/Unreal Projects/CarProject/Content/Developers/AricsPC/Collections/' took 0.01s
[2017.10.11-22.40.26:707][  0]LogFileCache: Scanning file cache for directory 'C:/Users/Aric's PC/Documents/Unreal Projects/CarProject/Content/Collections/' took 0.01s
[2017.10.11-22.40.26:707][  0]LogCollectionManager: Rebuilt the GUID cache for 0 collections in 0.000001 seconds
[2017.10.11-22.40.26:767][  0]LogContentBrowser: Native class hierarchy populated in 0.0560 seconds. Added 2394 classes and 505 folders.
[2017.10.11-22.40.27:411][  0]LogContentBrowser: Native class hierarchy updated for 'WidgetCarousel' in 0.0100 seconds. Added 0 classes and 0 folders.
[2017.10.11-22.40.32:049][  0]LogContentBrowser: Native class hierarchy updated for 'AddContentDialog' in 0.0125 seconds. Added 0 classes and 0 folders.
[2017.10.11-22.40.32:823][  0]LogContentBrowser: Native class hierarchy updated for 'SceneOutliner' in 0.0143 seconds. Added 1 classes and 2 folders.
[2017.10.11-22.40.34:670][  0]LogSlate: Took 0.001422 seconds to synchronously load lazily loaded font '../../../Engine/Content/Slate/Fonts/Roboto-Regular.ttf' (155K)
[2017.10.11-22.40.34:719][  0]LogSlate: Took 0.028289 seconds to synchronously load lazily loaded font '../../../Engine/Content/Slate/Fonts/Roboto-Bold.ttf' (160K)
[2017.10.11-22.40.34:866][  0]LogSlate: Took 0.001986 seconds to synchronously load lazily loaded font '../../../Engine/Content/Editor/Slate/Fonts/FontAwesome.ttf' (139K)
[2017.10.11-22.40.35:854][  0]LogRenderer: Reallocating scene render targets to support 964x436 Format 10 NumSamples 1 (Frame:1).
[2017.10.11-22.40.37:873][  0]LogContentBrowser: Native class hierarchy updated for 'HierarchicalLODOutliner' in 0.0107 seconds. Added 1 classes and 2 folders.
[2017.10.11-22.40.37:874][  0]LogLoad: (Engine Initialization) Total time: 210.68 seconds
[2017.10.11-22.40.37:874][  0]LogLoad: (Engine Initialization) Total Blueprint compile time: 0.00 seconds
[2017.10.11-22.40.37:875][  0]LogExternalProfiler: Found external profiler: VSPerf
[2017.10.11-22.40.37:875][  0]LogExternalProfiler: Using external profiler: VSPerf
[2017.10.11-22.40.38:246][  0]LogRawInputWindows: Warning: Found device 0 devices
[2017.10.11-22.40.38:247][  0]LogRawInputWindows: Warning: Found device 0 devices
[2017.10.11-22.40.38:247][  0]LogRawInputWindows: Warning: Device was registered succesfully but not connected (Usage:4 UsagePage:1
[2017.10.11-22.40.38:247][  0]LogRawInputWindows: Warning: Found device 1 devices
[2017.10.11-22.40.38:247][  0]LogRawInputWindows: Warning: Device was registered succesfully but not connected (Usage:5 UsagePage:1
[2017.10.11-22.40.38:344][  0]LogContentStreaming: Texture pool size now 1000 MB
[2017.10.11-22.40.39:926][  5]LogAssetRegistry: Asset discovery search completed in 144.7035 seconds
[2017.10.11-22.40.39:933][  5]LogCollectionManager: Rebuilt the object cache for 0 collections in 0.000002 seconds (found 0 objects)
[2017.10.11-22.40.39:933][  5]LogCollectionManager: Fixed up redirectors for 0 collections in 0.000156 seconds (updated 0 objects)
[2017.10.11-22.40.41:426][ 38]LogWindowsTextInputMethodSystem: Display: IME system now deactivated.
[2017.10.11-22.40.43:478][ 39]Cmd: QUIT_EDITOR
[2017.10.11-22.40.47:303][ 39]LogExit: Preparing to exit.
[2017.10.11-22.40.50:301][ 39]LogDirectoryWatcher: A directory notification for 'C:/Users/Aric's PC/Documents/Unreal Projects/CarProject/Content/' was aborted.
[2017.10.11-22.40.50:664][ 39]LogExit: Editor shut down
[2017.10.11-22.40.50:714][ 39]LogExit: Transaction tracking system shut down
[2017.10.11-22.40.51:679][ 39]LogDirectoryWatcher: A directory notification for '../../../Engine/Content/' was aborted.
[2017.10.11-22.40.51:680][ 39]LogDirectoryWatcher: A directory notification for '../../../../../../Users/Aric's PC/Documents/Unreal Projects/CarProject/Content/' was aborted.
[2017.10.11-22.40.51:680][ 39]LogDirectoryWatcher: A directory notification for '../../../Engine/Plugins/2D/Paper2D/Content/' was aborted.
[2017.10.11-22.40.51:680][ 39]LogDirectoryWatcher: A directory notification for '../../../Engine/Plugins/Runtime/Oculus/OculusVR/Content/' was aborted.
[2017.10.11-22.40.51:681][ 39]LogDirectoryWatcher: A directory notification for '../../../Engine/Plugins/Runtime/Steam/SteamVR/Content/' was aborted.
[2017.10.11-22.40.53:387][ 39]LogExit: Object subsystem successfully closed.
[2017.10.11-22.40.53:665][ 39]LogD3D11RHI: Shutdown
[2017.10.11-22.40.53:672][ 39]LogD3D11RHI: CleanupD3DDevice
[2017.10.11-22.40.54:647][ 39]LogD3D11RHI: ~FD3D11DynamicRHI
[2017.10.11-22.40.55:391][ 39]LogModuleManager: Shutting down and abandoning module HierarchicalLODOutliner (534)
[2017.10.11-22.40.55:391][ 39]LogModuleManager: Shutting down and abandoning module SceneOutliner (532)
[2017.10.11-22.40.55:392][ 39]LogModuleManager: Shutting down and abandoning module AddContentDialog (530)
[2017.10.11-22.40.55:396][ 39]LogDirectoryWatcher: A directory notification for 'C:/Program Files/Epic Games/UE_4.17/FeaturePacks/' was aborted.
[2017.10.11-22.40.55:400][ 39]LogModuleManager: Shutting down and abandoning module WidgetCarousel (529)
[2017.10.11-22.40.55:401][ 39]LogModuleManager: Shutting down and abandoning module EditorWidgets (526)
[2017.10.11-22.40.55:401][ 39]LogModuleManager: Shutting down and abandoning module CollectionManager (524)
[2017.10.11-22.40.55:409][ 39]LogDirectoryWatcher: A directory notification for 'C:/Users/Aric's PC/Documents/Unreal Projects/CarProject/Content/Collections/' was aborted.
[2017.10.11-22.40.55:410][ 39]LogDirectoryWatcher: A directory notification for 'C:/Users/Aric's PC/Documents/Unreal Projects/CarProject/Content/Developers/AricsPC/Collections/' was aborted.
[2017.10.11-22.40.55:411][ 39]LogDirectoryWatcher: A directory notification for 'C:/Users/Aric's PC/Documents/Unreal Projects/CarProject/Saved/Collections/' was aborted.
[2017.10.11-22.40.55:411][ 39]LogModuleManager: Shutting down and abandoning module StatsViewer (522)
[2017.10.11-22.40.55:441][ 39]LogModuleManager: Shutting down and abandoning module FoliageEdit (520)
[2017.10.11-22.40.55:442][ 39]LogModuleManager: Shutting down and abandoning module LandscapeEditor (518)
[2017.10.11-22.40.55:445][ 39]LogModuleManager: Shutting down and abandoning module MeshPaintMode (516)
[2017.10.11-22.40.55:445][ 39]LogModuleManager: Shutting down and abandoning module SceneDepthPickerMode (514)
[2017.10.11-22.40.55:445][ 39]LogModuleManager: Shutting down and abandoning module ActorPickerMode (512)
[2017.10.11-22.40.55:445][ 39]LogModuleManager: Shutting down and abandoning module GeometryMode (510)
[2017.10.11-22.40.55:445][ 39]LogModuleManager: Shutting down and abandoning module TextureAlignMode (508)
[2017.10.11-22.40.55:445][ 39]LogModuleManager: Shutting down and abandoning module BspMode (506)
[2017.10.11-22.40.55:446][ 39]LogModuleManager: Shutting down and abandoning module PIEPreviewDeviceProfileSelector (504)
[2017.10.11-22.40.55:446][ 39]LogModuleManager: Shutting down and abandoning module HardwareSurvey (502)
[2017.10.11-22.40.55:446][ 39]LogModuleManager: Shutting down and abandoning module SequenceRecorderSections (500)
[2017.10.11-22.40.55:446][ 39]LogModuleManager: Shutting down and abandoning module AutomationWorker (498)
[2017.10.11-22.40.55:446][ 39]LogModuleManager: Shutting down and abandoning module MatineeToLevelSequence (496)
[2017.10.11-22.40.55:447][ 39]LogModuleManager: Shutting down and abandoning module LevelSequenceEditor (494)
[2017.10.11-22.40.55:457][ 39]LogModuleManager: Shutting down and abandoning module PlacementMode (493)
[2017.10.11-22.40.55:457][ 39]LogModuleManager: Shutting down and abandoning module WmfMediaFactory (490)
[2017.10.11-22.40.55:458][ 39]LogModuleManager: Shutting down and abandoning module WmfMediaEditor (488)
[2017.10.11-22.40.55:459][ 39]LogModuleManager: Shutting down and abandoning module AvfMediaFactory (486)
[2017.10.11-22.40.55:459][ 39]LogModuleManager: Shutting down and abandoning module AvfMediaEditor (484)
[2017.10.11-22.40.55:459][ 39]LogModuleManager: Shutting down and abandoning module AndroidMediaFactory (482)
[2017.10.11-22.40.55:459][ 39]LogModuleManager: Shutting down and abandoning module Media (481)
[2017.10.11-22.40.55:459][ 39]LogModuleManager: Shutting down and abandoning module AndroidMediaEditor (478)
[2017.10.11-22.40.55:459][ 39]LogModuleManager: Shutting down and abandoning module CharacterAI (476)
[2017.10.11-22.40.55:459][ 39]LogModuleManager: Shutting down and abandoning module AudioCapture (474)
[2017.10.11-22.40.55:460][ 39]LogModuleManager: Shutting down and abandoning module SequenceRecorder (473)
[2017.10.11-22.40.55:501][ 39]LogModuleManager: Shutting down and abandoning module SmartSnapping (470)
[2017.10.11-22.40.55:501][ 39]LogModuleManager: Shutting down and abandoning module SessionServices (468)
[2017.10.11-22.40.55:501][ 39]LogModuleManager: Shutting down and abandoning module ViewportSnapping (466)
[2017.10.11-22.40.55:505][ 39]LogModuleManager: Shutting down and abandoning module ViewportInteraction (464)
[2017.10.11-22.40.55:505][ 39]LogModuleManager: Shutting down and abandoning module ClothPainter (462)
[2017.10.11-22.40.55:549][ 39]LogModuleManager: Shutting down and abandoning module LogVisualizer (460)
[2017.10.11-22.40.55:603][ 39]LogModuleManager: Shutting down and abandoning module IntroTutorials (458)
[2017.10.11-22.40.55:605][ 39]LogModuleManager: Shutting down and abandoning module GameProjectGeneration (457)
[2017.10.11-22.40.55:608][ 39]LogModuleManager: Shutting down and abandoning module IOSPlatformEditor (454)
[2017.10.11-22.40.55:608][ 39]LogModuleManager: Shutting down and abandoning module HTML5PlatformEditor (452)
[2017.10.11-22.40.55:609][ 39]LogModuleManager: Shutting down and abandoning module AndroidPlatformEditor (450)
[2017.10.11-22.40.55:609][ 39]LogModuleManager: Shutting down and abandoning module AndroidDeviceDetection (449)
[2017.10.11-22.40.56:486][ 39]LogModuleManager: Shutting down and abandoning module WindowsPlatformEditor (446)
[2017.10.11-22.40.56:486][ 39]LogModuleManager: Shutting down and abandoning module IOSRuntimeSettings (444)
[2017.10.11-22.40.56:486][ 39]LogModuleManager: Shutting down and abandoning module AndroidRuntimeSettings (442)
[2017.10.11-22.40.56:486][ 39]LogModuleManager: Shutting down and abandoning module InputBindingEditor (440)
[2017.10.11-22.40.56:498][ 39]LogModuleManager: Shutting down and abandoning module MergeActors (438)
[2017.10.11-22.40.56:499][ 39]LogModuleManager: Shutting down and abandoning module SizeMap (436)
[2017.10.11-22.40.56:499][ 39]LogModuleManager: Shutting down and abandoning module TreeMap (434)
[2017.10.11-22.40.56:503][ 39]LogModuleManager: Shutting down and abandoning module ReferenceViewer (432)
[2017.10.11-22.40.56:504][ 39]LogModuleManager: Shutting down and abandoning module LocalizationDashboard (430)
[2017.10.11-22.40.56:521][ 39]LogModuleManager: Shutting down and abandoning module LocalizationService (429)
[2017.10.11-22.40.56:522][ 39]LogModuleManager: Shutting down and abandoning module HardwareTargeting (426)
[2017.10.11-22.40.56:522][ 39]LogModuleManager: Shutting down and abandoning module DeviceProfileEditor (424)
[2017.10.11-22.40.56:550][ 39]LogModuleManager: Shutting down and abandoning module UndoHistory (422)
[2017.10.11-22.40.56:551][ 39]LogModuleManager: Shutting down and abandoning module XmlParser (420)
[2017.10.11-22.40.56:551][ 39]LogModuleManager: Shutting down and abandoning module Blutility (418)
[2017.10.11-22.40.56:551][ 39]LogModuleManager: Shutting down and abandoning module ProjectSettingsViewer (416)
[2017.10.11-22.40.56:551][ 39]LogModuleManager: Shutting down and abandoning module ProjectTargetPlatformEditor (415)
[2017.10.11-22.40.56:551][ 39]LogModuleManager: Shutting down and abandoning module EditorSettingsViewer (412)
[2017.10.11-22.40.56:552][ 39]LogModuleManager: Shutting down and abandoning module SettingsEditor (410)
[2017.10.11-22.40.56:573][ 39]LogModuleManager: Shutting down and abandoning module ProjectLauncher (408)
[2017.10.11-22.40.56:595][ 39]LogModuleManager: Shutting down and abandoning module SessionFrontend (406)
[2017.10.11-22.40.56:605][ 39]LogModuleManager: Shutting down and abandoning module ProfilerClient (404)
[2017.10.11-22.40.56:606][ 39]LogModuleManager: Shutting down and abandoning module DeviceManager (402)
[2017.10.11-22.40.56:615][ 39]LogModuleManager: Shutting down and abandoning module TargetDeviceServices (401)
[2017.10.11-22.40.56:678][ 39]LogModuleManager: Shutting down and abandoning module AutomationController (398)
[2017.10.11-22.40.56:679][ 39]LogModuleManager: Shutting down and abandoning module AutomationWindow (396)
[2017.10.11-22.40.56:732][ 39]LogModuleManager: Shutting down and abandoning module Layers (394)
[2017.10.11-22.40.56:743][ 39]LogModuleManager: Shutting down and abandoning module ComponentVisualizers (392)
[2017.10.11-22.40.56:743][ 39]LogModuleManager: Shutting down and abandoning module DetailCustomizations (390)
[2017.10.11-22.40.56:745][ 39]LogModuleManager: Shutting down and abandoning module PackagesDialog (388)
[2017.10.11-22.40.56:746][ 39]LogModuleManager: Shutting down and abandoning module Persona (386)
[2017.10.11-22.40.56:775][ 39]LogModuleManager: Shutting down and abandoning module AdvancedPreviewScene (385)
[2017.10.11-22.40.56:775][ 39]LogModuleManager: Shutting down and abandoning module AnimGraph (383)
[2017.10.11-22.40.56:776][ 39]LogModuleManager: Shutting down and abandoning module Kismet (380)
[2017.10.11-22.40.56:778][ 39]LogModuleManager: Shutting down and abandoning module ClassViewer (378)
[2017.10.11-22.40.56:778][ 39]LogModuleManager: Shutting down and abandoning module Toolbox (376)
[2017.10.11-22.40.56:778][ 39]LogModuleManager: Shutting down and abandoning module ModuleUI (374)
[2017.10.11-22.40.56:779][ 39]LogModuleManager: Shutting down and abandoning module MovieSceneTools (372)
[2017.10.11-22.40.56:900][ 39]LogModuleManager: Shutting down and abandoning module OutputLog (370)
[2017.10.11-22.40.56:902][ 39]LogModuleManager: Shutting down and abandoning module GammaUI (368)
[2017.10.11-22.40.56:904][ 39]LogModuleManager: Shutting down and abandoning module Documentation (366)
[2017.10.11-22.40.56:905][ 39]LogModuleManager: Shutting down and abandoning module MovieSceneTracks (364)
[2017.10.11-22.40.56:905][ 39]LogModuleManager: Shutting down and abandoning module MovieScene (362)
[2017.10.11-22.40.56:906][ 39]LogModuleManager: Shutting down and abandoning module Niagara (360)
[2017.10.11-22.40.56:906][ 39]LogModuleManager: Shutting down and abandoning module NiagaraEditor (359)
[2017.10.11-22.40.56:916][ 39]LogModuleManager: Shutting down and abandoning module StreamingPauseRendering (356)
[2017.10.11-22.40.56:916][ 39]LogModuleManager: Shutting down and abandoning module LauncherPlatform (354)
[2017.10.11-22.40.56:916][ 39]LogModuleManager: Shutting down and abandoning module AnalyticsET (352)
[2017.10.11-22.40.56:916][ 39]LogModuleManager: Shutting down and abandoning module PortalServices (350)
[2017.10.11-22.40.56:916][ 39]LogModuleManager: Shutting down and abandoning module PortalRpc (348)
[2017.10.11-22.40.56:916][ 39]LogModuleManager: Shutting down and abandoning module MessagingRpc (346)
[2017.10.11-22.40.56:916][ 39]LogModuleManager: Shutting down and abandoning module AIModule (344)
[2017.10.11-22.40.56:973][ 39]LogModuleManager: Shutting down and abandoning module GameplayDebugger (343)
[2017.10.11-22.40.56:993][ 39]LogModuleManager: Shutting down and abandoning module AITestSuite (341)
[2017.10.11-22.40.56:994][ 39]LogModuleManager: Shutting down and abandoning module ProfilerService (338)
[2017.10.11-22.40.57:101][ 39]LogModuleManager: Shutting down and abandoning module TaskGraph (336)
[2017.10.11-22.40.57:102][ 39]LogModuleManager: Shutting down and abandoning module SteamVRController (334)
[2017.10.11-22.40.57:103][ 39]LogModuleManager: Shutting down and abandoning module ProceduralMeshComponentEditor (332)
[2017.10.11-22.40.57:103][ 39]LogModuleManager: Shutting down and abandoning module ProceduralMeshComponent (330)
[2017.10.11-22.40.57:103][ 39]LogModuleManager: Shutting down and abandoning module OculusInput (328)
[2017.10.11-22.40.57:103][ 39]LogModuleManager: Shutting down and abandoning module MobilePatchingUtils (326)
[2017.10.11-22.40.57:104][ 39]LogModuleManager: Shutting down and abandoning module CustomMeshComponent (324)
[2017.10.11-22.40.57:104][ 39]LogModuleManager: Shutting down and abandoning module CableComponent (322)
[2017.10.11-22.40.57:105][ 39]LogModuleManager: Shutting down and abandoning module ArchVisCharacter (320)
[2017.10.11-22.40.57:105][ 39]LogModuleManager: Shutting down and abandoning module AndroidPermission (318)
[2017.10.11-22.40.57:105][ 39]LogModuleManager: Shutting down and abandoning module MediaPlayerEditor (314)
[2017.10.11-22.40.57:113][ 39]LogModuleManager: Shutting down and abandoning module RawInput (312)
[2017.10.11-22.40.57:116][ 39]LogModuleManager: Shutting down and abandoning module HTML5Networking (310)
[2017.10.11-22.40.57:116][ 39]LogModuleManager: Shutting down and abandoning module AlembicImporter (308)
[2017.10.11-22.40.57:121][ 39]LogModuleManager: Shutting down and abandoning module AlembicLibrary (307)
[2017.10.11-22.40.57:122][ 39]LogModuleManager: Shutting down and abandoning module GeometryCache (306)
[2017.10.11-22.40.57:122][ 39]LogModuleManager: Shutting down and abandoning module GeometryCacheEd (305)
[2017.10.11-22.40.57:122][ 39]LogModuleManager: Shutting down and abandoning module SpeedTreeImporter (300)
[2017.10.11-22.40.57:122][ 39]LogModuleManager: Shutting down and abandoning module PluginBrowser (298)
[2017.10.11-22.40.57:128][ 39]LogModuleManager: Shutting down and abandoning module MobileLauncherProfileWizard (296)
[2017.10.11-22.40.57:139][ 39]LogModuleManager: Shutting down and abandoning module VisualStudioSourceCodeAccess (294)
[2017.10.11-22.40.57:140][ 39]LogModuleManager: Shutting down and abandoning module DesktopPlatform (293)
[2017.10.11-22.40.57:174][ 39]LogModuleManager: Shutting down and abandoning module UObjectPlugin (290)
[2017.10.11-22.40.57:174][ 39]LogModuleManager: Shutting down and abandoning module SubversionSourceControl (288)
[2017.10.11-22.40.57:187][ 39]LogModuleManager: Shutting down and abandoning module PerforceSourceControl (286)
[2017.10.11-22.40.57:202][ 39]LogModuleManager: Shutting down and abandoning module GitSourceControl (284)
[2017.10.11-22.40.57:206][ 39]LogModuleManager: Shutting down and abandoning module SourceControl (283)
[2017.10.11-22.40.57:231][ 39]LogModuleManager: Shutting down and abandoning module LightPropagationVolumeEditor (280)
[2017.10.11-22.40.57:231][ 39]LogModuleManager: Shutting down and abandoning module PaperTiledImporter (278)
[2017.10.11-22.40.57:231][ 39]LogModuleManager: Shutting down and abandoning module PaperSpriteSheetImporter (276)
[2017.10.11-22.40.57:231][ 39]LogModuleManager: Shutting down and abandoning module Paper2DEditor (274)
[2017.10.11-22.40.57:233][ 39]LogModuleManager: Shutting down and abandoning module MeshPaint (273)
[2017.10.11-22.40.57:233][ 39]LogModuleManager: Shutting down and abandoning module LevelEditor (271)
[2017.10.11-22.40.57:246][ 39]LogModuleManager: Shutting down and abandoning module PixelInspectorModule (270)
[2017.10.11-22.40.57:280][ 39]LogModuleManager: Shutting down and abandoning module MainFrame (268)
[2017.10.11-22.40.57:280][ 39]LogModuleManager: Shutting down and abandoning module HotReload (267)
[2017.10.11-22.40.57:281][ 39]LogDirectoryWatcher: A directory notification for 'C:/Users/Aric's PC/Documents/Unreal Projects/CarProject/Binaries/Win64' was aborted.
[2017.10.11-22.40.57:283][ 39]LogModuleManager: Shutting down and abandoning module CarProject (262)
[2017.10.11-22.40.57:284][ 39]LogModuleManager: Shutting down and abandoning module RuntimePhysXCooking (260)
[2017.10.11-22.40.57:284][ 39]LogModuleManager: Shutting down and abandoning module PhysXVehiclesEditor (258)
[2017.10.11-22.40.57:284][ 39]LogModuleManager: Shutting down and abandoning module PhysXVehicles (256)
[2017.10.11-22.40.57:284][ 39]LogModuleManager: Shutting down and abandoning module OculusEditor (254)
[2017.10.11-22.40.57:284][ 39]LogModuleManager: Shutting down and abandoning module LocationServicesBPLibrary (252)
[2017.10.11-22.40.57:284][ 39]LogModuleManager: Shutting down and abandoning module ImmediatePhysicsEditor (250)
[2017.10.11-22.40.57:284][ 39]LogModuleManager: Shutting down and abandoning module ImmediatePhysics (248)
[2017.10.11-22.40.57:313][ 39]LogModuleManager: Shutting down and abandoning module UdpMessaging (246)
[2017.10.11-22.40.57:543][ 39]LogModuleManager: Shutting down and abandoning module TcpMessaging (244)
[2017.10.11-22.40.57:647][ 39]LogModuleManager: Shutting down and abandoning module GameplayTagsEditor (242)
[2017.10.11-22.40.57:664][ 39]LogModuleManager: Shutting down and abandoning module FacialAnimationEditor (240)
[2017.10.11-22.40.57:664][ 39]LogModuleManager: Shutting down and abandoning module FacialAnimation (238)
[2017.10.11-22.40.57:664][ 39]LogModuleManager: Shutting down and abandoning module AssetManagerEditor (236)
[2017.10.11-22.40.57:666][ 39]LogModuleManager: Shutting down and abandoning module GraphEditor (235)
[2017.10.11-22.40.57:757][ 39]LogModuleManager: Shutting down and abandoning module ContentBrowser (233)
[2017.10.11-22.40.57:760][ 39]LogModuleManager: Shutting down and abandoning module LightPropagationVolumeRuntime (230)
[2017.10.11-22.40.57:761][ 39]LogModuleManager: Shutting down and abandoning module Paper2D (228)
[2017.10.11-22.40.57:763][ 39]LogModuleManager: Shutting down and abandoning module WindowsMoviePlayer (226)
[2017.10.11-22.40.57:770][ 39]LogModuleManager: Shutting down and abandoning module WmfMedia (224)
[2017.10.11-22.40.57:788][ 39]LogModuleManager: Shutting down and abandoning module PacketHandler (222)
[2017.10.11-22.40.57:788][ 39]LogModuleManager: Shutting down and abandoning module ClothingSystemEditor (220)
[2017.10.11-22.40.57:788][ 39]LogModuleManager: Shutting down and abandoning module ClothingSystemRuntime (218)
[2017.10.11-22.40.57:790][ 39]LogModuleManager: Shutting down and abandoning module Overlay (216)
[2017.10.11-22.40.57:790][ 39]LogModuleManager: Shutting down and abandoning module OverlayEditor (215)
[2017.10.11-22.40.57:790][ 39]LogModuleManager: Shutting down and abandoning module MediaAssets (212)
[2017.10.11-22.40.57:791][ 39]LogModuleManager: Shutting down and abandoning module VREditor (210)
[2017.10.11-22.40.57:807][ 39]LogModuleManager: Shutting down and abandoning module StringTableEditor (208)
[2017.10.11-22.40.57:808][ 39]LogModuleManager: Shutting down and abandoning module GameplayTasksEditor (206)
[2017.10.11-22.40.57:809][ 39]LogModuleManager: Shutting down and abandoning module BehaviorTreeEditor (204)
[2017.10.11-22.40.57:833][ 39]LogModuleManager: Shutting down and abandoning module FunctionalTesting (202)
[2017.10.11-22.40.57:833][ 39]LogModuleManager: Shutting down and abandoning module CollisionAnalyzer (200)
[2017.10.11-22.40.57:835][ 39]LogModuleManager: Shutting down and abandoning module WorkspaceMenuStructure (199)
[2017.10.11-22.40.57:835][ 39]LogModuleManager: Shutting down and abandoning module UMG (196)
[2017.10.11-22.40.57:837][ 39]LogModuleManager: Shutting down and abandoning module UMGEditor (195)
[2017.10.11-22.40.57:872][ 39]LogModuleManager: Shutting down and abandoning module Sequencer (194)
[2017.10.11-22.40.57:887][ 39]LogModuleManager: Shutting down and abandoning module MessageLog (191)
[2017.10.11-22.40.57:900][ 39]LogModuleManager: Shutting down and abandoning module SlateReflector (186)
[2017.10.11-22.40.57:904][ 39]LogModuleManager: Shutting down and abandoning module Slate (184)
[2017.10.11-22.40.57:904][ 39]LogModuleManager: Shutting down and abandoning module EditorStyle (182)
[2017.10.11-22.40.57:933][ 39]LogModuleManager: Shutting down and abandoning module MRMesh (180)
[2017.10.11-22.40.57:933][ 39]LogModuleManager: Shutting down and abandoning module SourceCodeAccess (178)
[2017.10.11-22.40.57:933][ 39]LogModuleManager: Shutting down and abandoning module HeadMountedDisplay (176)
[2017.10.11-22.40.57:933][ 39]LogModuleManager: Shutting down and abandoning module XAudio2 (174)
[2017.10.11-22.40.57:933][ 39]LogModuleManager: Shutting down and abandoning module Networking (172)
[2017.10.11-22.40.57:933][ 39]LogModuleManager: Shutting down and abandoning module Core (168)
[2017.10.11-22.40.57:933][ 39]LogModuleManager: Shutting down and abandoning module KismetCompiler (164)
[2017.10.11-22.40.57:933][ 39]LogModuleManager: Shutting down and abandoning module LevelSequence (162)
[2017.10.11-22.40.57:934][ 39]LogModuleManager: Shutting down and abandoning module MeshUtilities (160)
[2017.10.11-22.40.57:940][ 39]LogModuleManager: Shutting down and abandoning module MeshMergeUtilities (159)
[2017.10.11-22.40.57:942][ 39]LogModuleManager: Shutting down and abandoning module MeshReductionInterface (158)
[2017.10.11-22.40.57:942][ 39]LogModuleManager: Shutting down and abandoning module SimplygonSwarm (157)
[2017.10.11-22.40.57:943][ 39]LogModuleManager: Shutting down and abandoning module SimplygonMeshReduction (155)
[2017.10.11-22.40.57:943][ 39]LogModuleManager: Shutting down and abandoning module QuadricMeshReduction (153)
[2017.10.11-22.40.57:944][ 39]LogModuleManager: Shutting down and abandoning module MaterialBaking (149)
[2017.10.11-22.40.57:945][ 39]LogModuleManager: Shutting down and abandoning module DirectoryWatcher (146)
[2017.10.11-22.40.57:947][ 39]LogModuleManager: Shutting down and abandoning module DerivedDataCache (144)
[2017.10.11-22.40.58:044][ 39]LogDerivedDataCache: Shutdown
[2017.10.11-22.40.58:045][ 39]LogModuleManager: Shutting down and abandoning module TargetPlatform (142)
[2017.10.11-22.40.58:045][ 39]LogModuleManager: Shutting down and abandoning module VulkanShaderFormat (141)
[2017.10.11-22.40.58:046][ 39]LogModuleManager: Shutting down and abandoning module ShaderFormatVectorVM (139)
[2017.10.11-22.40.58:047][ 39]LogModuleManager: Shutting down and abandoning module ShaderFormatOpenGL (137)
[2017.10.11-22.40.58:048][ 39]LogModuleManager: Shutting down and abandoning module ShaderFormatD3D (135)
[2017.10.11-22.40.58:049][ 39]LogModuleManager: Shutting down and abandoning module MetalShaderFormat (133)
[2017.10.11-22.40.58:050][ 39]LogModuleManager: Shutting down and abandoning module TextureFormatUncompressed (131)
[2017.10.11-22.40.58:050][ 39]LogModuleManager: Shutting down and abandoning module TextureFormatPVR (129)
[2017.10.11-22.40.58:050][ 39]LogModuleManager: Shutting down and abandoning module TextureFormatDXT (127)
[2017.10.11-22.40.58:053][ 39]LogModuleManager: Shutting down and abandoning module TextureFormatIntelISPCTexComp (125)
[2017.10.11-22.40.58:055][ 39]LogModuleManager: Shutting down and abandoning module TextureFormatASTC (123)
[2017.10.11-22.40.58:055][ 39]LogModuleManager: Shutting down and abandoning module ImageWrapper (122)
[2017.10.11-22.40.58:055][ 39]LogModuleManager: Shutting down and abandoning module TextureFormatAndroid (119)
[2017.10.11-22.40.58:055][ 39]LogModuleManager: Shutting down and abandoning module AudioFormatOpus (117)
[2017.10.11-22.40.58:055][ 39]LogModuleManager: Shutting down and abandoning module AudioFormatOgg (115)
[2017.10.11-22.40.58:055][ 39]LogModuleManager: Shutting down and abandoning module AudioFormatADPCM (113)
[2017.10.11-22.40.58:055][ 39]LogModuleManager: Shutting down and abandoning module LinuxTargetPlatform (111)
[2017.10.11-22.40.58:061][ 39]LogModuleManager: Shutting down and abandoning module LinuxServerTargetPlatform (109)
[2017.10.11-22.40.58:061][ 39]LogModuleManager: Shutting down and abandoning module LinuxNoEditorTargetPlatform (107)
[2017.10.11-22.40.58:061][ 39]LogModuleManager: Shutting down and abandoning module LinuxClientTargetPlatform (105)
[2017.10.11-22.40.58:062][ 39]LogModuleManager: Shutting down and abandoning module TVOSTargetPlatform (103)
[2017.10.11-22.40.58:062][ 39]LogModuleManager: Shutting down and abandoning module Messaging (101)
[2017.10.11-22.40.58:062][ 39]LogModuleManager: Shutting down and abandoning module IOSTargetPlatform (99)
[2017.10.11-22.40.58:062][ 39]LogModuleManager: Shutting down and abandoning module HTML5TargetPlatform (97)
[2017.10.11-22.40.58:062][ 39]LogModuleManager: Shutting down and abandoning module Android_PVRTCTargetPlatform (95)
[2017.10.11-22.40.58:062][ 39]LogModuleManager: Shutting down and abandoning module Android_MultiTargetPlatform (93)
[2017.10.11-22.40.58:062][ 39]LogModuleManager: Shutting down and abandoning module Android_ETC2TargetPlatform (91)
[2017.10.11-22.40.58:062][ 39]LogModuleManager: Shutting down and abandoning module Android_ETC1TargetPlatform (89)
[2017.10.11-22.40.58:062][ 39]LogModuleManager: Shutting down and abandoning module Android_DXTTargetPlatform (87)
[2017.10.11-22.40.58:062][ 39]LogModuleManager: Shutting down and abandoning module Android_ATCTargetPlatform (85)
[2017.10.11-22.40.58:062][ 39]LogModuleManager: Shutting down and abandoning module Android_ASTCTargetPlatform (83)
[2017.10.11-22.40.58:062][ 39]LogModuleManager: Shutting down and abandoning module AndroidTargetPlatform (81)
[2017.10.11-22.40.58:062][ 39]LogModuleManager: Shutting down and abandoning module WindowsTargetPlatform (79)
[2017.10.11-22.40.58:062][ 39]LogModuleManager: Shutting down and abandoning module WindowsServerTargetPlatform (77)
[2017.10.11-22.40.58:062][ 39]LogModuleManager: Shutting down and abandoning module WindowsNoEditorTargetPlatform (75)
[2017.10.11-22.40.58:062][ 39]LogModuleManager: Shutting down and abandoning module WindowsClientTargetPlatform (73)
[2017.10.11-22.40.58:062][ 39]LogModuleManager: Shutting down and abandoning module MacTargetPlatform (71)
[2017.10.11-22.40.58:062][ 39]LogModuleManager: Shutting down and abandoning module MacServerTargetPlatform (69)
[2017.10.11-22.40.58:063][ 39]LogModuleManager: Shutting down and abandoning module MacNoEditorTargetPlatform (67)
[2017.10.11-22.40.58:063][ 39]LogModuleManager: Shutting down and abandoning module MacClientTargetPlatform (65)
[2017.10.11-22.40.58:063][ 39]LogModuleManager: Shutting down and abandoning module AllDesktopTargetPlatform (63)
[2017.10.11-22.40.58:063][ 39]LogModuleManager: Shutting down and abandoning module InputCore (60)
[2017.10.11-22.40.58:063][ 39]LogModuleManager: Shutting down and abandoning module Settings (58)
[2017.10.11-22.40.58:063][ 39]LogModuleManager: Shutting down and abandoning module PhysXCooking (56)
[2017.10.11-22.40.58:063][ 39]LogModuleManager: Shutting down and abandoning module SteamVR (54)
[2017.10.11-22.40.58:063][ 39]LogModuleManager: Shutting down and abandoning module OculusHMD (52)
[2017.10.11-22.40.58:064][ 39]LogModuleManager: Shutting down and abandoning module ExampleDeviceProfileSelector (50)
[2017.10.11-22.40.58:064][ 39]LogModuleManager: Shutting down and abandoning module OnlineBlueprintSupport (48)
[2017.10.11-22.40.58:064][ 39]LogModuleManager: Shutting down and abandoning module OnlineSubsystem (44)
[2017.10.11-22.40.58:064][ 39]LogOnline: Display: Unloading online subsystem: NULL
[2017.10.11-22.40.58:067][ 39]LogModuleManager: Shutting down and abandoning module XMPP (43)
[2017.10.11-22.40.58:068][ 39]LogModuleManager: Shutting down and abandoning module HTTP (41)
[2017.10.11-22.40.58:068][ 39]LogHttp: Display: Http module shutting down, but needs to wait on 1 outstanding Http requests:
[2017.10.11-22.40.58:068][ 39]LogHttp: Display: 	verb=[POST] url=[https://datarouter.ol.epicgames.com/datarouter/api/v1/public/data?SessionID=%7BA5DA12BD-467E-502A-9C15-F88DE67C72C4%7D&AppID=UEEditor.Rocket.Release&AppVersion=4.17.2-3658906%2B%2B%2BUE4%2BRelease-4.17&UserID=cd1f60b7479b32bd24c174b1375c1b70%7C4ba7aa541e964517b0d99766beec29d1%7Cb30741d6-520e-4fea-be44-def22d0e3946&AppEnvironment=datacollector-binary&UploadType=eteventstream] status=Processing
[2017.10.11-22.40.58:106][ 39]LogModuleManager: Shutting down and abandoning module SSL (40)
[2017.10.11-22.40.58:117][ 39]LogModuleManager: Shutting down and abandoning module AnimationModifiers (36)
[2017.10.11-22.40.58:120][ 39]LogModuleManager: Shutting down and abandoning module PropertyEditor (35)
[2017.10.11-22.40.58:121][ 39]LogModuleManager: Shutting down and abandoning module AudioEditor (32)
[2017.10.11-22.40.58:133][ 39]LogModuleManager: Shutting down and abandoning module TextureCompressor (30)
[2017.10.11-22.40.58:136][ 39]LogModuleManager: Shutting down and abandoning module ShaderCore (28)
[2017.10.11-22.40.58:136][ 39]LogModuleManager: Shutting down and abandoning module Landscape (26)
[2017.10.11-22.40.58:136][ 39]LogModuleManager: Shutting down and abandoning module SlateRHIRenderer (24)
[2017.10.11-22.40.58:144][ 39]LogModuleManager: Shutting down and abandoning module OpenGLDrv (22)
[2017.10.11-22.40.58:145][ 39]LogModuleManager: Shutting down and abandoning module D3D11RHI (20)
[2017.10.11-22.40.58:145][ 39]LogModuleManager: Shutting down and abandoning module AnimGraphRuntime (18)
[2017.10.11-22.40.58:146][ 39]LogModuleManager: Shutting down and abandoning module Renderer (16)
[2017.10.11-22.40.58:147][ 39]LogModuleManager: Shutting down and abandoning module Engine (14)
[2017.10.11-22.40.58:147][ 39]LogModuleManager: Shutting down and abandoning module CoreUObject (12)
[2017.10.11-22.40.58:147][ 39]LogModuleManager: Shutting down and abandoning module NetworkFile (10)
[2017.10.11-22.40.58:150][ 39]LogModuleManager: Shutting down and abandoning module CookedIterativeFile (8)
[2017.10.11-22.40.58:150][ 39]LogModuleManager: Shutting down and abandoning module StreamingFile (6)
[2017.10.11-22.40.58:152][ 39]LogModuleManager: Shutting down and abandoning module SandboxFile (4)
[2017.10.11-22.40.58:152][ 39]LogModuleManager: Shutting down and abandoning module PakFile (2)
[2017.10.11-22.40.58:172][ 39]LogExit: Exiting.
[2017.10.11-22.40.58:273][ 39]Log file closed, 10/11/17 18:40:58
