Log file open, 11/12/17 12:05:09
LogWindows: Failed to load 'aqProf.dll' (GetLastError=126)
LogWindows: File 'aqProf.dll' does not exist
LogWindows: Failed to load 'VtuneApi.dll' (GetLastError=126)
LogWindows: File 'VtuneApi.dll' does not exist
LogWindows: Failed to load 'VtuneApi32e.dll' (GetLastError=126)
LogWindows: File 'VtuneApi32e.dll' does not exist
LogInit: Display: Running engine for game: CarProject
LogPlatformFile: Not using cached read wrapper
LogInit: Display: RandInit(2029047885) SRandInit(2029047885).
LogTaskGraph: Started task graph with 5 named threads and 14 total threads with 3 sets of task threads.
LogStats: Stats thread started at 0.203263
LogD3D11RHI: Aftermath initialized
LogPluginManager: Mounting plugin Paper2D
LogPluginManager: Mounting plugin LightPropagationVolume
LogPluginManager: Mounting plugin CodeLiteSourceCodeAccess
LogPluginManager: Mounting plugin GitSourceControl
LogPluginManager: Mounting plugin KDevelopSourceCodeAccess
LogPluginManager: Mounting plugin NullSourceCodeAccess
LogPluginManager: Mounting plugin PerforceSourceControl
LogPluginManager: Mounting plugin SubversionSourceControl
LogPluginManager: Mounting plugin UObjectPlugin
LogPluginManager: Mounting plugin VisualStudioSourceCodeAccess
LogPluginManager: Mounting plugin XCodeSourceCodeAccess
LogPluginManager: Mounting plugin AssetManagerEditor
LogPluginManager: Mounting plugin AudioCapture
LogPluginManager: Mounting plugin FacialAnimation
LogPluginManager: Mounting plugin GameplayTagsEditor
LogPluginManager: Mounting plugin MobileLauncherProfileWizard
LogPluginManager: Mounting plugin PluginBrowser
LogPluginManager: Mounting plugin SpeedTreeImporter
LogPluginManager: Mounting plugin AlembicImporter
LogPluginManager: Mounting plugin CharacterAI
LogPluginManager: Mounting plugin HTML5Networking
LogPluginManager: Mounting plugin RawInput
LogPluginManager: Mounting plugin AndroidMedia
LogPluginManager: Mounting plugin AvfMedia
LogPluginManager: Mounting plugin MediaPlayerEditor
LogPluginManager: Mounting plugin WmfMedia
LogPluginManager: Mounting plugin TcpMessaging
LogPluginManager: Mounting plugin UdpMessaging
LogPluginManager: Mounting plugin LevelSequenceEditor
LogPluginManager: Mounting plugin MatineeToLevelSequence
LogPluginManager: Mounting plugin OnlineSubsystemGooglePlay
LogPluginManager: Mounting plugin OnlineSubsystemIOS
LogPluginManager: Mounting plugin OnlineSubsystem
LogPluginManager: Mounting plugin OnlineSubsystemNull
LogPluginManager: Mounting plugin OnlineSubsystemUtils
LogPluginManager: Mounting plugin AndroidDeviceProfileSelector
LogPluginManager: Mounting plugin AndroidMoviePlayer
LogPluginManager: Mounting plugin AndroidPermission
LogPluginManager: Mounting plugin AppleMoviePlayer
LogPluginManager: Mounting plugin ArchVisCharacter
LogPluginManager: Mounting plugin CableComponent
LogPluginManager: Mounting plugin CustomMeshComponent
LogPluginManager: Mounting plugin ExampleDeviceProfileSelector
LogPluginManager: Mounting plugin GoogleCloudMessaging
LogPluginManager: Mounting plugin ImmediatePhysics
LogPluginManager: Mounting plugin IOSDeviceProfileSelector
LogPluginManager: Mounting plugin LinuxDeviceProfileSelector
LogPluginManager: Mounting plugin LocationServicesBPLibrary
LogPluginManager: Mounting plugin MobilePatchingUtils
LogPluginManager: Mounting plugin OculusVR
LogPluginManager: Mounting plugin PhysXVehicles
LogPluginManager: Mounting plugin ProceduralMeshComponent
LogPluginManager: Mounting plugin RuntimePhysXCooking
LogPluginManager: Mounting plugin SteamVR
LogPluginManager: Mounting plugin WindowsMoviePlayer
LogInit: Using libcurl 7.47.1
LogInit:  - built for x86_64-pc-win32
LogInit:  - supports SSL with OpenSSL/1.0.2g
LogInit:  - supports HTTP deflate (compression) using libz 1.2.8
LogInit:  - other features:
LogInit:      CURL_VERSION_SSL
LogInit:      CURL_VERSION_LIBZ
LogInit:      CURL_VERSION_IPV6
LogInit:      CURL_VERSION_ASYNCHDNS
LogInit:      CURL_VERSION_LARGEFILE
LogInit:      CURL_VERSION_IDN
LogInit:  CurlRequestOptions (configurable via config and command line):
LogInit:  - bVerifyPeer = false  - Libcurl will NOT verify peer certificate
LogInit:  - bUseHttpProxy = false  - Libcurl will NOT use HTTP proxy
LogInit:  - bDontReuseConnections = false  - Libcurl will reuse connections
LogInit:  - CertBundlePath = nullptr  - Libcurl will use whatever was configured at build time.
LogInit: Build: ++UE4+Release-4.17-CL-3658906
LogInit: Engine Version: 4.17.2-3658906+++UE4+Release-4.17
LogInit: Compatible Engine Version: 4.17.0-3573198+++UE4+Release-4.17
LogInit: Net CL: 3573198
LogDevObjectVersion: Number of dev versions registered: 16
LogDevObjectVersion:   Dev-Blueprints (B0D832E4-1F89-4F0D-ACCF-7EB736FD4AA2): 10
LogDevObjectVersion:   Dev-Build (E1C64328-A22C-4D53-A36C-8E866417BD8C): 0
LogDevObjectVersion:   Dev-Core (375EC13C-06E4-48FB-B500-84F0262A717E): 2
LogDevObjectVersion:   Dev-Editor (E4B068ED-F494-42E9-A231-DA0B2E46BB41): 20
LogDevObjectVersion:   Dev-Framework (CFFC743F-43B0-4480-9391-14DF171D2073): 28
LogDevObjectVersion:   Dev-Mobile (B02B49B5-BB20-44E9-A304-32B752E40360): 0
LogDevObjectVersion:   Dev-Networking (A4E4105C-59A1-49B5-A7C5-40C4547EDFEE): 0
LogDevObjectVersion:   Dev-Online (39C831C9-5AE6-47DC-9A44-9C173E1C8E7C): 0
LogDevObjectVersion:   Dev-Physics (78F01B33-EBEA-4F98-B9B4-84EACCB95AA2): 0
LogDevObjectVersion:   Dev-Platform (6631380F-2D4D-43E0-8009-CF276956A95A): 0
LogDevObjectVersion:   Dev-Rendering (12F88B9F-8875-4AFC-A67C-D90C383ABD29): 19
LogDevObjectVersion:   Dev-Sequencer (7B5AE74C-D270-4C10-A958-57980B212A5A): 4
LogDevObjectVersion:   Dev-VR (D7296918-1DD6-4BDD-9DE2-64A83CC13884): 0
LogDevObjectVersion:   Dev-LoadTimes (C2A15278-BFE7-4AFE-6C17-90FF531DF755): 1
LogDevObjectVersion:   Private-Geometry (6EACA3D4-40EC-4CC1-B786-8BED09428FC5): 1
LogDevObjectVersion:   Dev-AnimPhys (29E575DD-E0A3-4627-9D10-D276232CDCEA): 7
LogInit: Compiled (64-bit): Sep 22 2017 13:47:16
LogInit: Compiled with Visual C++: 19.00.24215.01
LogInit: Build Configuration: Development
LogInit: Branch Name: ++UE4+Release-4.17
LogInit: Command line:  
LogInit: Base directory: C:/Program Files/Epic Games/UE_4.17/Engine/Binaries/Win64/
LogInit: Installed Engine Build: 1
LogInit: Presizing for max 8388607 objects, including 0 objects not considered by GC, pre-allocating 0 bytes for permanent pool.
LogInit: Object subsystem initialized
[2017.11.12-17.05.13:464][  0]LogInit: Selected Device Profile: [Windows]
[2017.11.12-17.05.13:464][  0]LogInit: Applying CVar settings loaded from the selected device profile: [Windows]
[2017.11.12-17.05.13:524][  0]LogInit: Computer: DESKTOP-I9SMP4L
[2017.11.12-17.05.13:524][  0]LogInit: User: AricsPC
[2017.11.12-17.05.13:524][  0]LogInit: CPU Page size=4096, Cores=4
[2017.11.12-17.05.13:524][  0]LogInit: High frequency timer resolution =2.249999 MHz
[2017.11.12-17.05.13:525][  0]LogMemory: Memory total: Physical=7.9GB (8GB approx)
[2017.11.12-17.05.13:525][  0]LogMemory: Platform Memory Stats for Windows
[2017.11.12-17.05.13:525][  0]LogMemory: Process Physical Memory: 277.54 MB used, 277.54 MB peak
[2017.11.12-17.05.13:525][  0]LogMemory: Process Virtual Memory: 274.10 MB used, 274.10 MB peak
[2017.11.12-17.05.13:525][  0]LogMemory: Physical Memory: 5111.09 MB used,  2954.16 MB free, 8065.26 MB total
[2017.11.12-17.05.13:525][  0]LogMemory: Virtual Memory: 668.18 MB used,  2954.16 MB free, 134217728.00 MB total
[2017.11.12-17.05.18:808][  0]LogInit: Using OS detected language (en-US).
[2017.11.12-17.05.18:808][  0]LogInit: Using OS detected locale (en-US).
[2017.11.12-17.05.19:083][  0]LogTextLocalizationManager: No specific localization for 'en-US' exists, so the 'en' localization will be used.
[2017.11.12-17.05.25:770][  0]LogD3D11RHI: D3D11 adapters:
[2017.11.12-17.05.25:991][  0]LogD3D11RHI:    0. 'NVIDIA GeForce GTX 960M' (Feature Level 11_0)
[2017.11.12-17.05.25:991][  0]LogD3D11RHI:       4065/0/4032 MB DedicatedVideo/DedicatedSystem/SharedSystem, Outputs:1, VendorId:0x10de
[2017.11.12-17.05.26:056][  0]LogD3D11RHI:    1. 'Intel(R) HD Graphics 530' (Feature Level 11_0)
[2017.11.12-17.05.26:056][  0]LogD3D11RHI:       128/0/4032 MB DedicatedVideo/DedicatedSystem/SharedSystem, Outputs:0, VendorId:0x8086
[2017.11.12-17.05.26:061][  0]LogD3D11RHI:    2. 'Microsoft Basic Render Driver' (Feature Level 11_0)
[2017.11.12-17.05.26:061][  0]LogD3D11RHI:       0/0/4032 MB DedicatedVideo/DedicatedSystem/SharedSystem, Outputs:0, VendorId:0x1414
[2017.11.12-17.05.26:061][  0]LogD3D11RHI: Chosen D3D11 Adapter: 0
[2017.11.12-17.05.26:080][  0]LogD3D11RHI: Creating new Direct3DDevice
[2017.11.12-17.05.26:080][  0]LogD3D11RHI:     GPU DeviceId: 0x139b (for the marketing name, search the web for "GPU Device Id")
[2017.11.12-17.05.26:081][  0]LogWindows: EnumDisplayDevices:
[2017.11.12-17.05.26:081][  0]LogWindows:    0. 'Intel(R) HD Graphics 530' (P:1 D:1)
[2017.11.12-17.05.26:082][  0]LogWindows:    1. 'Intel(R) HD Graphics 530' (P:0 D:0)
[2017.11.12-17.05.26:083][  0]LogWindows:    2. 'Intel(R) HD Graphics 530' (P:0 D:0)
[2017.11.12-17.05.26:083][  0]LogWindows: DebugString: PrimaryIsNotTheChoosenAdapter PrimaryIsNotTheChoosenAdapter PrimaryIsNotTheChoosenAdapter FoundDriverCount:0 
[2017.11.12-17.05.26:083][  0]LogD3D11RHI:     Adapter Name: NVIDIA GeForce GTX 960M
[2017.11.12-17.05.26:083][  0]LogD3D11RHI:   Driver Version: Unknown (internal:Unknown, unified:Unknown)
[2017.11.12-17.05.26:083][  0]LogD3D11RHI:      Driver Date: Unknown
[2017.11.12-17.05.26:083][  0]LogRHI: Texture pool is 1361 MB (70% of 1945 MB)
[2017.11.12-17.05.26:153][  0]LogD3D11RHI: Async texture creation enabled
[2017.11.12-17.05.26:168][  0]LogD3D11RHI: GPU Timing Frequency: 1000.000000 (Debug: 2 1)
[2017.11.12-17.05.26:171][  0]LogShaderCompilers: Guid format shader working directory is -20 characters bigger than the processId version (../../../../../../Users/Aric's PC/Documents/Unreal Projects/CarProject/Intermediate/Shaders/WorkingDirectory/2996/).
[2017.11.12-17.05.26:171][  0]LogShaderCompilers: Cleaned the shader compiler working directory 'C:/Users/Aric's PC/AppData/Local/Temp/UnrealShaderWorkingDir/9AAEE1D041DC2C5E7A886C9A4C50AA96/'.
[2017.11.12-17.05.26:171][  0]LogShaderCompilers: Display: Using Local Shader Compiler.
[2017.11.12-17.05.31:397][  0]LogTemp: Display: Loaded TP AllDesktopTargetPlatform
[2017.11.12-17.05.31:514][  0]LogTemp: Display: Loaded TP MacClientTargetPlatform
[2017.11.12-17.05.31:621][  0]LogTemp: Display: Loaded TP MacNoEditorTargetPlatform
[2017.11.12-17.05.31:729][  0]LogTemp: Display: Loaded TP MacServerTargetPlatform
[2017.11.12-17.05.31:848][  0]LogTemp: Display: Loaded TP MacTargetPlatform
[2017.11.12-17.05.31:972][  0]LogTemp: Display: Loaded TP WindowsClientTargetPlatform
[2017.11.12-17.05.32:079][  0]LogTemp: Display: Loaded TP WindowsNoEditorTargetPlatform
[2017.11.12-17.05.32:186][  0]LogTemp: Display: Loaded TP WindowsServerTargetPlatform
[2017.11.12-17.05.32:287][  0]LogTemp: Display: Loaded TP WindowsTargetPlatform
[2017.11.12-17.05.32:496][  0]LogTemp: Display: Loaded TP AndroidTargetPlatform
[2017.11.12-17.05.32:615][  0]LogTemp: Display: Loaded TP Android_ASTCTargetPlatform
[2017.11.12-17.05.32:719][  0]LogTemp: Display: Loaded TP Android_ATCTargetPlatform
[2017.11.12-17.05.32:824][  0]LogTemp: Display: Loaded TP Android_DXTTargetPlatform
[2017.11.12-17.05.32:929][  0]LogTemp: Display: Loaded TP Android_ETC1TargetPlatform
[2017.11.12-17.05.33:036][  0]LogTemp: Display: Loaded TP Android_ETC2TargetPlatform
[2017.11.12-17.05.33:352][  0]LogTemp: Display: Loaded TP Android_MultiTargetPlatform
[2017.11.12-17.05.33:352][  0]LogTemp: Display: Loaded TP Android_PVRTCTargetPlatform
[2017.11.12-17.05.33:543][  0]LogTemp: Display: Loaded TP HTML5TargetPlatform
[2017.11.12-17.05.33:952][  0]LogTemp: Display: Loaded TP IOSTargetPlatform
[2017.11.12-17.05.34:142][  0]LogTemp: Display: Loaded TP TVOSTargetPlatform
[2017.11.12-17.05.34:548][  0]LogTemp: Display: Loaded TP LinuxClientTargetPlatform
[2017.11.12-17.05.34:783][  0]LogTemp: Display: Loaded TP LinuxNoEditorTargetPlatform
[2017.11.12-17.05.34:967][  0]LogTemp: Display: Loaded TP LinuxServerTargetPlatform
[2017.11.12-17.05.35:208][  0]LogTemp: Display: Loaded TP LinuxTargetPlatform
[2017.11.12-17.05.35:208][  0]LogTargetPlatformManager: Display: Building Assets For Windows
[2017.11.12-17.05.38:125][  0]LogDerivedDataCache: Display: Max Cache Size: 512 MB
[2017.11.12-17.05.39:351][  0]LogDerivedDataCache: Loaded boot cache 1.23s 93MB C:/Users/Aric's PC/AppData/Local/UnrealEngine/4.17/DerivedDataCache/Boot.ddc.
[2017.11.12-17.05.39:352][  0]LogDerivedDataCache: Display: Loaded Boot cache: C:/Users/Aric's PC/AppData/Local/UnrealEngine/4.17/DerivedDataCache/Boot.ddc
[2017.11.12-17.05.39:352][  0]LogDerivedDataCache: FDerivedDataBackendGraph:  Pak pak cache file ../../../../../../Users/Aric's PC/Documents/Unreal Projects/CarProject/DerivedDataCache/DDC.ddp not found, will not use a pak cache.
[2017.11.12-17.05.39:352][  0]LogDerivedDataCache: Unable to find inner node Pak for hierarchical cache Hierarchy.
[2017.11.12-17.05.39:352][  0]LogDerivedDataCache: FDerivedDataBackendGraph:  CompressedPak pak cache file ../../../../../../Users/Aric's PC/Documents/Unreal Projects/CarProject/DerivedDataCache/Compressed.ddp not found, will not use a pak cache.
[2017.11.12-17.05.39:352][  0]LogDerivedDataCache: Unable to find inner node CompressedPak for hierarchical cache Hierarchy.
[2017.11.12-17.05.39:406][  0]LogDerivedDataCache: Display: Pak cache opened for reading ../../../Engine/DerivedDataCache/Compressed.ddp.
[2017.11.12-17.05.39:422][  0]LogDerivedDataCache: Using Local data cache path C:/Users/Aric's PC/AppData/Local/UnrealEngine/Common/DerivedDataCache: Writable
[2017.11.12-17.05.39:455][  0]LogMaterial: Verifying Global Shaders for PCD3D_SM5
[2017.11.12-17.05.39:455][  0]LogSlate: Using Freetype 2.6.0
[2017.11.12-17.05.39:519][  0]LogSlate: SlateFontCache - WITH_FREETYPE: 1, WITH_HARFBUZZ: 1
[2017.11.12-17.05.39:519][  0]LogSlate: SlateFontCache - WITH_FREETYPE: 1, WITH_HARFBUZZ: 1
[2017.11.12-17.05.45:195][  0]LogAssetRegistry: FAssetRegistry took 0.0312 seconds to start up
[2017.11.12-17.05.45:449][  0]LogInit: Selected Device Profile: [Windows]
[2017.11.12-17.05.47:366][  0]LogSimplygon: Simplygon DLL not present - disabling.
[2017.11.12-17.05.47:630][  0]LogMeshReduction: Using SimplygonSwarm for distributed automatic mesh merging
[2017.11.12-17.05.47:630][  0]LogMeshReduction: Using QuadricMeshReduction for automatic static mesh reduction
[2017.11.12-17.05.47:630][  0]LogMeshReduction: No automatic skeletal mesh reduction module available
[2017.11.12-17.05.47:630][  0]LogMeshReduction: No automatic mesh merging module available
[2017.11.12-17.05.47:630][  0]LogMeshMerging: No automatic mesh merging module available
[2017.11.12-17.05.47:634][  0]LogContentStreaming: Texture pool size is 0.00 MB
[2017.11.12-17.05.48:416][  0]LogNetVersion: CarProject , NetCL: 3573198, EngineNetVer: 2, GameNetVer: 0 (Checksum: 3093238724)
[2017.11.12-17.05.48:902][  0]LogPackageLocalizationCache: Processed 5 localized package path(s) for 2 prioritized culture(s) in 0.167761 seconds
[2017.11.12-17.05.48:917][  0]LogUObjectArray: 35825 objects as part of root set at end of initial load.
[2017.11.12-17.05.48:918][  0]LogUObjectAllocator: 7529104 out of 0 bytes used by permanent object pool.
[2017.11.12-17.05.48:918][  0]LogUObjectArray: CloseDisregardForGC: 0/0 objects in disregard for GC pool
[2017.11.12-17.05.49:401][  0]LogInit: WinSock: version 1.1 (2.2), MaxSocks=32767, MaxUdp=65467
[2017.11.12-17.06.23:963][  0]LogTcpMessaging: Initializing TcpMessaging bridge
[2017.11.12-17.06.24:276][  0]LogUdpMessaging: Initializing bridge on interface 0.0.0.0:0 to multicast group 230.0.0.1:6666.
[2017.11.12-17.06.29:113][  0]LogMaterial: Uniform references updated for custom material expression Custom.
[2017.11.12-17.06.30:641][  0]SourceControl: Source control is disabled
[2017.11.12-17.06.30:642][  0]SourceControl: Source control is disabled
[2017.11.12-17.06.31:064][  0]SourceControl: Source control is disabled
[2017.11.12-17.06.31:362][  0]SourceControl: Source control is disabled
[2017.11.12-17.06.36:011][  0]LogAndroidPermission: UAndroidPermissionCallbackProxy::GetInstance
[2017.11.12-17.06.37:371][  0]LogOcInput: OculusInput pre-init called
[2017.11.12-17.06.38:339][  0]LogEngine: Initializing Engine...
[2017.11.12-17.06.38:343][  0]LogHMD: Failed to initialize OpenVR with code 110
[2017.11.12-17.06.38:656][  0]LogStats: UGameplayTagsManager::ConstructGameplayTagTree: Construct from data asset -  0.000 s
[2017.11.12-17.06.38:657][  0]LogStats: UGameplayTagsManager::ConstructGameplayTagTree: GameplayTagTreeChangedEvent.Broadcast -  0.000 s
[2017.11.12-17.06.39:210][  0]LogAIModule: Creating AISystem for world Untitled
[2017.11.12-17.06.39:246][  0]LogInit: XAudio2 using 'Speakers / Headphones (Realtek High Definition Audio)' : 2 channels at 48 kHz using 32 bits per sample (channel mask 0x3)
[2017.11.12-17.06.39:645][  0]LogInit: FAudioDevice initialized.
[2017.11.12-17.06.39:990][  0]LogDerivedDataCache: Saved boot cache 0.34s 93MB C:/Users/Aric's PC/AppData/Local/UnrealEngine/4.17/DerivedDataCache/Boot.ddc.
[2017.11.12-17.06.40:015][  0]LogInit: Texture streaming: Enabled
[2017.11.12-17.06.40:594][  0]LogEngineSessionManager: EngineSessionManager initialized
[2017.11.12-17.06.41:866][  0]LogInit: Transaction tracking system initialized
[2017.11.12-17.06.43:723][  0]BlueprintLog: New page: Editor Load
[2017.11.12-17.06.49:479][  0]LocalizationService: Localization service is disabled
[2017.11.12-17.06.52:836][  0]LogConsoleResponse: Display: 
[2017.11.12-17.06.54:223][  0]LogCook: Display: Max memory allowance for cook 16384mb min free memory 0mb
[2017.11.12-17.06.54:223][  0]LogCook: Display: Mobile HDR setting 1
[2017.11.12-17.06.54:223][  0]LogGameplayTags: Display: UGameplayTagsManager::DoneAddingNativeTags. DelegateIsBound: 0
[2017.11.12-17.06.55:083][  0]LogFileCache: Scanning file cache for directory 'C:/Users/Aric's PC/Documents/Unreal Projects/CarProject/Content/' took 0.02s
[2017.11.12-17.06.59:717][  0]SourceControl: Source control is disabled
[2017.11.12-17.06.59:718][  0]Cmd: MAP LOAD FILE="../../../../../../Users/Aric's PC/Documents/Unreal Projects/CarProject/Content/VehicleAdvCPP/Maps/VehicleAdvExampleMap.umap" TEMPLATE=0 SHOWPROGRESS=1 FEATURELEVEL=3
[2017.11.12-17.06.59:719][  0]LightingResults: New page: Lighting Build
[2017.11.12-17.06.59:942][  0]MapCheck: New page: Map Check
[2017.11.12-17.06.59:942][  0]LightingResults: New page: Lighting Build
[2017.11.12-17.07.02:573][  0]LogAIModule: Creating AISystem for world VehicleAdvExampleMap
[2017.11.12-17.07.02:663][  0]LogMaterial: Warning: Material /Game/VehicleAdv/Materials/MasterGrid.MasterGrid needed to have new flag set bUsedWithSkeletalMesh !
[2017.11.12-17.07.02:669][  0]LogMaterial: Missing cached shader map for material MasterGrid, compiling. 
[2017.11.12-17.07.02:880][  0]MapCheck: Warning: MasterGrid Material /Game/VehicleAdv/Materials/MasterGrid.MasterGrid was missing the usage flag bUsedWithSkeletalMesh. If the material asset is not re-saved, it may not render correctly when run outside the editor. Fix
[2017.11.12-17.07.02:892][  0]LogEditorServer: Finished looking for orphan Actors (0.000 secs)
[2017.11.12-17.07.02:992][  0]Cmd: MAP CHECKDEP NOCLEARLOG
[2017.11.12-17.07.03:145][  0]MapCheck: Map check complete: 0 Error(s), 1 Warning(s), took 152.609ms to complete.
[2017.11.12-17.07.03:155][  0]LogFileHelpers: Loading map 'VehicleAdvExampleMap' took 3.437
[2017.11.12-17.07.03:761][  0]LogCollectionManager: Loaded 0 collections in 0.003113 seconds
[2017.11.12-17.07.03:901][  0]LogFileCache: Scanning file cache for directory 'C:/Users/Aric's PC/Documents/Unreal Projects/CarProject/Saved/Collections/' took 0.01s
[2017.11.12-17.07.03:901][  0]LogFileCache: Scanning file cache for directory 'C:/Users/Aric's PC/Documents/Unreal Projects/CarProject/Content/Developers/AricsPC/Collections/' took 0.01s
[2017.11.12-17.07.03:901][  0]LogFileCache: Scanning file cache for directory 'C:/Users/Aric's PC/Documents/Unreal Projects/CarProject/Content/Collections/' took 0.01s
[2017.11.12-17.07.03:901][  0]LogCollectionManager: Rebuilt the GUID cache for 0 collections in 0.000000 seconds
[2017.11.12-17.07.03:914][  0]LogContentBrowser: Native class hierarchy populated in 0.0126 seconds. Added 2394 classes and 505 folders.
[2017.11.12-17.07.04:085][  0]LogContentBrowser: Native class hierarchy updated for 'WidgetCarousel' in 0.0030 seconds. Added 0 classes and 0 folders.
[2017.11.12-17.07.06:412][  0]LogContentBrowser: Native class hierarchy updated for 'AddContentDialog' in 0.0032 seconds. Added 0 classes and 0 folders.
[2017.11.12-17.07.06:556][  0]LogContentBrowser: Native class hierarchy updated for 'SceneOutliner' in 0.0036 seconds. Added 1 classes and 2 folders.
[2017.11.12-17.07.06:624][  0]LogSlate: Took 0.015021 seconds to synchronously load lazily loaded font '../../../Engine/Content/Slate/Fonts/Roboto-Regular.ttf' (155K)
[2017.11.12-17.07.06:639][  0]LogSlate: Took 0.012801 seconds to synchronously load lazily loaded font '../../../Engine/Content/Slate/Fonts/Roboto-Bold.ttf' (160K)
[2017.11.12-17.07.06:661][  0]LogSlate: Took 0.014990 seconds to synchronously load lazily loaded font '../../../Engine/Content/Editor/Slate/Fonts/FontAwesome.ttf' (139K)
[2017.11.12-17.07.06:938][  0]LogRenderer: Reallocating scene render targets to support 964x436 Format 10 NumSamples 1 (Frame:1).
[2017.11.12-17.07.07:346][  0]LogContentBrowser: Native class hierarchy updated for 'HierarchicalLODOutliner' in 0.0032 seconds. Added 1 classes and 2 folders.
[2017.11.12-17.07.07:347][  0]LogLoad: (Engine Initialization) Total time: 122.57 seconds
[2017.11.12-17.07.07:347][  0]LogLoad: (Engine Initialization) Total Blueprint compile time: 0.00 seconds
[2017.11.12-17.07.07:347][  0]LogExternalProfiler: Found external profiler: VSPerf
[2017.11.12-17.07.07:347][  0]LogExternalProfiler: Using external profiler: VSPerf
[2017.11.12-17.07.07:369][  0]LogRawInputWindows: Warning: Found device 0 devices
[2017.11.12-17.07.07:369][  0]LogRawInputWindows: Warning: Found device 0 devices
[2017.11.12-17.07.07:369][  0]LogRawInputWindows: Warning: Device was registered succesfully but not connected (Usage:4 UsagePage:1
[2017.11.12-17.07.07:369][  0]LogRawInputWindows: Warning: Found device 1 devices
[2017.11.12-17.07.07:369][  0]LogRawInputWindows: Warning: Device was registered succesfully but not connected (Usage:5 UsagePage:1
[2017.11.12-17.07.07:391][  0]LogContentStreaming: Texture pool size now 1000 MB
[2017.11.12-17.07.07:439][  0]LogSlate: Took 0.000340 seconds to synchronously load lazily loaded font '../../../Engine/Content/Slate/Fonts/Roboto-Light.ttf' (159K)
[2017.11.12-17.07.07:475][  1]LogAssetRegistry: Asset discovery search completed in 82.3018 seconds
[2017.11.12-17.07.07:477][  1]LogCollectionManager: Rebuilt the object cache for 0 collections in 0.000000 seconds (found 0 objects)
[2017.11.12-17.07.07:477][  1]LogCollectionManager: Fixed up redirectors for 0 collections in 0.000056 seconds (updated 0 objects)
[2017.11.12-17.07.14:029][174]LogTemp: Repeating last play command: Selected Viewport
[2017.11.12-17.07.14:151][174]LogBlueprintUserMessages: Early PlayInEditor Detection: Level '/Game/VehicleAdvCPP/Maps/VehicleAdvExampleMap.VehicleAdvExampleMap:PersistentLevel' has LevelScriptBlueprint '/Game/VehicleAdvCPP/Maps/VehicleAdvExampleMap.VehicleAdvExampleMap:PersistentLevel.VehicleAdvExampleMap' with GeneratedClass '/Game/VehicleAdvCPP/Maps/VehicleAdvExampleMap.VehicleAdvExampleMap_C' with ClassGeneratedBy '/Game/VehicleAdvCPP/Maps/VehicleAdvExampleMap.VehicleAdvExampleMap:PersistentLevel.VehicleAdvExampleMap'
[2017.11.12-17.07.14:151][174]LogPlayLevel: PlayLevel: No blueprints needed recompiling
[2017.11.12-17.07.14:153][174]PIE: New page: PIE session: VehicleAdvExampleMap (Nov 12, 2017, 7:07:14 AM)
[2017.11.12-17.07.14:153][174]LogPlayLevel: Creating play world package: /Game/VehicleAdvCPP/Maps/UEDPIE_0_VehicleAdvExampleMap
[2017.11.12-17.07.14:247][174]LogPlayLevel: PIE: StaticDuplicateObject took: (0.094066s)
[2017.11.12-17.07.14:249][174]LogAIModule: Creating AISystem for world VehicleAdvExampleMap
[2017.11.12-17.07.14:249][174]LogPlayLevel: PIE: World Init took: (0.002505s)
[2017.11.12-17.07.14:250][174]LogPlayLevel: PIE: Created PIE world by copying editor world from /Game/VehicleAdvCPP/Maps/VehicleAdvExampleMap.VehicleAdvExampleMap to /Game/VehicleAdvCPP/Maps/UEDPIE_0_VehicleAdvExampleMap.VehicleAdvExampleMap (0.097625s)
[2017.11.12-17.07.14:299][174]LogInit: XAudio2 using 'Speakers / Headphones (Realtek High Definition Audio)' : 2 channels at 48 kHz using 32 bits per sample (channel mask 0x3)
[2017.11.12-17.07.14:389][174]LogInit: FAudioDevice initialized.
[2017.11.12-17.07.14:447][174]LogLoad: Game class is 'CarProjectGameMode'
[2017.11.12-17.07.14:481][174]LogWorld: Bringing World /Game/VehicleAdvCPP/Maps/UEDPIE_0_VehicleAdvExampleMap.VehicleAdvExampleMap up for play (max tick rate 0) at 2017.11.12-12.07.14
[2017.11.12-17.07.14:485][174]LogWorld: Bringing up level for play took: 0.025262
[2017.11.12-17.07.14:863][174]LogContentBrowser: Native class hierarchy updated for 'MovieSceneCapture' in 0.0115 seconds. Added 11 classes and 0 folders.
[2017.11.12-17.07.14:870][174]PIE: Play in editor start time for /Game/VehicleAdvCPP/Maps/UEDPIE_0_VehicleAdvExampleMap -0.138
[2017.11.12-17.07.14:905][174]LogBlueprintUserMessages: Late PlayInEditor Detection: Level '/Game/VehicleAdvCPP/Maps/VehicleAdvExampleMap.VehicleAdvExampleMap:PersistentLevel' has LevelScriptBlueprint '/Game/VehicleAdvCPP/Maps/VehicleAdvExampleMap.VehicleAdvExampleMap:PersistentLevel.VehicleAdvExampleMap' with GeneratedClass '/Game/VehicleAdvCPP/Maps/VehicleAdvExampleMap.VehicleAdvExampleMap_C' with ClassGeneratedBy '/Game/VehicleAdvCPP/Maps/VehicleAdvExampleMap.VehicleAdvExampleMap:PersistentLevel.VehicleAdvExampleMap'
[2017.11.12-17.07.16:440][232]LogBlueprintUserMessages: [BP_MyCarProjectPawn_5] 90
[2017.11.12-17.07.16:678][241]LogBlueprintUserMessages: [BP_MyCarProjectPawn_5] 80
[2017.11.12-17.07.17:400][269]LogBlueprintUserMessages: [BP_MyCarProjectPawn_5] 70
[2017.11.12-17.07.20:408][382]LogBlueprintUserMessages: [TP_VehicleAdvPawn5] 95
[2017.11.12-17.07.20:408][382]LogBlueprintUserMessages: [BP_MyCarProjectPawn_5] 65
[2017.11.12-17.07.23:889][519]LogBlueprintUserMessages: Early EndPlayMap Detection: Level '/Game/VehicleAdvCPP/Maps/VehicleAdvExampleMap.VehicleAdvExampleMap:PersistentLevel' has LevelScriptBlueprint '/Game/VehicleAdvCPP/Maps/VehicleAdvExampleMap.VehicleAdvExampleMap:PersistentLevel.VehicleAdvExampleMap' with GeneratedClass '/Game/VehicleAdvCPP/Maps/VehicleAdvExampleMap.VehicleAdvExampleMap_C' with ClassGeneratedBy '/Game/VehicleAdvCPP/Maps/VehicleAdvExampleMap.VehicleAdvExampleMap:PersistentLevel.VehicleAdvExampleMap'
[2017.11.12-17.07.23:946][519]LogBlueprintUserMessages: Late EndPlayMap Detection: Level '/Game/VehicleAdvCPP/Maps/VehicleAdvExampleMap.VehicleAdvExampleMap:PersistentLevel' has LevelScriptBlueprint '/Game/VehicleAdvCPP/Maps/VehicleAdvExampleMap.VehicleAdvExampleMap:PersistentLevel.VehicleAdvExampleMap' with GeneratedClass '/Game/VehicleAdvCPP/Maps/VehicleAdvExampleMap.VehicleAdvExampleMap_C' with ClassGeneratedBy '/Game/VehicleAdvCPP/Maps/VehicleAdvExampleMap.VehicleAdvExampleMap:PersistentLevel.VehicleAdvExampleMap'
[2017.11.12-17.07.27:380][611]LogTemp: Repeating last play command: Selected Viewport
[2017.11.12-17.07.29:037][611]LogBlueprintUserMessages: Early PlayInEditor Detection: Level '/Game/VehicleAdvCPP/Maps/VehicleAdvExampleMap.VehicleAdvExampleMap:PersistentLevel' has LevelScriptBlueprint '/Game/VehicleAdvCPP/Maps/VehicleAdvExampleMap.VehicleAdvExampleMap:PersistentLevel.VehicleAdvExampleMap' with GeneratedClass '/Game/VehicleAdvCPP/Maps/VehicleAdvExampleMap.VehicleAdvExampleMap_C' with ClassGeneratedBy '/Game/VehicleAdvCPP/Maps/VehicleAdvExampleMap.VehicleAdvExampleMap:PersistentLevel.VehicleAdvExampleMap'
[2017.11.12-17.07.29:037][611]LogPlayLevel: PlayLevel: No blueprints needed recompiling
[2017.11.12-17.07.29:038][611]PIE: New page: PIE session: VehicleAdvExampleMap (Nov 12, 2017, 7:07:29 AM)
[2017.11.12-17.07.29:038][611]LogPlayLevel: Creating play world package: /Game/VehicleAdvCPP/Maps/UEDPIE_0_VehicleAdvExampleMap
[2017.11.12-17.07.29:121][611]LogPlayLevel: PIE: StaticDuplicateObject took: (0.082829s)
[2017.11.12-17.07.29:123][611]LogAIModule: Creating AISystem for world VehicleAdvExampleMap
[2017.11.12-17.07.29:123][611]LogPlayLevel: PIE: World Init took: (0.002280s)
[2017.11.12-17.07.29:124][611]LogPlayLevel: PIE: Created PIE world by copying editor world from /Game/VehicleAdvCPP/Maps/VehicleAdvExampleMap.VehicleAdvExampleMap to /Game/VehicleAdvCPP/Maps/UEDPIE_0_VehicleAdvExampleMap.VehicleAdvExampleMap (0.085893s)
[2017.11.12-17.07.29:167][611]LogInit: XAudio2 using 'Speakers / Headphones (Realtek High Definition Audio)' : 2 channels at 48 kHz using 32 bits per sample (channel mask 0x3)
[2017.11.12-17.07.29:258][611]LogInit: FAudioDevice initialized.
[2017.11.12-17.07.29:310][611]LogLoad: Game class is 'CarProjectGameMode'
[2017.11.12-17.07.29:337][611]LogWorld: Bringing World /Game/VehicleAdvCPP/Maps/UEDPIE_0_VehicleAdvExampleMap.VehicleAdvExampleMap up for play (max tick rate 0) at 2017.11.12-12.07.29
[2017.11.12-17.07.29:340][611]LogWorld: Bringing up level for play took: 0.022263
[2017.11.12-17.07.29:346][611]PIE: Play in editor start time for /Game/VehicleAdvCPP/Maps/UEDPIE_0_VehicleAdvExampleMap 0.338
[2017.11.12-17.07.29:347][611]LogBlueprintUserMessages: Late PlayInEditor Detection: Level '/Game/VehicleAdvCPP/Maps/VehicleAdvExampleMap.VehicleAdvExampleMap:PersistentLevel' has LevelScriptBlueprint '/Game/VehicleAdvCPP/Maps/VehicleAdvExampleMap.VehicleAdvExampleMap:PersistentLevel.VehicleAdvExampleMap' with GeneratedClass '/Game/VehicleAdvCPP/Maps/VehicleAdvExampleMap.VehicleAdvExampleMap_C' with ClassGeneratedBy '/Game/VehicleAdvCPP/Maps/VehicleAdvExampleMap.VehicleAdvExampleMap:PersistentLevel.VehicleAdvExampleMap'
[2017.11.12-17.07.29:602][620]LogBlueprintUserMessages: [BP_MyCarProjectPawn_5] 90
[2017.11.12-17.07.32:960][765]LogBlueprintUserMessages: [BP_MyCarProjectPawn_5] 85
[2017.11.12-17.07.32:961][765]LogBlueprintUserMessages: [TP_VehicleAdvPawn5] 95
[2017.11.12-17.07.33:008][767]LogBlueprintUserMessages: [BP_MyCarProjectPawn_5] 80
[2017.11.12-17.07.33:008][767]LogBlueprintUserMessages: [TP_VehicleAdvPawn5] 90
[2017.11.12-17.08.13:473][584]LogBlueprintUserMessages: Early EndPlayMap Detection: Level '/Game/VehicleAdvCPP/Maps/VehicleAdvExampleMap.VehicleAdvExampleMap:PersistentLevel' has LevelScriptBlueprint '/Game/VehicleAdvCPP/Maps/VehicleAdvExampleMap.VehicleAdvExampleMap:PersistentLevel.VehicleAdvExampleMap' with GeneratedClass '/Game/VehicleAdvCPP/Maps/VehicleAdvExampleMap.VehicleAdvExampleMap_C' with ClassGeneratedBy '/Game/VehicleAdvCPP/Maps/VehicleAdvExampleMap.VehicleAdvExampleMap:PersistentLevel.VehicleAdvExampleMap'
[2017.11.12-17.08.13:527][584]LogBlueprintUserMessages: Late EndPlayMap Detection: Level '/Game/VehicleAdvCPP/Maps/VehicleAdvExampleMap.VehicleAdvExampleMap:PersistentLevel' has LevelScriptBlueprint '/Game/VehicleAdvCPP/Maps/VehicleAdvExampleMap.VehicleAdvExampleMap:PersistentLevel.VehicleAdvExampleMap' with GeneratedClass '/Game/VehicleAdvCPP/Maps/VehicleAdvExampleMap.VehicleAdvExampleMap_C' with ClassGeneratedBy '/Game/VehicleAdvCPP/Maps/VehicleAdvExampleMap.VehicleAdvExampleMap:PersistentLevel.VehicleAdvExampleMap'
[2017.11.12-17.08.15:163][655]LogEditorViewport: Clicking on Actor (LMB): StaticMeshActor (AV_straight_full_20)
[2017.11.12-17.08.19:020][658]LogEditorViewport: Clicking on Actor (LMB): StaticMeshActor (AV_straight_full_70)
[2017.11.12-17.08.19:125][658]LogEditorViewport: Clicking on Actor (LMB): StaticMeshActor (AV_straight_full_70)
[2017.11.12-17.08.19:149][658]LogEditorViewport: Clicking on Actor (LMB): StaticMeshActor (AV_straight_full_70)
[2017.11.12-17.08.24:096][865]LogEditorViewport: Clicking on Actor (LMB): StaticMeshActor (AV_straight_full_20)
[2017.11.12-17.08.51:341][ 21]LogEditorViewport: Clicking on Actor (LMB): StaticMeshActor (AV_straight_full_70)
[2017.11.12-17.08.58:374][350]LogEditorViewport: Clicking on Actor (LMB): StaticMeshActor (AV_straight_full_70)
[2017.11.12-17.08.59:458][400]LogEditorViewport: Clicking on Actor (LMB): StaticMeshActor (AV_straight_full_70)
[2017.11.12-17.09.00:376][441]LogEditorViewport: Clicking on Actor (LMB): StaticMeshActor (AV_straight_full_70)
[2017.11.12-17.09.20:541][352]LogSlate: Took 0.000637 seconds to synchronously load lazily loaded font '../../../Engine/Content/Slate/Fonts/Roboto-Light.ttf' (159K)
[2017.11.12-17.09.21:242][352]LogSlate: Took 0.000620 seconds to synchronously load lazily loaded font '../../../Engine/Content/Slate/Fonts/Roboto-Regular.ttf' (155K)
[2017.11.12-17.09.22:213][352]LogContentBrowser: Native class hierarchy updated for 'BlueprintGraph' in 0.0107 seconds. Added 113 classes and 0 folders.
[2017.11.12-17.09.24:850][352]LogSlate: Took 0.015925 seconds to synchronously load lazily loaded font '../../../Engine/Content/Editor/Slate/Fonts/Roboto-BoldCondensed.ttf' (158K)
[2017.11.12-17.09.25:337][353]LogSlate: Took 0.014007 seconds to synchronously load lazily loaded font '../../../Engine/Content/Editor/Slate/Fonts/Roboto-Italic.ttf' (157K)
[2017.11.12-17.10.53:478][838]LogWindowsTextInputMethodSystem: Display: IME system now deactivated.
[2017.11.12-17.10.53:830][839]Cmd: QUIT_EDITOR
[2017.11.12-17.10.54:368][839]LogExit: Preparing to exit.
[2017.11.12-17.10.55:711][839]LogDirectoryWatcher: A directory notification for 'C:/Users/Aric's PC/Documents/Unreal Projects/CarProject/Content/' was aborted.
[2017.11.12-17.10.55:828][839]LogExit: Editor shut down
[2017.11.12-17.10.55:844][839]LogExit: Transaction tracking system shut down
[2017.11.12-17.10.56:164][839]LogDirectoryWatcher: A directory notification for '../../../Engine/Content/' was aborted.
[2017.11.12-17.10.56:165][839]LogDirectoryWatcher: A directory notification for '../../../../../../Users/Aric's PC/Documents/Unreal Projects/CarProject/Content/' was aborted.
[2017.11.12-17.10.56:165][839]LogDirectoryWatcher: A directory notification for '../../../Engine/Plugins/2D/Paper2D/Content/' was aborted.
[2017.11.12-17.10.56:165][839]LogDirectoryWatcher: A directory notification for '../../../Engine/Plugins/Runtime/Oculus/OculusVR/Content/' was aborted.
[2017.11.12-17.10.56:166][839]LogDirectoryWatcher: A directory notification for '../../../Engine/Plugins/Runtime/Steam/SteamVR/Content/' was aborted.
[2017.11.12-17.10.56:413][839]LogExit: Object subsystem successfully closed.
[2017.11.12-17.10.56:446][839]LogD3D11RHI: Shutdown
[2017.11.12-17.10.56:446][839]LogD3D11RHI: CleanupD3DDevice
[2017.11.12-17.10.56:768][839]LogD3D11RHI: ~FD3D11DynamicRHI
[2017.11.12-17.10.56:864][839]LogModuleManager: Shutting down and abandoning module BlueprintGraph (540)
[2017.11.12-17.10.56:864][839]LogModuleManager: Shutting down and abandoning module BlueprintProfiler (538)
[2017.11.12-17.10.56:864][839]LogModuleManager: Shutting down and abandoning module MovieSceneCapture (536)
[2017.11.12-17.10.56:865][839]LogModuleManager: Shutting down and abandoning module HierarchicalLODOutliner (534)
[2017.11.12-17.10.56:865][839]LogModuleManager: Shutting down and abandoning module SceneOutliner (532)
[2017.11.12-17.10.56:865][839]LogModuleManager: Shutting down and abandoning module AddContentDialog (530)
[2017.11.12-17.10.56:865][839]LogDirectoryWatcher: A directory notification for 'C:/Program Files/Epic Games/UE_4.17/FeaturePacks/' was aborted.
[2017.11.12-17.10.56:868][839]LogModuleManager: Shutting down and abandoning module WidgetCarousel (529)
[2017.11.12-17.10.56:868][839]LogModuleManager: Shutting down and abandoning module EditorWidgets (526)
[2017.11.12-17.10.56:868][839]LogModuleManager: Shutting down and abandoning module CollectionManager (524)
[2017.11.12-17.10.56:868][839]LogDirectoryWatcher: A directory notification for 'C:/Users/Aric's PC/Documents/Unreal Projects/CarProject/Content/Collections/' was aborted.
[2017.11.12-17.10.56:869][839]LogDirectoryWatcher: A directory notification for 'C:/Users/Aric's PC/Documents/Unreal Projects/CarProject/Content/Developers/AricsPC/Collections/' was aborted.
[2017.11.12-17.10.56:869][839]LogDirectoryWatcher: A directory notification for 'C:/Users/Aric's PC/Documents/Unreal Projects/CarProject/Saved/Collections/' was aborted.
[2017.11.12-17.10.56:869][839]LogModuleManager: Shutting down and abandoning module StatsViewer (522)
[2017.11.12-17.10.56:869][839]LogModuleManager: Shutting down and abandoning module FoliageEdit (520)
[2017.11.12-17.10.56:869][839]LogModuleManager: Shutting down and abandoning module LandscapeEditor (518)
[2017.11.12-17.10.56:870][839]LogModuleManager: Shutting down and abandoning module MeshPaintMode (516)
[2017.11.12-17.10.56:870][839]LogModuleManager: Shutting down and abandoning module SceneDepthPickerMode (514)
[2017.11.12-17.10.56:870][839]LogModuleManager: Shutting down and abandoning module ActorPickerMode (512)
[2017.11.12-17.10.56:870][839]LogModuleManager: Shutting down and abandoning module GeometryMode (510)
[2017.11.12-17.10.56:870][839]LogModuleManager: Shutting down and abandoning module TextureAlignMode (508)
[2017.11.12-17.10.56:870][839]LogModuleManager: Shutting down and abandoning module BspMode (506)
[2017.11.12-17.10.56:870][839]LogModuleManager: Shutting down and abandoning module PIEPreviewDeviceProfileSelector (504)
[2017.11.12-17.10.56:870][839]LogModuleManager: Shutting down and abandoning module HardwareSurvey (502)
[2017.11.12-17.10.56:870][839]LogModuleManager: Shutting down and abandoning module SequenceRecorderSections (500)
[2017.11.12-17.10.56:870][839]LogModuleManager: Shutting down and abandoning module AutomationWorker (498)
[2017.11.12-17.10.56:870][839]LogModuleManager: Shutting down and abandoning module MatineeToLevelSequence (496)
[2017.11.12-17.10.56:871][839]LogModuleManager: Shutting down and abandoning module LevelSequenceEditor (494)
[2017.11.12-17.10.56:871][839]LogModuleManager: Shutting down and abandoning module PlacementMode (493)
[2017.11.12-17.10.56:871][839]LogModuleManager: Shutting down and abandoning module WmfMediaFactory (490)
[2017.11.12-17.10.56:871][839]LogModuleManager: Shutting down and abandoning module WmfMediaEditor (488)
[2017.11.12-17.10.56:871][839]LogModuleManager: Shutting down and abandoning module AvfMediaFactory (486)
[2017.11.12-17.10.56:871][839]LogModuleManager: Shutting down and abandoning module AvfMediaEditor (484)
[2017.11.12-17.10.56:871][839]LogModuleManager: Shutting down and abandoning module AndroidMediaFactory (482)
[2017.11.12-17.10.56:871][839]LogModuleManager: Shutting down and abandoning module Media (481)
[2017.11.12-17.10.56:871][839]LogModuleManager: Shutting down and abandoning module AndroidMediaEditor (478)
[2017.11.12-17.10.56:871][839]LogModuleManager: Shutting down and abandoning module CharacterAI (476)
[2017.11.12-17.10.56:871][839]LogModuleManager: Shutting down and abandoning module AudioCapture (474)
[2017.11.12-17.10.56:871][839]LogModuleManager: Shutting down and abandoning module SequenceRecorder (473)
[2017.11.12-17.10.56:871][839]LogModuleManager: Shutting down and abandoning module SmartSnapping (470)
[2017.11.12-17.10.56:871][839]LogModuleManager: Shutting down and abandoning module SessionServices (468)
[2017.11.12-17.10.56:872][839]LogModuleManager: Shutting down and abandoning module ViewportSnapping (466)
[2017.11.12-17.10.56:872][839]LogModuleManager: Shutting down and abandoning module ViewportInteraction (464)
[2017.11.12-17.10.56:872][839]LogModuleManager: Shutting down and abandoning module ClothPainter (462)
[2017.11.12-17.10.56:872][839]LogModuleManager: Shutting down and abandoning module LogVisualizer (460)
[2017.11.12-17.10.56:872][839]LogModuleManager: Shutting down and abandoning module IntroTutorials (458)
[2017.11.12-17.10.56:872][839]LogModuleManager: Shutting down and abandoning module GameProjectGeneration (457)
[2017.11.12-17.10.56:872][839]LogModuleManager: Shutting down and abandoning module IOSPlatformEditor (454)
[2017.11.12-17.10.56:872][839]LogModuleManager: Shutting down and abandoning module HTML5PlatformEditor (452)
[2017.11.12-17.10.56:873][839]LogModuleManager: Shutting down and abandoning module AndroidPlatformEditor (450)
[2017.11.12-17.10.56:873][839]LogModuleManager: Shutting down and abandoning module AndroidDeviceDetection (449)
[2017.11.12-17.10.57:305][839]LogModuleManager: Shutting down and abandoning module WindowsPlatformEditor (446)
[2017.11.12-17.10.57:305][839]LogModuleManager: Shutting down and abandoning module IOSRuntimeSettings (444)
[2017.11.12-17.10.57:305][839]LogModuleManager: Shutting down and abandoning module AndroidRuntimeSettings (442)
[2017.11.12-17.10.57:305][839]LogModuleManager: Shutting down and abandoning module InputBindingEditor (440)
[2017.11.12-17.10.57:305][839]LogModuleManager: Shutting down and abandoning module MergeActors (438)
[2017.11.12-17.10.57:305][839]LogModuleManager: Shutting down and abandoning module SizeMap (436)
[2017.11.12-17.10.57:305][839]LogModuleManager: Shutting down and abandoning module TreeMap (434)
[2017.11.12-17.10.57:305][839]LogModuleManager: Shutting down and abandoning module ReferenceViewer (432)
[2017.11.12-17.10.57:305][839]LogModuleManager: Shutting down and abandoning module LocalizationDashboard (430)
[2017.11.12-17.10.57:305][839]LogModuleManager: Shutting down and abandoning module LocalizationService (429)
[2017.11.12-17.10.57:305][839]LogModuleManager: Shutting down and abandoning module HardwareTargeting (426)
[2017.11.12-17.10.57:306][839]LogModuleManager: Shutting down and abandoning module DeviceProfileEditor (424)
[2017.11.12-17.10.57:306][839]LogModuleManager: Shutting down and abandoning module UndoHistory (422)
[2017.11.12-17.10.57:306][839]LogModuleManager: Shutting down and abandoning module XmlParser (420)
[2017.11.12-17.10.57:306][839]LogModuleManager: Shutting down and abandoning module Blutility (418)
[2017.11.12-17.10.57:306][839]LogModuleManager: Shutting down and abandoning module ProjectSettingsViewer (416)
[2017.11.12-17.10.57:306][839]LogModuleManager: Shutting down and abandoning module ProjectTargetPlatformEditor (415)
[2017.11.12-17.10.57:306][839]LogModuleManager: Shutting down and abandoning module EditorSettingsViewer (412)
[2017.11.12-17.10.57:307][839]LogModuleManager: Shutting down and abandoning module SettingsEditor (410)
[2017.11.12-17.10.57:307][839]LogModuleManager: Shutting down and abandoning module ProjectLauncher (408)
[2017.11.12-17.10.57:307][839]LogModuleManager: Shutting down and abandoning module SessionFrontend (406)
[2017.11.12-17.10.57:307][839]LogModuleManager: Shutting down and abandoning module ProfilerClient (404)
[2017.11.12-17.10.57:307][839]LogModuleManager: Shutting down and abandoning module DeviceManager (402)
[2017.11.12-17.10.57:307][839]LogModuleManager: Shutting down and abandoning module TargetDeviceServices (401)
[2017.11.12-17.10.57:362][839]LogModuleManager: Shutting down and abandoning module AutomationController (398)
[2017.11.12-17.10.57:362][839]LogModuleManager: Shutting down and abandoning module AutomationWindow (396)
[2017.11.12-17.10.57:362][839]LogModuleManager: Shutting down and abandoning module Layers (394)
[2017.11.12-17.10.57:362][839]LogModuleManager: Shutting down and abandoning module ComponentVisualizers (392)
[2017.11.12-17.10.57:362][839]LogModuleManager: Shutting down and abandoning module DetailCustomizations (390)
[2017.11.12-17.10.57:362][839]LogModuleManager: Shutting down and abandoning module PackagesDialog (388)
[2017.11.12-17.10.57:362][839]LogModuleManager: Shutting down and abandoning module Persona (386)
[2017.11.12-17.10.57:363][839]LogModuleManager: Shutting down and abandoning module AdvancedPreviewScene (385)
[2017.11.12-17.10.57:363][839]LogModuleManager: Shutting down and abandoning module AnimGraph (383)
[2017.11.12-17.10.57:363][839]LogModuleManager: Shutting down and abandoning module Kismet (380)
[2017.11.12-17.10.57:383][839]LogModuleManager: Shutting down and abandoning module ClassViewer (378)
[2017.11.12-17.10.57:383][839]LogModuleManager: Shutting down and abandoning module Toolbox (376)
[2017.11.12-17.10.57:383][839]LogModuleManager: Shutting down and abandoning module ModuleUI (374)
[2017.11.12-17.10.57:383][839]LogModuleManager: Shutting down and abandoning module MovieSceneTools (372)
[2017.11.12-17.10.57:383][839]LogModuleManager: Shutting down and abandoning module OutputLog (370)
[2017.11.12-17.10.57:383][839]LogModuleManager: Shutting down and abandoning module GammaUI (368)
[2017.11.12-17.10.57:383][839]LogModuleManager: Shutting down and abandoning module Documentation (366)
[2017.11.12-17.10.57:384][839]LogModuleManager: Shutting down and abandoning module MovieSceneTracks (364)
[2017.11.12-17.10.57:384][839]LogModuleManager: Shutting down and abandoning module MovieScene (362)
[2017.11.12-17.10.57:384][839]LogModuleManager: Shutting down and abandoning module Niagara (360)
[2017.11.12-17.10.57:384][839]LogModuleManager: Shutting down and abandoning module NiagaraEditor (359)
[2017.11.12-17.10.57:384][839]LogModuleManager: Shutting down and abandoning module StreamingPauseRendering (356)
[2017.11.12-17.10.57:384][839]LogModuleManager: Shutting down and abandoning module LauncherPlatform (354)
[2017.11.12-17.10.57:384][839]LogModuleManager: Shutting down and abandoning module AnalyticsET (352)
[2017.11.12-17.10.57:384][839]LogModuleManager: Shutting down and abandoning module PortalServices (350)
[2017.11.12-17.10.57:384][839]LogModuleManager: Shutting down and abandoning module PortalRpc (348)
[2017.11.12-17.10.57:384][839]LogModuleManager: Shutting down and abandoning module MessagingRpc (346)
[2017.11.12-17.10.57:384][839]LogModuleManager: Shutting down and abandoning module AIModule (344)
[2017.11.12-17.10.57:384][839]LogModuleManager: Shutting down and abandoning module GameplayDebugger (343)
[2017.11.12-17.10.57:384][839]LogModuleManager: Shutting down and abandoning module AITestSuite (341)
[2017.11.12-17.10.57:385][839]LogModuleManager: Shutting down and abandoning module ProfilerService (338)
[2017.11.12-17.10.57:442][839]LogModuleManager: Shutting down and abandoning module TaskGraph (336)
[2017.11.12-17.10.57:442][839]LogModuleManager: Shutting down and abandoning module SteamVRController (334)
[2017.11.12-17.10.57:442][839]LogModuleManager: Shutting down and abandoning module ProceduralMeshComponentEditor (332)
[2017.11.12-17.10.57:442][839]LogModuleManager: Shutting down and abandoning module ProceduralMeshComponent (330)
[2017.11.12-17.10.57:442][839]LogModuleManager: Shutting down and abandoning module OculusInput (328)
[2017.11.12-17.10.57:442][839]LogModuleManager: Shutting down and abandoning module MobilePatchingUtils (326)
[2017.11.12-17.10.57:442][839]LogModuleManager: Shutting down and abandoning module CustomMeshComponent (324)
[2017.11.12-17.10.57:442][839]LogModuleManager: Shutting down and abandoning module CableComponent (322)
[2017.11.12-17.10.57:442][839]LogModuleManager: Shutting down and abandoning module ArchVisCharacter (320)
[2017.11.12-17.10.57:442][839]LogModuleManager: Shutting down and abandoning module AndroidPermission (318)
[2017.11.12-17.10.57:442][839]LogModuleManager: Shutting down and abandoning module MediaPlayerEditor (314)
[2017.11.12-17.10.57:442][839]LogModuleManager: Shutting down and abandoning module RawInput (312)
[2017.11.12-17.10.57:443][839]LogModuleManager: Shutting down and abandoning module HTML5Networking (310)
[2017.11.12-17.10.57:443][839]LogModuleManager: Shutting down and abandoning module AlembicImporter (308)
[2017.11.12-17.10.57:443][839]LogModuleManager: Shutting down and abandoning module AlembicLibrary (307)
[2017.11.12-17.10.57:443][839]LogModuleManager: Shutting down and abandoning module GeometryCache (306)
[2017.11.12-17.10.57:443][839]LogModuleManager: Shutting down and abandoning module GeometryCacheEd (305)
[2017.11.12-17.10.57:443][839]LogModuleManager: Shutting down and abandoning module SpeedTreeImporter (300)
[2017.11.12-17.10.57:443][839]LogModuleManager: Shutting down and abandoning module PluginBrowser (298)
[2017.11.12-17.10.57:443][839]LogModuleManager: Shutting down and abandoning module MobileLauncherProfileWizard (296)
[2017.11.12-17.10.57:443][839]LogModuleManager: Shutting down and abandoning module VisualStudioSourceCodeAccess (294)
[2017.11.12-17.10.57:443][839]LogModuleManager: Shutting down and abandoning module DesktopPlatform (293)
[2017.11.12-17.10.57:444][839]LogModuleManager: Shutting down and abandoning module UObjectPlugin (290)
[2017.11.12-17.10.57:444][839]LogModuleManager: Shutting down and abandoning module SubversionSourceControl (288)
[2017.11.12-17.10.57:444][839]LogModuleManager: Shutting down and abandoning module PerforceSourceControl (286)
[2017.11.12-17.10.57:444][839]LogModuleManager: Shutting down and abandoning module GitSourceControl (284)
[2017.11.12-17.10.57:444][839]LogModuleManager: Shutting down and abandoning module SourceControl (283)
[2017.11.12-17.10.57:444][839]LogModuleManager: Shutting down and abandoning module LightPropagationVolumeEditor (280)
[2017.11.12-17.10.57:444][839]LogModuleManager: Shutting down and abandoning module PaperTiledImporter (278)
[2017.11.12-17.10.57:444][839]LogModuleManager: Shutting down and abandoning module PaperSpriteSheetImporter (276)
[2017.11.12-17.10.57:444][839]LogModuleManager: Shutting down and abandoning module Paper2DEditor (274)
[2017.11.12-17.10.57:444][839]LogModuleManager: Shutting down and abandoning module MeshPaint (273)
[2017.11.12-17.10.57:444][839]LogModuleManager: Shutting down and abandoning module LevelEditor (271)
[2017.11.12-17.10.57:446][839]LogModuleManager: Shutting down and abandoning module PixelInspectorModule (270)
[2017.11.12-17.10.57:447][839]LogModuleManager: Shutting down and abandoning module MainFrame (268)
[2017.11.12-17.10.57:447][839]LogModuleManager: Shutting down and abandoning module HotReload (267)
[2017.11.12-17.10.57:447][839]LogDirectoryWatcher: A directory notification for 'C:/Users/Aric's PC/Documents/Unreal Projects/CarProject/Binaries/Win64' was aborted.
[2017.11.12-17.10.57:448][839]LogModuleManager: Shutting down and abandoning module CarProject (262)
[2017.11.12-17.10.57:448][839]LogModuleManager: Shutting down and abandoning module RuntimePhysXCooking (260)
[2017.11.12-17.10.57:449][839]LogModuleManager: Shutting down and abandoning module PhysXVehiclesEditor (258)
[2017.11.12-17.10.57:449][839]LogModuleManager: Shutting down and abandoning module PhysXVehicles (256)
[2017.11.12-17.10.57:449][839]LogModuleManager: Shutting down and abandoning module OculusEditor (254)
[2017.11.12-17.10.57:449][839]LogModuleManager: Shutting down and abandoning module LocationServicesBPLibrary (252)
[2017.11.12-17.10.57:449][839]LogModuleManager: Shutting down and abandoning module ImmediatePhysicsEditor (250)
[2017.11.12-17.10.57:449][839]LogModuleManager: Shutting down and abandoning module ImmediatePhysics (248)
[2017.11.12-17.10.57:449][839]LogModuleManager: Shutting down and abandoning module UdpMessaging (246)
[2017.11.12-17.10.57:550][839]LogModuleManager: Shutting down and abandoning module TcpMessaging (244)
[2017.11.12-17.10.57:651][839]LogModuleManager: Shutting down and abandoning module GameplayTagsEditor (242)
[2017.11.12-17.10.57:651][839]LogModuleManager: Shutting down and abandoning module FacialAnimationEditor (240)
[2017.11.12-17.10.57:651][839]LogModuleManager: Shutting down and abandoning module FacialAnimation (238)
[2017.11.12-17.10.57:651][839]LogModuleManager: Shutting down and abandoning module AssetManagerEditor (236)
[2017.11.12-17.10.57:651][839]LogModuleManager: Shutting down and abandoning module GraphEditor (235)
[2017.11.12-17.10.57:652][839]LogModuleManager: Shutting down and abandoning module ContentBrowser (233)
[2017.11.12-17.10.57:654][839]LogModuleManager: Shutting down and abandoning module LightPropagationVolumeRuntime (230)
[2017.11.12-17.10.57:654][839]LogModuleManager: Shutting down and abandoning module Paper2D (228)
[2017.11.12-17.10.57:654][839]LogModuleManager: Shutting down and abandoning module WindowsMoviePlayer (226)
[2017.11.12-17.10.57:654][839]LogModuleManager: Shutting down and abandoning module WmfMedia (224)
[2017.11.12-17.10.57:655][839]LogModuleManager: Shutting down and abandoning module PacketHandler (222)
[2017.11.12-17.10.57:655][839]LogModuleManager: Shutting down and abandoning module ClothingSystemEditor (220)
[2017.11.12-17.10.57:655][839]LogModuleManager: Shutting down and abandoning module ClothingSystemRuntime (218)
[2017.11.12-17.10.57:655][839]LogModuleManager: Shutting down and abandoning module Overlay (216)
[2017.11.12-17.10.57:655][839]LogModuleManager: Shutting down and abandoning module OverlayEditor (215)
[2017.11.12-17.10.57:655][839]LogModuleManager: Shutting down and abandoning module MediaAssets (212)
[2017.11.12-17.10.57:655][839]LogModuleManager: Shutting down and abandoning module VREditor (210)
[2017.11.12-17.10.57:655][839]LogModuleManager: Shutting down and abandoning module StringTableEditor (208)
[2017.11.12-17.10.57:655][839]LogModuleManager: Shutting down and abandoning module GameplayTasksEditor (206)
[2017.11.12-17.10.57:655][839]LogModuleManager: Shutting down and abandoning module BehaviorTreeEditor (204)
[2017.11.12-17.10.57:655][839]LogModuleManager: Shutting down and abandoning module FunctionalTesting (202)
[2017.11.12-17.10.57:655][839]LogModuleManager: Shutting down and abandoning module CollisionAnalyzer (200)
[2017.11.12-17.10.57:656][839]LogModuleManager: Shutting down and abandoning module WorkspaceMenuStructure (199)
[2017.11.12-17.10.57:656][839]LogModuleManager: Shutting down and abandoning module UMG (196)
[2017.11.12-17.10.57:656][839]LogModuleManager: Shutting down and abandoning module UMGEditor (195)
[2017.11.12-17.10.57:656][839]LogModuleManager: Shutting down and abandoning module Sequencer (194)
[2017.11.12-17.10.57:656][839]LogModuleManager: Shutting down and abandoning module MessageLog (191)
[2017.11.12-17.10.57:656][839]LogModuleManager: Shutting down and abandoning module SlateReflector (186)
[2017.11.12-17.10.57:656][839]LogModuleManager: Shutting down and abandoning module Slate (184)
[2017.11.12-17.10.57:656][839]LogModuleManager: Shutting down and abandoning module EditorStyle (182)
[2017.11.12-17.10.57:667][839]LogModuleManager: Shutting down and abandoning module MRMesh (180)
[2017.11.12-17.10.57:667][839]LogModuleManager: Shutting down and abandoning module SourceCodeAccess (178)
[2017.11.12-17.10.57:667][839]LogModuleManager: Shutting down and abandoning module HeadMountedDisplay (176)
[2017.11.12-17.10.57:667][839]LogModuleManager: Shutting down and abandoning module XAudio2 (174)
[2017.11.12-17.10.57:667][839]LogModuleManager: Shutting down and abandoning module Networking (172)
[2017.11.12-17.10.57:667][839]LogModuleManager: Shutting down and abandoning module Core (168)
[2017.11.12-17.10.57:667][839]LogModuleManager: Shutting down and abandoning module KismetCompiler (164)
[2017.11.12-17.10.57:667][839]LogModuleManager: Shutting down and abandoning module LevelSequence (162)
[2017.11.12-17.10.57:667][839]LogModuleManager: Shutting down and abandoning module MeshUtilities (160)
[2017.11.12-17.10.57:667][839]LogModuleManager: Shutting down and abandoning module MeshMergeUtilities (159)
[2017.11.12-17.10.57:668][839]LogModuleManager: Shutting down and abandoning module MeshReductionInterface (158)
[2017.11.12-17.10.57:668][839]LogModuleManager: Shutting down and abandoning module SimplygonSwarm (157)
[2017.11.12-17.10.57:668][839]LogModuleManager: Shutting down and abandoning module SimplygonMeshReduction (155)
[2017.11.12-17.10.57:668][839]LogModuleManager: Shutting down and abandoning module QuadricMeshReduction (153)
[2017.11.12-17.10.57:668][839]LogModuleManager: Shutting down and abandoning module MaterialBaking (149)
[2017.11.12-17.10.57:668][839]LogModuleManager: Shutting down and abandoning module DirectoryWatcher (146)
[2017.11.12-17.10.57:670][839]LogModuleManager: Shutting down and abandoning module DerivedDataCache (144)
[2017.11.12-17.10.57:743][839]LogDerivedDataCache: Shutdown
[2017.11.12-17.10.57:743][839]LogModuleManager: Shutting down and abandoning module TargetPlatform (142)
[2017.11.12-17.10.57:743][839]LogModuleManager: Shutting down and abandoning module VulkanShaderFormat (141)
[2017.11.12-17.10.57:743][839]LogModuleManager: Shutting down and abandoning module ShaderFormatVectorVM (139)
[2017.11.12-17.10.57:744][839]LogModuleManager: Shutting down and abandoning module ShaderFormatOpenGL (137)
[2017.11.12-17.10.57:744][839]LogModuleManager: Shutting down and abandoning module ShaderFormatD3D (135)
[2017.11.12-17.10.57:744][839]LogModuleManager: Shutting down and abandoning module MetalShaderFormat (133)
[2017.11.12-17.10.57:744][839]LogModuleManager: Shutting down and abandoning module TextureFormatUncompressed (131)
[2017.11.12-17.10.57:744][839]LogModuleManager: Shutting down and abandoning module TextureFormatPVR (129)
[2017.11.12-17.10.57:744][839]LogModuleManager: Shutting down and abandoning module TextureFormatDXT (127)
[2017.11.12-17.10.57:744][839]LogModuleManager: Shutting down and abandoning module TextureFormatIntelISPCTexComp (125)
[2017.11.12-17.10.57:745][839]LogModuleManager: Shutting down and abandoning module TextureFormatASTC (123)
[2017.11.12-17.10.57:745][839]LogModuleManager: Shutting down and abandoning module ImageWrapper (122)
[2017.11.12-17.10.57:745][839]LogModuleManager: Shutting down and abandoning module TextureFormatAndroid (119)
[2017.11.12-17.10.57:745][839]LogModuleManager: Shutting down and abandoning module AudioFormatOpus (117)
[2017.11.12-17.10.57:745][839]LogModuleManager: Shutting down and abandoning module AudioFormatOgg (115)
[2017.11.12-17.10.57:745][839]LogModuleManager: Shutting down and abandoning module AudioFormatADPCM (113)
[2017.11.12-17.10.57:745][839]LogModuleManager: Shutting down and abandoning module LinuxTargetPlatform (111)
[2017.11.12-17.10.57:745][839]LogModuleManager: Shutting down and abandoning module LinuxServerTargetPlatform (109)
[2017.11.12-17.10.57:745][839]LogModuleManager: Shutting down and abandoning module LinuxNoEditorTargetPlatform (107)
[2017.11.12-17.10.57:745][839]LogModuleManager: Shutting down and abandoning module LinuxClientTargetPlatform (105)
[2017.11.12-17.10.57:745][839]LogModuleManager: Shutting down and abandoning module TVOSTargetPlatform (103)
[2017.11.12-17.10.57:745][839]LogModuleManager: Shutting down and abandoning module Messaging (101)
[2017.11.12-17.10.57:745][839]LogModuleManager: Shutting down and abandoning module IOSTargetPlatform (99)
[2017.11.12-17.10.57:745][839]LogModuleManager: Shutting down and abandoning module HTML5TargetPlatform (97)
[2017.11.12-17.10.57:745][839]LogModuleManager: Shutting down and abandoning module Android_PVRTCTargetPlatform (95)
[2017.11.12-17.10.57:745][839]LogModuleManager: Shutting down and abandoning module Android_MultiTargetPlatform (93)
[2017.11.12-17.10.57:745][839]LogModuleManager: Shutting down and abandoning module Android_ETC2TargetPlatform (91)
[2017.11.12-17.10.57:745][839]LogModuleManager: Shutting down and abandoning module Android_ETC1TargetPlatform (89)
[2017.11.12-17.10.57:745][839]LogModuleManager: Shutting down and abandoning module Android_DXTTargetPlatform (87)
[2017.11.12-17.10.57:746][839]LogModuleManager: Shutting down and abandoning module Android_ATCTargetPlatform (85)
[2017.11.12-17.10.57:746][839]LogModuleManager: Shutting down and abandoning module Android_ASTCTargetPlatform (83)
[2017.11.12-17.10.57:746][839]LogModuleManager: Shutting down and abandoning module AndroidTargetPlatform (81)
[2017.11.12-17.10.57:746][839]LogModuleManager: Shutting down and abandoning module WindowsTargetPlatform (79)
[2017.11.12-17.10.57:746][839]LogModuleManager: Shutting down and abandoning module WindowsServerTargetPlatform (77)
[2017.11.12-17.10.57:746][839]LogModuleManager: Shutting down and abandoning module WindowsNoEditorTargetPlatform (75)
[2017.11.12-17.10.57:746][839]LogModuleManager: Shutting down and abandoning module WindowsClientTargetPlatform (73)
[2017.11.12-17.10.57:746][839]LogModuleManager: Shutting down and abandoning module MacTargetPlatform (71)
[2017.11.12-17.10.57:746][839]LogModuleManager: Shutting down and abandoning module MacServerTargetPlatform (69)
[2017.11.12-17.10.57:746][839]LogModuleManager: Shutting down and abandoning module MacNoEditorTargetPlatform (67)
[2017.11.12-17.10.57:746][839]LogModuleManager: Shutting down and abandoning module MacClientTargetPlatform (65)
[2017.11.12-17.10.57:746][839]LogModuleManager: Shutting down and abandoning module AllDesktopTargetPlatform (63)
[2017.11.12-17.10.57:746][839]LogModuleManager: Shutting down and abandoning module InputCore (60)
[2017.11.12-17.10.57:746][839]LogModuleManager: Shutting down and abandoning module Settings (58)
[2017.11.12-17.10.57:746][839]LogModuleManager: Shutting down and abandoning module PhysXCooking (56)
[2017.11.12-17.10.57:746][839]LogModuleManager: Shutting down and abandoning module SteamVR (54)
[2017.11.12-17.10.57:746][839]LogModuleManager: Shutting down and abandoning module OculusHMD (52)
[2017.11.12-17.10.57:746][839]LogModuleManager: Shutting down and abandoning module ExampleDeviceProfileSelector (50)
[2017.11.12-17.10.57:747][839]LogModuleManager: Shutting down and abandoning module OnlineBlueprintSupport (48)
[2017.11.12-17.10.57:747][839]LogModuleManager: Shutting down and abandoning module OnlineSubsystem (44)
[2017.11.12-17.10.57:747][839]LogOnline: Display: Unloading online subsystem: NULL
[2017.11.12-17.10.57:747][839]LogModuleManager: Shutting down and abandoning module XMPP (43)
[2017.11.12-17.10.57:747][839]LogModuleManager: Shutting down and abandoning module HTTP (41)
[2017.11.12-17.10.57:747][839]LogHttp: Display: Http module shutting down, but needs to wait on 1 outstanding Http requests:
[2017.11.12-17.10.57:747][839]LogHttp: Display: 	verb=[POST] url=[https://datarouter.ol.epicgames.com/datarouter/api/v1/public/data?SessionID=%7B8932BBC9-41F6-D23F-5617-61AAF32A3E66%7D&AppID=UEEditor.Rocket.Release&AppVersion=4.17.2-3658906%2B%2B%2BUE4%2BRelease-4.17&UserID=cd1f60b7479b32bd24c174b1375c1b70%7C4ba7aa541e964517b0d99766beec29d1%7Cb30741d6-520e-4fea-be44-def22d0e3946&AppEnvironment=datacollector-binary&UploadType=eteventstream] status=Processing
[2017.11.12-17.10.57:754][839]LogModuleManager: Shutting down and abandoning module SSL (40)
[2017.11.12-17.10.57:758][839]LogModuleManager: Shutting down and abandoning module AnimationModifiers (36)
[2017.11.12-17.10.57:758][839]LogModuleManager: Shutting down and abandoning module PropertyEditor (35)
[2017.11.12-17.10.57:758][839]LogModuleManager: Shutting down and abandoning module AudioEditor (32)
[2017.11.12-17.10.57:758][839]LogModuleManager: Shutting down and abandoning module TextureCompressor (30)
[2017.11.12-17.10.57:759][839]LogModuleManager: Shutting down and abandoning module ShaderCore (28)
[2017.11.12-17.10.57:759][839]LogModuleManager: Shutting down and abandoning module Landscape (26)
[2017.11.12-17.10.57:759][839]LogModuleManager: Shutting down and abandoning module SlateRHIRenderer (24)
[2017.11.12-17.10.57:761][839]LogModuleManager: Shutting down and abandoning module OpenGLDrv (22)
[2017.11.12-17.10.57:762][839]LogModuleManager: Shutting down and abandoning module D3D11RHI (20)
[2017.11.12-17.10.57:762][839]LogModuleManager: Shutting down and abandoning module AnimGraphRuntime (18)
[2017.11.12-17.10.57:762][839]LogModuleManager: Shutting down and abandoning module Renderer (16)
[2017.11.12-17.10.57:762][839]LogModuleManager: Shutting down and abandoning module Engine (14)
[2017.11.12-17.10.57:762][839]LogModuleManager: Shutting down and abandoning module CoreUObject (12)
[2017.11.12-17.10.57:762][839]LogModuleManager: Shutting down and abandoning module NetworkFile (10)
[2017.11.12-17.10.57:762][839]LogModuleManager: Shutting down and abandoning module CookedIterativeFile (8)
[2017.11.12-17.10.57:762][839]LogModuleManager: Shutting down and abandoning module StreamingFile (6)
[2017.11.12-17.10.57:762][839]LogModuleManager: Shutting down and abandoning module SandboxFile (4)
[2017.11.12-17.10.57:762][839]LogModuleManager: Shutting down and abandoning module PakFile (2)
[2017.11.12-17.10.57:771][839]LogExit: Exiting.
[2017.11.12-17.10.57:818][839]Log file closed, 11/12/17 12:10:57
