Log file open, 10/17/17 17:53:43
LogWindows: Failed to load 'aqProf.dll' (GetLastError=126)
LogWindows: File 'aqProf.dll' does not exist
LogWindows: Failed to load 'VtuneApi.dll' (GetLastError=126)
LogWindows: File 'VtuneApi.dll' does not exist
LogWindows: Failed to load 'VtuneApi32e.dll' (GetLastError=126)
LogWindows: File 'VtuneApi32e.dll' does not exist
LogInit: Display: Running engine for game: CarProject
LogPlatformFile: Not using cached read wrapper
LogInit: Display: RandInit(-1326128836) SRandInit(-1326128836).
LogTaskGraph: Started task graph with 5 named threads and 14 total threads with 3 sets of task threads.
LogStats: Stats thread started at 0.220661
LogD3D11RHI: Aftermath initialized
LogPluginManager: Mounting plugin Paper2D
LogPluginManager: Mounting plugin LightPropagationVolume
LogPluginManager: Mounting plugin CodeLiteSourceCodeAccess
LogPluginManager: Mounting plugin GitSourceControl
LogPluginManager: Mounting plugin KDevelopSourceCodeAccess
LogPluginManager: Mounting plugin NullSourceCodeAccess
LogPluginManager: Mounting plugin PerforceSourceControl
LogPluginManager: Mounting plugin SubversionSourceControl
LogPluginManager: Mounting plugin UObjectPlugin
LogPluginManager: Mounting plugin VisualStudioSourceCodeAccess
LogPluginManager: Mounting plugin XCodeSourceCodeAccess
LogPluginManager: Mounting plugin AssetManagerEditor
LogPluginManager: Mounting plugin AudioCapture
LogPluginManager: Mounting plugin FacialAnimation
LogPluginManager: Mounting plugin GameplayTagsEditor
LogPluginManager: Mounting plugin MobileLauncherProfileWizard
LogPluginManager: Mounting plugin PluginBrowser
LogPluginManager: Mounting plugin SpeedTreeImporter
LogPluginManager: Mounting plugin AlembicImporter
LogPluginManager: Mounting plugin CharacterAI
LogPluginManager: Mounting plugin HTML5Networking
LogPluginManager: Mounting plugin RawInput
LogPluginManager: Mounting plugin AndroidMedia
LogPluginManager: Mounting plugin AvfMedia
LogPluginManager: Mounting plugin MediaPlayerEditor
LogPluginManager: Mounting plugin WmfMedia
LogPluginManager: Mounting plugin TcpMessaging
LogPluginManager: Mounting plugin UdpMessaging
LogPluginManager: Mounting plugin LevelSequenceEditor
LogPluginManager: Mounting plugin MatineeToLevelSequence
LogPluginManager: Mounting plugin OnlineSubsystemGooglePlay
LogPluginManager: Mounting plugin OnlineSubsystemIOS
LogPluginManager: Mounting plugin OnlineSubsystem
LogPluginManager: Mounting plugin OnlineSubsystemNull
LogPluginManager: Mounting plugin OnlineSubsystemUtils
LogPluginManager: Mounting plugin AndroidDeviceProfileSelector
LogPluginManager: Mounting plugin AndroidMoviePlayer
LogPluginManager: Mounting plugin AndroidPermission
LogPluginManager: Mounting plugin AppleMoviePlayer
LogPluginManager: Mounting plugin ArchVisCharacter
LogPluginManager: Mounting plugin CableComponent
LogPluginManager: Mounting plugin CustomMeshComponent
LogPluginManager: Mounting plugin ExampleDeviceProfileSelector
LogPluginManager: Mounting plugin GoogleCloudMessaging
LogPluginManager: Mounting plugin ImmediatePhysics
LogPluginManager: Mounting plugin IOSDeviceProfileSelector
LogPluginManager: Mounting plugin LinuxDeviceProfileSelector
LogPluginManager: Mounting plugin LocationServicesBPLibrary
LogPluginManager: Mounting plugin MobilePatchingUtils
LogPluginManager: Mounting plugin OculusVR
LogPluginManager: Mounting plugin PhysXVehicles
LogPluginManager: Mounting plugin ProceduralMeshComponent
LogPluginManager: Mounting plugin RuntimePhysXCooking
LogPluginManager: Mounting plugin SteamVR
LogPluginManager: Mounting plugin WindowsMoviePlayer
LogInit: Using libcurl 7.47.1
LogInit:  - built for x86_64-pc-win32
LogInit:  - supports SSL with OpenSSL/1.0.2g
LogInit:  - supports HTTP deflate (compression) using libz 1.2.8
LogInit:  - other features:
LogInit:      CURL_VERSION_SSL
LogInit:      CURL_VERSION_LIBZ
LogInit:      CURL_VERSION_IPV6
LogInit:      CURL_VERSION_ASYNCHDNS
LogInit:      CURL_VERSION_LARGEFILE
LogInit:      CURL_VERSION_IDN
LogInit:  CurlRequestOptions (configurable via config and command line):
LogInit:  - bVerifyPeer = false  - Libcurl will NOT verify peer certificate
LogInit:  - bUseHttpProxy = false  - Libcurl will NOT use HTTP proxy
LogInit:  - bDontReuseConnections = false  - Libcurl will reuse connections
LogInit:  - CertBundlePath = nullptr  - Libcurl will use whatever was configured at build time.
LogInit: Build: ++UE4+Release-4.17-CL-3658906
LogInit: Engine Version: 4.17.2-3658906+++UE4+Release-4.17
LogInit: Compatible Engine Version: 4.17.0-3573198+++UE4+Release-4.17
LogInit: Net CL: 3573198
LogDevObjectVersion: Number of dev versions registered: 16
LogDevObjectVersion:   Dev-Blueprints (B0D832E4-1F89-4F0D-ACCF-7EB736FD4AA2): 10
LogDevObjectVersion:   Dev-Build (E1C64328-A22C-4D53-A36C-8E866417BD8C): 0
LogDevObjectVersion:   Dev-Core (375EC13C-06E4-48FB-B500-84F0262A717E): 2
LogDevObjectVersion:   Dev-Editor (E4B068ED-F494-42E9-A231-DA0B2E46BB41): 20
LogDevObjectVersion:   Dev-Framework (CFFC743F-43B0-4480-9391-14DF171D2073): 28
LogDevObjectVersion:   Dev-Mobile (B02B49B5-BB20-44E9-A304-32B752E40360): 0
LogDevObjectVersion:   Dev-Networking (A4E4105C-59A1-49B5-A7C5-40C4547EDFEE): 0
LogDevObjectVersion:   Dev-Online (39C831C9-5AE6-47DC-9A44-9C173E1C8E7C): 0
LogDevObjectVersion:   Dev-Physics (78F01B33-EBEA-4F98-B9B4-84EACCB95AA2): 0
LogDevObjectVersion:   Dev-Platform (6631380F-2D4D-43E0-8009-CF276956A95A): 0
LogDevObjectVersion:   Dev-Rendering (12F88B9F-8875-4AFC-A67C-D90C383ABD29): 19
LogDevObjectVersion:   Dev-Sequencer (7B5AE74C-D270-4C10-A958-57980B212A5A): 4
LogDevObjectVersion:   Dev-VR (D7296918-1DD6-4BDD-9DE2-64A83CC13884): 0
LogDevObjectVersion:   Dev-LoadTimes (C2A15278-BFE7-4AFE-6C17-90FF531DF755): 1
LogDevObjectVersion:   Private-Geometry (6EACA3D4-40EC-4CC1-B786-8BED09428FC5): 1
LogDevObjectVersion:   Dev-AnimPhys (29E575DD-E0A3-4627-9D10-D276232CDCEA): 7
LogInit: Compiled (64-bit): Sep 22 2017 13:47:16
LogInit: Compiled with Visual C++: 19.00.24215.01
LogInit: Build Configuration: Development
LogInit: Branch Name: ++UE4+Release-4.17
LogInit: Command line:  
LogInit: Base directory: C:/Program Files/Epic Games/UE_4.17/Engine/Binaries/Win64/
LogInit: Installed Engine Build: 1
LogInit: Presizing for max 8388607 objects, including 0 objects not considered by GC, pre-allocating 0 bytes for permanent pool.
LogInit: Object subsystem initialized
[2017.10.17-21.53.45:539][  0]LogInit: Selected Device Profile: [Windows]
[2017.10.17-21.53.45:539][  0]LogInit: Applying CVar settings loaded from the selected device profile: [Windows]
[2017.10.17-21.53.45:578][  0]LogInit: Computer: DESKTOP-I9SMP4L
[2017.10.17-21.53.45:578][  0]LogInit: User: AricsPC
[2017.10.17-21.53.45:578][  0]LogInit: CPU Page size=4096, Cores=4
[2017.10.17-21.53.45:578][  0]LogInit: High frequency timer resolution =2.250001 MHz
[2017.10.17-21.53.45:579][  0]LogMemory: Memory total: Physical=7.9GB (8GB approx)
[2017.10.17-21.53.45:579][  0]LogMemory: Platform Memory Stats for Windows
[2017.10.17-21.53.45:579][  0]LogMemory: Process Physical Memory: 277.55 MB used, 277.55 MB peak
[2017.10.17-21.53.45:579][  0]LogMemory: Process Virtual Memory: 274.11 MB used, 274.11 MB peak
[2017.10.17-21.53.45:579][  0]LogMemory: Physical Memory: 4026.82 MB used,  4038.44 MB free, 8065.26 MB total
[2017.10.17-21.53.45:579][  0]LogMemory: Virtual Memory: 668.18 MB used,  4038.44 MB free, 134217728.00 MB total
[2017.10.17-21.53.49:034][  0]LogInit: Using OS detected language (en-US).
[2017.10.17-21.53.49:034][  0]LogInit: Using OS detected locale (en-US).
[2017.10.17-21.53.49:039][  0]LogTextLocalizationManager: No specific localization for 'en-US' exists, so the 'en' localization will be used.
[2017.10.17-21.53.49:937][  0]LogD3D11RHI: D3D11 adapters:
[2017.10.17-21.53.50:617][  0]LogD3D11RHI:    0. 'NVIDIA GeForce GTX 960M' (Feature Level 11_0)
[2017.10.17-21.53.50:617][  0]LogD3D11RHI:       4065/0/4032 MB DedicatedVideo/DedicatedSystem/SharedSystem, Outputs:1, VendorId:0x10de
[2017.10.17-21.53.50:626][  0]LogD3D11RHI:    1. 'Intel(R) HD Graphics 530' (Feature Level 11_0)
[2017.10.17-21.53.50:626][  0]LogD3D11RHI:       128/0/4032 MB DedicatedVideo/DedicatedSystem/SharedSystem, Outputs:0, VendorId:0x8086
[2017.10.17-21.53.50:627][  0]LogD3D11RHI:    2. 'Microsoft Basic Render Driver' (Feature Level 11_0)
[2017.10.17-21.53.50:627][  0]LogD3D11RHI:       0/0/4032 MB DedicatedVideo/DedicatedSystem/SharedSystem, Outputs:0, VendorId:0x1414
[2017.10.17-21.53.50:627][  0]LogD3D11RHI: Chosen D3D11 Adapter: 0
[2017.10.17-21.53.50:635][  0]LogD3D11RHI: Creating new Direct3DDevice
[2017.10.17-21.53.50:635][  0]LogD3D11RHI:     GPU DeviceId: 0x139b (for the marketing name, search the web for "GPU Device Id")
[2017.10.17-21.53.50:635][  0]LogWindows: EnumDisplayDevices:
[2017.10.17-21.53.50:635][  0]LogWindows:    0. 'Intel(R) HD Graphics 530' (P:1 D:1)
[2017.10.17-21.53.50:635][  0]LogWindows:    1. 'Intel(R) HD Graphics 530' (P:0 D:0)
[2017.10.17-21.53.50:636][  0]LogWindows:    2. 'Intel(R) HD Graphics 530' (P:0 D:0)
[2017.10.17-21.53.50:636][  0]LogWindows: DebugString: PrimaryIsNotTheChoosenAdapter PrimaryIsNotTheChoosenAdapter PrimaryIsNotTheChoosenAdapter FoundDriverCount:0 
[2017.10.17-21.53.50:636][  0]LogD3D11RHI:     Adapter Name: NVIDIA GeForce GTX 960M
[2017.10.17-21.53.50:636][  0]LogD3D11RHI:   Driver Version: Unknown (internal:Unknown, unified:Unknown)
[2017.10.17-21.53.50:636][  0]LogD3D11RHI:      Driver Date: Unknown
[2017.10.17-21.53.50:636][  0]LogRHI: Texture pool is 1361 MB (70% of 1945 MB)
[2017.10.17-21.53.50:681][  0]LogD3D11RHI: Async texture creation enabled
[2017.10.17-21.53.50:695][  0]LogD3D11RHI: GPU Timing Frequency: 1000.000000 (Debug: 2 1)
[2017.10.17-21.53.50:696][  0]LogShaderCompilers: Guid format shader working directory is -21 characters bigger than the processId version (../../../../../../Users/Aric's PC/Documents/Unreal Projects/CarProject/Intermediate/Shaders/WorkingDirectory/13960/).
[2017.10.17-21.53.50:696][  0]LogShaderCompilers: Cleaned the shader compiler working directory 'C:/Users/Aric's PC/AppData/Local/Temp/UnrealShaderWorkingDir/C0D74DB94554118E7AD2119CDFDE15B9/'.
[2017.10.17-21.53.50:696][  0]LogShaderCompilers: Display: Using Local Shader Compiler.
[2017.10.17-21.53.51:983][  0]LogTemp: Display: Loaded TP AllDesktopTargetPlatform
[2017.10.17-21.53.52:071][  0]LogTemp: Display: Loaded TP MacClientTargetPlatform
[2017.10.17-21.53.52:159][  0]LogTemp: Display: Loaded TP MacNoEditorTargetPlatform
[2017.10.17-21.53.52:250][  0]LogTemp: Display: Loaded TP MacServerTargetPlatform
[2017.10.17-21.53.52:338][  0]LogTemp: Display: Loaded TP MacTargetPlatform
[2017.10.17-21.53.52:425][  0]LogTemp: Display: Loaded TP WindowsClientTargetPlatform
[2017.10.17-21.53.52:516][  0]LogTemp: Display: Loaded TP WindowsNoEditorTargetPlatform
[2017.10.17-21.53.52:606][  0]LogTemp: Display: Loaded TP WindowsServerTargetPlatform
[2017.10.17-21.53.52:687][  0]LogTemp: Display: Loaded TP WindowsTargetPlatform
[2017.10.17-21.53.52:774][  0]LogTemp: Display: Loaded TP AndroidTargetPlatform
[2017.10.17-21.53.52:860][  0]LogTemp: Display: Loaded TP Android_ASTCTargetPlatform
[2017.10.17-21.53.52:945][  0]LogTemp: Display: Loaded TP Android_ATCTargetPlatform
[2017.10.17-21.53.53:034][  0]LogTemp: Display: Loaded TP Android_DXTTargetPlatform
[2017.10.17-21.53.53:119][  0]LogTemp: Display: Loaded TP Android_ETC1TargetPlatform
[2017.10.17-21.53.53:208][  0]LogTemp: Display: Loaded TP Android_ETC2TargetPlatform
[2017.10.17-21.53.53:380][  0]LogTemp: Display: Loaded TP Android_MultiTargetPlatform
[2017.10.17-21.53.53:380][  0]LogTemp: Display: Loaded TP Android_PVRTCTargetPlatform
[2017.10.17-21.53.53:454][  0]LogTemp: Display: Loaded TP HTML5TargetPlatform
[2017.10.17-21.53.53:606][  0]LogTemp: Display: Loaded TP IOSTargetPlatform
[2017.10.17-21.53.53:655][  0]LogTemp: Display: Loaded TP TVOSTargetPlatform
[2017.10.17-21.53.53:742][  0]LogTemp: Display: Loaded TP LinuxClientTargetPlatform
[2017.10.17-21.53.53:825][  0]LogTemp: Display: Loaded TP LinuxNoEditorTargetPlatform
[2017.10.17-21.53.53:908][  0]LogTemp: Display: Loaded TP LinuxServerTargetPlatform
[2017.10.17-21.53.53:997][  0]LogTemp: Display: Loaded TP LinuxTargetPlatform
[2017.10.17-21.53.53:997][  0]LogTargetPlatformManager: Display: Building Assets For Windows
[2017.10.17-21.53.54:978][  0]LogDerivedDataCache: Display: Max Cache Size: 512 MB
[2017.10.17-21.53.55:120][  0]LogDerivedDataCache: Loaded boot cache 0.14s 93MB C:/Users/Aric's PC/AppData/Local/UnrealEngine/4.17/DerivedDataCache/Boot.ddc.
[2017.10.17-21.53.55:121][  0]LogDerivedDataCache: Display: Loaded Boot cache: C:/Users/Aric's PC/AppData/Local/UnrealEngine/4.17/DerivedDataCache/Boot.ddc
[2017.10.17-21.53.55:121][  0]LogDerivedDataCache: FDerivedDataBackendGraph:  Pak pak cache file ../../../../../../Users/Aric's PC/Documents/Unreal Projects/CarProject/DerivedDataCache/DDC.ddp not found, will not use a pak cache.
[2017.10.17-21.53.55:121][  0]LogDerivedDataCache: Unable to find inner node Pak for hierarchical cache Hierarchy.
[2017.10.17-21.53.55:121][  0]LogDerivedDataCache: FDerivedDataBackendGraph:  CompressedPak pak cache file ../../../../../../Users/Aric's PC/Documents/Unreal Projects/CarProject/DerivedDataCache/Compressed.ddp not found, will not use a pak cache.
[2017.10.17-21.53.55:121][  0]LogDerivedDataCache: Unable to find inner node CompressedPak for hierarchical cache Hierarchy.
[2017.10.17-21.53.55:140][  0]LogDerivedDataCache: Display: Pak cache opened for reading ../../../Engine/DerivedDataCache/Compressed.ddp.
[2017.10.17-21.53.55:153][  0]LogDerivedDataCache: Using Local data cache path C:/Users/Aric's PC/AppData/Local/UnrealEngine/Common/DerivedDataCache: Writable
[2017.10.17-21.53.55:168][  0]LogMaterial: Verifying Global Shaders for PCD3D_SM5
[2017.10.17-21.53.55:168][  0]LogSlate: Using Freetype 2.6.0
[2017.10.17-21.53.55:169][  0]LogSlate: SlateFontCache - WITH_FREETYPE: 1, WITH_HARFBUZZ: 1
[2017.10.17-21.53.55:169][  0]LogSlate: SlateFontCache - WITH_FREETYPE: 1, WITH_HARFBUZZ: 1
[2017.10.17-21.53.55:623][  0]LogAssetRegistry: FAssetRegistry took 0.0293 seconds to start up
[2017.10.17-21.53.55:808][  0]LogInit: Selected Device Profile: [Windows]
[2017.10.17-21.53.56:480][  0]LogSimplygon: Simplygon DLL not present - disabling.
[2017.10.17-21.53.56:557][  0]LogMeshReduction: Using SimplygonSwarm for distributed automatic mesh merging
[2017.10.17-21.53.56:557][  0]LogMeshReduction: Using QuadricMeshReduction for automatic static mesh reduction
[2017.10.17-21.53.56:557][  0]LogMeshReduction: No automatic skeletal mesh reduction module available
[2017.10.17-21.53.56:557][  0]LogMeshReduction: No automatic mesh merging module available
[2017.10.17-21.53.56:557][  0]LogMeshMerging: No automatic mesh merging module available
[2017.10.17-21.53.56:558][  0]LogContentStreaming: Texture pool size is 0.00 MB
[2017.10.17-21.53.57:194][  0]LogNetVersion: CarProject , NetCL: 3573198, EngineNetVer: 2, GameNetVer: 0 (Checksum: 3093238724)
[2017.10.17-21.53.57:543][  0]LogPackageLocalizationCache: Processed 5 localized package path(s) for 2 prioritized culture(s) in 0.062680 seconds
[2017.10.17-21.53.57:551][  0]LogUObjectArray: 35825 objects as part of root set at end of initial load.
[2017.10.17-21.53.57:551][  0]LogUObjectAllocator: 7529112 out of 0 bytes used by permanent object pool.
[2017.10.17-21.53.57:551][  0]LogUObjectArray: CloseDisregardForGC: 0/0 objects in disregard for GC pool
[2017.10.17-21.53.57:670][  0]LogInit: WinSock: version 1.1 (2.2), MaxSocks=32767, MaxUdp=65467
[2017.10.17-21.54.01:854][  0]LogTcpMessaging: Initializing TcpMessaging bridge
[2017.10.17-21.54.01:925][  0]LogUdpMessaging: Initializing bridge on interface 0.0.0.0:0 to multicast group 230.0.0.1:6666.
[2017.10.17-21.54.03:986][  0]LogMaterial: Uniform references updated for custom material expression Custom.
[2017.10.17-21.54.04:758][  0]SourceControl: Source control is disabled
[2017.10.17-21.54.04:758][  0]SourceControl: Source control is disabled
[2017.10.17-21.54.04:855][  0]SourceControl: Source control is disabled
[2017.10.17-21.54.04:952][  0]SourceControl: Source control is disabled
[2017.10.17-21.54.06:220][  0]LogAndroidPermission: UAndroidPermissionCallbackProxy::GetInstance
[2017.10.17-21.54.06:696][  0]LogOcInput: OculusInput pre-init called
[2017.10.17-21.54.07:160][  0]LogEngine: Initializing Engine...
[2017.10.17-21.54.07:163][  0]LogHMD: Failed to initialize OpenVR with code 110
[2017.10.17-21.54.07:479][  0]LogStats: UGameplayTagsManager::ConstructGameplayTagTree: Construct from data asset -  0.000 s
[2017.10.17-21.54.07:479][  0]LogStats: UGameplayTagsManager::ConstructGameplayTagTree: GameplayTagTreeChangedEvent.Broadcast -  0.000 s
[2017.10.17-21.54.07:729][  0]LogAIModule: Creating AISystem for world Untitled
[2017.10.17-21.54.07:739][  0]LogInit: XAudio2 using 'Speakers / Headphones (Realtek High Definition Audio)' : 2 channels at 48 kHz using 32 bits per sample (channel mask 0x3)
[2017.10.17-21.54.08:118][  0]LogInit: FAudioDevice initialized.
[2017.10.17-21.54.08:344][  0]LogDerivedDataCache: Saved boot cache 0.23s 93MB C:/Users/Aric's PC/AppData/Local/UnrealEngine/4.17/DerivedDataCache/Boot.ddc.
[2017.10.17-21.54.08:366][  0]LogInit: Texture streaming: Enabled
[2017.10.17-21.54.08:596][  0]LogEngineSessionManager: EngineSessionManager initialized
[2017.10.17-21.54.09:008][  0]LogInit: Transaction tracking system initialized
[2017.10.17-21.54.09:623][  0]BlueprintLog: New page: Editor Load
[2017.10.17-21.54.11:366][  0]LocalizationService: Localization service is disabled
[2017.10.17-21.54.12:773][  0]LogConsoleResponse: Display: 
[2017.10.17-21.54.13:079][  0]LogCook: Display: Max memory allowance for cook 16384mb min free memory 0mb
[2017.10.17-21.54.13:079][  0]LogCook: Display: Mobile HDR setting 1
[2017.10.17-21.54.13:079][  0]LogGameplayTags: Display: UGameplayTagsManager::DoneAddingNativeTags. DelegateIsBound: 0
[2017.10.17-21.54.13:917][  0]LogFileCache: Scanning file cache for directory 'C:/Users/Aric's PC/Documents/Unreal Projects/CarProject/Content/' took 0.01s
[2017.10.17-21.54.15:190][  0]SourceControl: Source control is disabled
[2017.10.17-21.54.15:190][  0]Cmd: MAP LOAD FILE="../../../../../../Users/Aric's PC/Documents/Unreal Projects/CarProject/Content/VehicleAdvCPP/Maps/VehicleAdvExampleMap.umap" TEMPLATE=0 SHOWPROGRESS=1 FEATURELEVEL=3
[2017.10.17-21.54.15:191][  0]LightingResults: New page: Lighting Build
[2017.10.17-21.54.15:271][  0]MapCheck: New page: Map Check
[2017.10.17-21.54.15:271][  0]LightingResults: New page: Lighting Build
[2017.10.17-21.54.17:589][  0]LogAIModule: Creating AISystem for world VehicleAdvExampleMap
[2017.10.17-21.54.18:008][  0]LogEditorServer: Finished looking for orphan Actors (0.000 secs)
[2017.10.17-21.54.18:065][  0]Cmd: MAP CHECKDEP NOCLEARLOG
[2017.10.17-21.54.18:157][  0]MapCheck: Map check complete: 0 Error(s), 0 Warning(s), took 92.352ms to complete.
[2017.10.17-21.54.18:157][  0]LogFileHelpers: Loading map 'VehicleAdvExampleMap' took 2.967
[2017.10.17-21.54.18:433][  0]LogCollectionManager: Loaded 0 collections in 0.003176 seconds
[2017.10.17-21.54.18:556][  0]LogFileCache: Scanning file cache for directory 'C:/Users/Aric's PC/Documents/Unreal Projects/CarProject/Saved/Collections/' took 0.01s
[2017.10.17-21.54.18:556][  0]LogFileCache: Scanning file cache for directory 'C:/Users/Aric's PC/Documents/Unreal Projects/CarProject/Content/Developers/AricsPC/Collections/' took 0.01s
[2017.10.17-21.54.18:556][  0]LogFileCache: Scanning file cache for directory 'C:/Users/Aric's PC/Documents/Unreal Projects/CarProject/Content/Collections/' took 0.01s
[2017.10.17-21.54.18:556][  0]LogCollectionManager: Rebuilt the GUID cache for 0 collections in 0.000000 seconds
[2017.10.17-21.54.18:570][  0]LogContentBrowser: Native class hierarchy populated in 0.0136 seconds. Added 2394 classes and 505 folders.
[2017.10.17-21.54.18:703][  0]LogContentBrowser: Native class hierarchy updated for 'WidgetCarousel' in 0.0026 seconds. Added 0 classes and 0 folders.
[2017.10.17-21.54.18:776][  0]LogContentBrowser: Native class hierarchy updated for 'AddContentDialog' in 0.0043 seconds. Added 0 classes and 0 folders.
[2017.10.17-21.54.18:857][  0]LogContentBrowser: Native class hierarchy updated for 'SceneOutliner' in 0.0031 seconds. Added 1 classes and 2 folders.
[2017.10.17-21.54.18:897][  0]LogSlate: Took 0.000288 seconds to synchronously load lazily loaded font '../../../Engine/Content/Slate/Fonts/Roboto-Regular.ttf' (155K)
[2017.10.17-21.54.18:899][  0]LogSlate: Took 0.000329 seconds to synchronously load lazily loaded font '../../../Engine/Content/Slate/Fonts/Roboto-Bold.ttf' (160K)
[2017.10.17-21.54.18:905][  0]LogSlate: Took 0.000344 seconds to synchronously load lazily loaded font '../../../Engine/Content/Editor/Slate/Fonts/FontAwesome.ttf' (139K)
[2017.10.17-21.54.19:032][  0]LogRenderer: Reallocating scene render targets to support 964x436 Format 10 NumSamples 1 (Frame:1).
[2017.10.17-21.54.19:404][  0]LogContentBrowser: Native class hierarchy updated for 'HierarchicalLODOutliner' in 0.0029 seconds. Added 1 classes and 2 folders.
[2017.10.17-21.54.19:405][  0]LogLoad: (Engine Initialization) Total time: 38.37 seconds
[2017.10.17-21.54.19:406][  0]LogLoad: (Engine Initialization) Total Blueprint compile time: 0.00 seconds
[2017.10.17-21.54.19:406][  0]LogExternalProfiler: Found external profiler: VSPerf
[2017.10.17-21.54.19:406][  0]LogExternalProfiler: Using external profiler: VSPerf
[2017.10.17-21.54.19:427][  0]LogWindowsTextInputMethodSystem: Display: IME system now deactivated.
[2017.10.17-21.54.19:428][  0]LogRawInputWindows: Warning: Found device 0 devices
[2017.10.17-21.54.19:428][  0]LogRawInputWindows: Warning: Found device 0 devices
[2017.10.17-21.54.19:428][  0]LogRawInputWindows: Warning: Device was registered succesfully but not connected (Usage:4 UsagePage:1
[2017.10.17-21.54.19:428][  0]LogRawInputWindows: Warning: Found device 1 devices
[2017.10.17-21.54.19:428][  0]LogRawInputWindows: Warning: Device was registered succesfully but not connected (Usage:5 UsagePage:1
[2017.10.17-21.54.19:447][  0]LogContentStreaming: Texture pool size now 1000 MB
[2017.10.17-21.54.19:488][  0]LogSlate: Took 0.000208 seconds to synchronously load lazily loaded font '../../../Engine/Content/Slate/Fonts/Roboto-Light.ttf' (159K)
[2017.10.17-21.54.19:515][  1]LogAssetRegistry: Asset discovery search completed in 23.9142 seconds
[2017.10.17-21.54.19:517][  1]LogCollectionManager: Rebuilt the object cache for 0 collections in 0.000000 seconds (found 0 objects)
[2017.10.17-21.54.19:517][  1]LogCollectionManager: Fixed up redirectors for 0 collections in 0.000046 seconds (updated 0 objects)
[2017.10.17-21.55.03:346][669]LogSlate: Took 0.000220 seconds to synchronously load lazily loaded font '../../../Engine/Content/Slate/Fonts/Roboto-Light.ttf' (159K)
[2017.10.17-21.55.03:844][669]LogContentBrowser: Native class hierarchy updated for 'BlueprintGraph' in 0.0036 seconds. Added 113 classes and 0 folders.
[2017.10.17-21.55.04:698][669]LogSlate: Took 0.000194 seconds to synchronously load lazily loaded font '../../../Engine/Content/Slate/Fonts/Roboto-Light.ttf' (159K)
[2017.10.17-21.55.04:699][669]LogSlate: Took 0.000189 seconds to synchronously load lazily loaded font '../../../Engine/Content/Editor/Slate/Fonts/Roboto-BoldCondensed.ttf' (158K)
[2017.10.17-21.55.39:105][196]LogEditorTransaction: Undo Add Widget
[2017.10.17-21.55.48:779][505]LogSlate: Took 0.003436 seconds to synchronously load lazily loaded font '../../../Engine/Content/Slate/Fonts/DroidSansFallback.ttf' (3848K)
[2017.10.17-21.56.02:214][988]LogEditorTransaction: Undo Add Widget
[2017.10.17-22.01.22:168][971]BlueprintLog: New page: Compile HUD
[2017.10.17-22.01.22:179][971]LogBlueprint: Warning: [Compiler HUD] 'BP My Car Project Pawn' does not inherit from 'Character' ( Cast To BP_MyCarProjectPawn  would always fail).
[2017.10.17-22.01.22:310][971]LogBlueprint: Warning: [Compiler HUD] [0461.27] Compile of HUD successful, but with 1 Warning(s) [in 141 ms] (/Game/Blueprints/HUD.HUD)
[2017.10.17-22.01.48:276][483]BlueprintLog: New page: Compile HUD
[2017.10.17-22.01.57:579][ 30]LogTemp: Repeating last play command: Selected Viewport
[2017.10.17-22.01.57:701][ 30]LogBlueprintUserMessages: Early PlayInEditor Detection: Level '/Game/VehicleAdvCPP/Maps/VehicleAdvExampleMap.VehicleAdvExampleMap:PersistentLevel' has LevelScriptBlueprint '/Game/VehicleAdvCPP/Maps/VehicleAdvExampleMap.VehicleAdvExampleMap:PersistentLevel.VehicleAdvExampleMap' with GeneratedClass '/Game/VehicleAdvCPP/Maps/VehicleAdvExampleMap.VehicleAdvExampleMap_C' with ClassGeneratedBy '/Game/VehicleAdvCPP/Maps/VehicleAdvExampleMap.VehicleAdvExampleMap:PersistentLevel.VehicleAdvExampleMap'
[2017.10.17-22.01.57:702][ 30]LogPlayLevel: PlayLevel: No blueprints needed recompiling
[2017.10.17-22.01.57:702][ 30]PIE: New page: PIE session: VehicleAdvExampleMap (Oct 17, 2017, 2:01:57 PM)
[2017.10.17-22.01.57:702][ 30]LogPlayLevel: Creating play world package: /Game/VehicleAdvCPP/Maps/UEDPIE_0_VehicleAdvExampleMap
[2017.10.17-22.01.57:736][ 30]LogPlayLevel: PIE: StaticDuplicateObject took: (0.033860s)
[2017.10.17-22.01.57:737][ 30]LogAIModule: Creating AISystem for world VehicleAdvExampleMap
[2017.10.17-22.01.57:738][ 30]LogPlayLevel: PIE: World Init took: (0.001247s)
[2017.10.17-22.01.57:738][ 30]LogPlayLevel: PIE: Created PIE world by copying editor world from /Game/VehicleAdvCPP/Maps/VehicleAdvExampleMap.VehicleAdvExampleMap to /Game/VehicleAdvCPP/Maps/UEDPIE_0_VehicleAdvExampleMap.VehicleAdvExampleMap (0.035670s)
[2017.10.17-22.01.57:762][ 30]LogInit: XAudio2 using 'Speakers / Headphones (Realtek High Definition Audio)' : 2 channels at 48 kHz using 32 bits per sample (channel mask 0x3)
[2017.10.17-22.01.57:789][ 30]LogInit: FAudioDevice initialized.
[2017.10.17-22.01.57:839][ 30]LogLoad: Game class is 'CarProjectGameMode'
[2017.10.17-22.01.57:852][ 30]LogWorld: Bringing World /Game/VehicleAdvCPP/Maps/UEDPIE_0_VehicleAdvExampleMap.VehicleAdvExampleMap up for play (max tick rate 60) at 2017.10.17-18.01.57
[2017.10.17-22.01.57:853][ 30]LogWorld: Bringing up level for play took: 0.009166
[2017.10.17-22.01.57:937][ 30]LogContentBrowser: Native class hierarchy updated for 'MovieSceneCapture' in 0.0031 seconds. Added 11 classes and 0 folders.
[2017.10.17-22.01.57:938][ 30]PIE: Play in editor start time for /Game/VehicleAdvCPP/Maps/UEDPIE_0_VehicleAdvExampleMap 0.815
[2017.10.17-22.01.57:938][ 30]LogBlueprintUserMessages: Late PlayInEditor Detection: Level '/Game/VehicleAdvCPP/Maps/VehicleAdvExampleMap.VehicleAdvExampleMap:PersistentLevel' has LevelScriptBlueprint '/Game/VehicleAdvCPP/Maps/VehicleAdvExampleMap.VehicleAdvExampleMap:PersistentLevel.VehicleAdvExampleMap' with GeneratedClass '/Game/VehicleAdvCPP/Maps/VehicleAdvExampleMap.VehicleAdvExampleMap_C' with ClassGeneratedBy '/Game/VehicleAdvCPP/Maps/VehicleAdvExampleMap.VehicleAdvExampleMap:PersistentLevel.VehicleAdvExampleMap'
[2017.10.17-22.02.01:056][205]LogBlueprintUserMessages: Early EndPlayMap Detection: Level '/Game/VehicleAdvCPP/Maps/VehicleAdvExampleMap.VehicleAdvExampleMap:PersistentLevel' has LevelScriptBlueprint '/Game/VehicleAdvCPP/Maps/VehicleAdvExampleMap.VehicleAdvExampleMap:PersistentLevel.VehicleAdvExampleMap' with GeneratedClass '/Game/VehicleAdvCPP/Maps/VehicleAdvExampleMap.VehicleAdvExampleMap_C' with ClassGeneratedBy '/Game/VehicleAdvCPP/Maps/VehicleAdvExampleMap.VehicleAdvExampleMap:PersistentLevel.VehicleAdvExampleMap'
[2017.10.17-22.02.01:095][205]LogBlueprintUserMessages: Late EndPlayMap Detection: Level '/Game/VehicleAdvCPP/Maps/VehicleAdvExampleMap.VehicleAdvExampleMap:PersistentLevel' has LevelScriptBlueprint '/Game/VehicleAdvCPP/Maps/VehicleAdvExampleMap.VehicleAdvExampleMap:PersistentLevel.VehicleAdvExampleMap' with GeneratedClass '/Game/VehicleAdvCPP/Maps/VehicleAdvExampleMap.VehicleAdvExampleMap_C' with ClassGeneratedBy '/Game/VehicleAdvCPP/Maps/VehicleAdvExampleMap.VehicleAdvExampleMap:PersistentLevel.VehicleAdvExampleMap'
[2017.10.17-22.04.10:002][208]BlueprintLog: New page: Compile HUD
[2017.10.17-22.04.14:394][466]LogTemp: Repeating last play command: Selected Viewport
[2017.10.17-22.04.14:420][466]LogBlueprintUserMessages: Early PlayInEditor Detection: Level '/Game/VehicleAdvCPP/Maps/VehicleAdvExampleMap.VehicleAdvExampleMap:PersistentLevel' has LevelScriptBlueprint '/Game/VehicleAdvCPP/Maps/VehicleAdvExampleMap.VehicleAdvExampleMap:PersistentLevel.VehicleAdvExampleMap' with GeneratedClass '/Game/VehicleAdvCPP/Maps/VehicleAdvExampleMap.VehicleAdvExampleMap_C' with ClassGeneratedBy '/Game/VehicleAdvCPP/Maps/VehicleAdvExampleMap.VehicleAdvExampleMap:PersistentLevel.VehicleAdvExampleMap'
[2017.10.17-22.04.14:420][466]LogPlayLevel: PlayLevel: No blueprints needed recompiling
[2017.10.17-22.04.14:420][466]PIE: New page: PIE session: VehicleAdvExampleMap (Oct 17, 2017, 2:04:14 PM)
[2017.10.17-22.04.14:421][466]LogPlayLevel: Creating play world package: /Game/VehicleAdvCPP/Maps/UEDPIE_0_VehicleAdvExampleMap
[2017.10.17-22.04.14:455][466]LogPlayLevel: PIE: StaticDuplicateObject took: (0.034333s)
[2017.10.17-22.04.14:456][466]LogAIModule: Creating AISystem for world VehicleAdvExampleMap
[2017.10.17-22.04.14:456][466]LogPlayLevel: PIE: World Init took: (0.001413s)
[2017.10.17-22.04.14:457][466]LogPlayLevel: PIE: Created PIE world by copying editor world from /Game/VehicleAdvCPP/Maps/VehicleAdvExampleMap.VehicleAdvExampleMap to /Game/VehicleAdvCPP/Maps/UEDPIE_0_VehicleAdvExampleMap.VehicleAdvExampleMap (0.036154s)
[2017.10.17-22.04.14:482][466]LogInit: XAudio2 using 'Speakers / Headphones (Realtek High Definition Audio)' : 2 channels at 48 kHz using 32 bits per sample (channel mask 0x3)
[2017.10.17-22.04.14:509][466]LogInit: FAudioDevice initialized.
[2017.10.17-22.04.14:545][466]LogLoad: Game class is 'CarProjectGameMode'
[2017.10.17-22.04.14:553][466]LogWorld: Bringing World /Game/VehicleAdvCPP/Maps/UEDPIE_0_VehicleAdvExampleMap.VehicleAdvExampleMap up for play (max tick rate 60) at 2017.10.17-18.04.14
[2017.10.17-22.04.14:554][466]LogWorld: Bringing up level for play took: 0.006924
[2017.10.17-22.04.14:555][466]PIE: Play in editor start time for /Game/VehicleAdvCPP/Maps/UEDPIE_0_VehicleAdvExampleMap -0.567
[2017.10.17-22.04.14:556][466]LogBlueprintUserMessages: Late PlayInEditor Detection: Level '/Game/VehicleAdvCPP/Maps/VehicleAdvExampleMap.VehicleAdvExampleMap:PersistentLevel' has LevelScriptBlueprint '/Game/VehicleAdvCPP/Maps/VehicleAdvExampleMap.VehicleAdvExampleMap:PersistentLevel.VehicleAdvExampleMap' with GeneratedClass '/Game/VehicleAdvCPP/Maps/VehicleAdvExampleMap.VehicleAdvExampleMap_C' with ClassGeneratedBy '/Game/VehicleAdvCPP/Maps/VehicleAdvExampleMap.VehicleAdvExampleMap:PersistentLevel.VehicleAdvExampleMap'
[2017.10.17-22.04.17:731][653]LogBlueprintUserMessages: [BP_MyCarProjectPawn_5] 75
[2017.10.17-22.04.18:366][691]LogBlueprintUserMessages: [BP_MyCarProjectPawn_5] 50
[2017.10.17-22.04.19:114][736]LogBlueprintUserMessages: [BP_MyCarProjectPawn_5] 25
[2017.10.17-22.04.19:464][757]LogBlueprintUserMessages: [BP_MyCarProjectPawn_5] 0
[2017.10.17-22.04.21:833][899]LogBlueprintUserMessages: Early EndPlayMap Detection: Level '/Game/VehicleAdvCPP/Maps/VehicleAdvExampleMap.VehicleAdvExampleMap:PersistentLevel' has LevelScriptBlueprint '/Game/VehicleAdvCPP/Maps/VehicleAdvExampleMap.VehicleAdvExampleMap:PersistentLevel.VehicleAdvExampleMap' with GeneratedClass '/Game/VehicleAdvCPP/Maps/VehicleAdvExampleMap.VehicleAdvExampleMap_C' with ClassGeneratedBy '/Game/VehicleAdvCPP/Maps/VehicleAdvExampleMap.VehicleAdvExampleMap:PersistentLevel.VehicleAdvExampleMap'
[2017.10.17-22.04.21:874][899]LogBlueprintUserMessages: Late EndPlayMap Detection: Level '/Game/VehicleAdvCPP/Maps/VehicleAdvExampleMap.VehicleAdvExampleMap:PersistentLevel' has LevelScriptBlueprint '/Game/VehicleAdvCPP/Maps/VehicleAdvExampleMap.VehicleAdvExampleMap:PersistentLevel.VehicleAdvExampleMap' with GeneratedClass '/Game/VehicleAdvCPP/Maps/VehicleAdvExampleMap.VehicleAdvExampleMap_C' with ClassGeneratedBy '/Game/VehicleAdvCPP/Maps/VehicleAdvExampleMap.VehicleAdvExampleMap:PersistentLevel.VehicleAdvExampleMap'
[2017.10.17-22.04.44:186][796]BlueprintLog: New page: Compile HUD
[2017.10.17-22.05.42:565][591]LogTemp: Repeating last play command: Selected Viewport
[2017.10.17-22.05.42:594][591]LogBlueprintUserMessages: Early PlayInEditor Detection: Level '/Game/VehicleAdvCPP/Maps/VehicleAdvExampleMap.VehicleAdvExampleMap:PersistentLevel' has LevelScriptBlueprint '/Game/VehicleAdvCPP/Maps/VehicleAdvExampleMap.VehicleAdvExampleMap:PersistentLevel.VehicleAdvExampleMap' with GeneratedClass '/Game/VehicleAdvCPP/Maps/VehicleAdvExampleMap.VehicleAdvExampleMap_C' with ClassGeneratedBy '/Game/VehicleAdvCPP/Maps/VehicleAdvExampleMap.VehicleAdvExampleMap:PersistentLevel.VehicleAdvExampleMap'
[2017.10.17-22.05.42:594][591]LogPlayLevel: PlayLevel: No blueprints needed recompiling
[2017.10.17-22.05.42:595][591]PIE: New page: PIE session: VehicleAdvExampleMap (Oct 17, 2017, 2:05:42 PM)
[2017.10.17-22.05.42:595][591]LogPlayLevel: Creating play world package: /Game/VehicleAdvCPP/Maps/UEDPIE_0_VehicleAdvExampleMap
[2017.10.17-22.05.42:631][591]LogPlayLevel: PIE: StaticDuplicateObject took: (0.036716s)
[2017.10.17-22.05.42:632][591]LogAIModule: Creating AISystem for world VehicleAdvExampleMap
[2017.10.17-22.05.42:633][591]LogPlayLevel: PIE: World Init took: (0.001333s)
[2017.10.17-22.05.42:633][591]LogPlayLevel: PIE: Created PIE world by copying editor world from /Game/VehicleAdvCPP/Maps/VehicleAdvExampleMap.VehicleAdvExampleMap to /Game/VehicleAdvCPP/Maps/UEDPIE_0_VehicleAdvExampleMap.VehicleAdvExampleMap (0.038470s)
[2017.10.17-22.05.42:656][591]LogInit: XAudio2 using 'Speakers / Headphones (Realtek High Definition Audio)' : 2 channels at 48 kHz using 32 bits per sample (channel mask 0x3)
[2017.10.17-22.05.42:685][591]LogInit: FAudioDevice initialized.
[2017.10.17-22.05.42:718][591]LogLoad: Game class is 'CarProjectGameMode'
[2017.10.17-22.05.42:730][591]LogWorld: Bringing World /Game/VehicleAdvCPP/Maps/UEDPIE_0_VehicleAdvExampleMap.VehicleAdvExampleMap up for play (max tick rate 60) at 2017.10.17-18.05.42
[2017.10.17-22.05.42:731][591]LogWorld: Bringing up level for play took: 0.010290
[2017.10.17-22.05.42:732][591]PIE: Play in editor start time for /Game/VehicleAdvCPP/Maps/UEDPIE_0_VehicleAdvExampleMap -0.391
[2017.10.17-22.05.42:733][591]LogBlueprintUserMessages: Late PlayInEditor Detection: Level '/Game/VehicleAdvCPP/Maps/VehicleAdvExampleMap.VehicleAdvExampleMap:PersistentLevel' has LevelScriptBlueprint '/Game/VehicleAdvCPP/Maps/VehicleAdvExampleMap.VehicleAdvExampleMap:PersistentLevel.VehicleAdvExampleMap' with GeneratedClass '/Game/VehicleAdvCPP/Maps/VehicleAdvExampleMap.VehicleAdvExampleMap_C' with ClassGeneratedBy '/Game/VehicleAdvCPP/Maps/VehicleAdvExampleMap.VehicleAdvExampleMap:PersistentLevel.VehicleAdvExampleMap'
[2017.10.17-22.05.51:576][118]LogBlueprintUserMessages: Early EndPlayMap Detection: Level '/Game/VehicleAdvCPP/Maps/VehicleAdvExampleMap.VehicleAdvExampleMap:PersistentLevel' has LevelScriptBlueprint '/Game/VehicleAdvCPP/Maps/VehicleAdvExampleMap.VehicleAdvExampleMap:PersistentLevel.VehicleAdvExampleMap' with GeneratedClass '/Game/VehicleAdvCPP/Maps/VehicleAdvExampleMap.VehicleAdvExampleMap_C' with ClassGeneratedBy '/Game/VehicleAdvCPP/Maps/VehicleAdvExampleMap.VehicleAdvExampleMap:PersistentLevel.VehicleAdvExampleMap'
[2017.10.17-22.05.51:616][118]LogBlueprintUserMessages: Late EndPlayMap Detection: Level '/Game/VehicleAdvCPP/Maps/VehicleAdvExampleMap.VehicleAdvExampleMap:PersistentLevel' has LevelScriptBlueprint '/Game/VehicleAdvCPP/Maps/VehicleAdvExampleMap.VehicleAdvExampleMap:PersistentLevel.VehicleAdvExampleMap' with GeneratedClass '/Game/VehicleAdvCPP/Maps/VehicleAdvExampleMap.VehicleAdvExampleMap_C' with ClassGeneratedBy '/Game/VehicleAdvCPP/Maps/VehicleAdvExampleMap.VehicleAdvExampleMap:PersistentLevel.VehicleAdvExampleMap'
[2017.10.17-22.05.55:593][346]LogEditorViewport: Clicking on Actor (LMB): BP_MyCarProjectPawn_C (TP_VehicleAdvPawn5)
[2017.10.17-22.06.01:616][684]LogFileHelpers: Editor autosave (incl. sublevels) for '/Game/VehicleAdvCPP/Maps/VehicleAdvExampleMap' took 0.024
[2017.10.17-22.06.01:619][684]OBJ SavePackage: Generating thumbnails for [0] asset(s) in package [/Game/Blueprints/HUD] ([1] browsable assets)...
[2017.10.17-22.06.01:619][684]OBJ SavePackage: Finished generating thumbnails for package [/Game/Blueprints/HUD]
[2017.10.17-22.06.01:660][684]LogSavePackage: Save=38.93ms
[2017.10.17-22.06.01:660][684]LogSavePackage: Moving '../../../../../../Users/Aric's PC/Documents/Unreal Projects/CarProject/Saved/HUD_Auto16E2AD03C468D77DCBB095881EC357097.tmp' to '../../../../../../Users/Aric's PC/Documents/Unreal Projects/CarProject/Saved/Autosaves/Game/Blueprints/HUD_Auto1.uasset'
[2017.10.17-22.06.01:663][684]LogSavePackage: Display: Finished SavePackage ../../../../../../Users/Aric's PC/Documents/Unreal Projects/CarProject/Saved/Autosaves/Game/Blueprints/HUD_Auto1.uasset
[2017.10.17-22.06.01:663][684]LogFileHelpers: Auto-saving content packages took 0.046
[2017.10.17-22.06.04:880][871]Cmd: SELECT NONE
[2017.10.17-22.07.24:754][689]LogSlate: Took 0.000438 seconds to synchronously load lazily loaded font '../../../Engine/Content/Editor/Slate/Fonts/Roboto-Italic.ttf' (157K)
[2017.10.17-22.08.59:282][820]BlueprintLog: New page: Compile BP_MyCarProjectPawn
[2017.10.17-22.09.02:291][964]LogTemp: Repeating last play command: Selected Viewport
[2017.10.17-22.09.02:322][964]LogBlueprintUserMessages: Early PlayInEditor Detection: Level '/Game/VehicleAdvCPP/Maps/VehicleAdvExampleMap.VehicleAdvExampleMap:PersistentLevel' has LevelScriptBlueprint '/Game/VehicleAdvCPP/Maps/VehicleAdvExampleMap.VehicleAdvExampleMap:PersistentLevel.VehicleAdvExampleMap' with GeneratedClass '/Game/VehicleAdvCPP/Maps/VehicleAdvExampleMap.VehicleAdvExampleMap_C' with ClassGeneratedBy '/Game/VehicleAdvCPP/Maps/VehicleAdvExampleMap.VehicleAdvExampleMap:PersistentLevel.VehicleAdvExampleMap'
[2017.10.17-22.09.02:322][964]LogPlayLevel: PlayLevel: No blueprints needed recompiling
[2017.10.17-22.09.02:322][964]PIE: New page: PIE session: VehicleAdvExampleMap (Oct 17, 2017, 2:09:02 PM)
[2017.10.17-22.09.02:322][964]LogPlayLevel: Creating play world package: /Game/VehicleAdvCPP/Maps/UEDPIE_0_VehicleAdvExampleMap
[2017.10.17-22.09.02:358][964]LogPlayLevel: PIE: StaticDuplicateObject took: (0.036300s)
[2017.10.17-22.09.02:360][964]LogAIModule: Creating AISystem for world VehicleAdvExampleMap
[2017.10.17-22.09.02:361][964]LogPlayLevel: PIE: World Init took: (0.002988s)
[2017.10.17-22.09.02:363][964]LogPlayLevel: PIE: Created PIE world by copying editor world from /Game/VehicleAdvCPP/Maps/VehicleAdvExampleMap.VehicleAdvExampleMap to /Game/VehicleAdvCPP/Maps/UEDPIE_0_VehicleAdvExampleMap.VehicleAdvExampleMap (0.040703s)
[2017.10.17-22.09.02:403][964]LogInit: XAudio2 using 'Speakers / Headphones (Realtek High Definition Audio)' : 2 channels at 48 kHz using 32 bits per sample (channel mask 0x3)
[2017.10.17-22.09.02:432][964]LogInit: FAudioDevice initialized.
[2017.10.17-22.09.02:469][964]LogLoad: Game class is 'CarProjectGameMode'
[2017.10.17-22.09.02:479][964]LogWorld: Bringing World /Game/VehicleAdvCPP/Maps/UEDPIE_0_VehicleAdvExampleMap.VehicleAdvExampleMap up for play (max tick rate 60) at 2017.10.17-18.09.02
[2017.10.17-22.09.02:480][964]LogWorld: Bringing up level for play took: 0.008928
[2017.10.17-22.09.02:482][964]PIE: Play in editor start time for /Game/VehicleAdvCPP/Maps/UEDPIE_0_VehicleAdvExampleMap -0.641
[2017.10.17-22.09.02:482][964]LogBlueprintUserMessages: Late PlayInEditor Detection: Level '/Game/VehicleAdvCPP/Maps/VehicleAdvExampleMap.VehicleAdvExampleMap:PersistentLevel' has LevelScriptBlueprint '/Game/VehicleAdvCPP/Maps/VehicleAdvExampleMap.VehicleAdvExampleMap:PersistentLevel.VehicleAdvExampleMap' with GeneratedClass '/Game/VehicleAdvCPP/Maps/VehicleAdvExampleMap.VehicleAdvExampleMap_C' with ClassGeneratedBy '/Game/VehicleAdvCPP/Maps/VehicleAdvExampleMap.VehicleAdvExampleMap:PersistentLevel.VehicleAdvExampleMap'
[2017.10.17-22.09.04:677][ 92]LogBlueprintUserMessages: [BP_MyCarProjectPawn_5] 75
[2017.10.17-22.09.04:860][103]LogBlueprintUserMessages: [BP_MyCarProjectPawn_5] 50
[2017.10.17-22.09.04:928][107]LogBlueprintUserMessages: [BP_MyCarProjectPawn_5] 25
[2017.10.17-22.09.06:561][205]LogBlueprintUserMessages: [BP_MyCarProjectPawn_5] 0
[2017.10.17-22.09.08:344][312]LogBlueprintUserMessages: Early EndPlayMap Detection: Level '/Game/VehicleAdvCPP/Maps/VehicleAdvExampleMap.VehicleAdvExampleMap:PersistentLevel' has LevelScriptBlueprint '/Game/VehicleAdvCPP/Maps/VehicleAdvExampleMap.VehicleAdvExampleMap:PersistentLevel.VehicleAdvExampleMap' with GeneratedClass '/Game/VehicleAdvCPP/Maps/VehicleAdvExampleMap.VehicleAdvExampleMap_C' with ClassGeneratedBy '/Game/VehicleAdvCPP/Maps/VehicleAdvExampleMap.VehicleAdvExampleMap:PersistentLevel.VehicleAdvExampleMap'
[2017.10.17-22.09.08:382][312]LogBlueprintUserMessages: Late EndPlayMap Detection: Level '/Game/VehicleAdvCPP/Maps/VehicleAdvExampleMap.VehicleAdvExampleMap:PersistentLevel' has LevelScriptBlueprint '/Game/VehicleAdvCPP/Maps/VehicleAdvExampleMap.VehicleAdvExampleMap:PersistentLevel.VehicleAdvExampleMap' with GeneratedClass '/Game/VehicleAdvCPP/Maps/VehicleAdvExampleMap.VehicleAdvExampleMap_C' with ClassGeneratedBy '/Game/VehicleAdvCPP/Maps/VehicleAdvExampleMap.VehicleAdvExampleMap:PersistentLevel.VehicleAdvExampleMap'
[2017.10.17-22.09.10:016][407]LogTemp: Repeating last play command: Selected Viewport
[2017.10.17-22.09.10:035][407]LogBlueprintUserMessages: Early PlayInEditor Detection: Level '/Game/VehicleAdvCPP/Maps/VehicleAdvExampleMap.VehicleAdvExampleMap:PersistentLevel' has LevelScriptBlueprint '/Game/VehicleAdvCPP/Maps/VehicleAdvExampleMap.VehicleAdvExampleMap:PersistentLevel.VehicleAdvExampleMap' with GeneratedClass '/Game/VehicleAdvCPP/Maps/VehicleAdvExampleMap.VehicleAdvExampleMap_C' with ClassGeneratedBy '/Game/VehicleAdvCPP/Maps/VehicleAdvExampleMap.VehicleAdvExampleMap:PersistentLevel.VehicleAdvExampleMap'
[2017.10.17-22.09.10:035][407]LogPlayLevel: PlayLevel: No blueprints needed recompiling
[2017.10.17-22.09.10:035][407]PIE: New page: PIE session: VehicleAdvExampleMap (Oct 17, 2017, 2:09:10 PM)
[2017.10.17-22.09.10:036][407]LogPlayLevel: Creating play world package: /Game/VehicleAdvCPP/Maps/UEDPIE_0_VehicleAdvExampleMap
[2017.10.17-22.09.10:070][407]LogPlayLevel: PIE: StaticDuplicateObject took: (0.034474s)
[2017.10.17-22.09.10:071][407]LogAIModule: Creating AISystem for world VehicleAdvExampleMap
[2017.10.17-22.09.10:072][407]LogPlayLevel: PIE: World Init took: (0.001423s)
[2017.10.17-22.09.10:072][407]LogPlayLevel: PIE: Created PIE world by copying editor world from /Game/VehicleAdvCPP/Maps/VehicleAdvExampleMap.VehicleAdvExampleMap to /Game/VehicleAdvCPP/Maps/UEDPIE_0_VehicleAdvExampleMap.VehicleAdvExampleMap (0.036625s)
[2017.10.17-22.09.10:104][407]LogInit: XAudio2 using 'Speakers / Headphones (Realtek High Definition Audio)' : 2 channels at 48 kHz using 32 bits per sample (channel mask 0x3)
[2017.10.17-22.09.10:131][407]LogInit: FAudioDevice initialized.
[2017.10.17-22.09.10:167][407]LogLoad: Game class is 'CarProjectGameMode'
[2017.10.17-22.09.10:178][407]LogWorld: Bringing World /Game/VehicleAdvCPP/Maps/UEDPIE_0_VehicleAdvExampleMap.VehicleAdvExampleMap up for play (max tick rate 60) at 2017.10.17-18.09.10
[2017.10.17-22.09.10:179][407]LogWorld: Bringing up level for play took: 0.006920
[2017.10.17-22.09.10:180][407]PIE: Play in editor start time for /Game/VehicleAdvCPP/Maps/UEDPIE_0_VehicleAdvExampleMap 1.058
[2017.10.17-22.09.10:181][407]LogBlueprintUserMessages: Late PlayInEditor Detection: Level '/Game/VehicleAdvCPP/Maps/VehicleAdvExampleMap.VehicleAdvExampleMap:PersistentLevel' has LevelScriptBlueprint '/Game/VehicleAdvCPP/Maps/VehicleAdvExampleMap.VehicleAdvExampleMap:PersistentLevel.VehicleAdvExampleMap' with GeneratedClass '/Game/VehicleAdvCPP/Maps/VehicleAdvExampleMap.VehicleAdvExampleMap_C' with ClassGeneratedBy '/Game/VehicleAdvCPP/Maps/VehicleAdvExampleMap.VehicleAdvExampleMap:PersistentLevel.VehicleAdvExampleMap'
[2017.10.17-22.09.10:748][437]LogBlueprintUserMessages: Early EndPlayMap Detection: Level '/Game/VehicleAdvCPP/Maps/VehicleAdvExampleMap.VehicleAdvExampleMap:PersistentLevel' has LevelScriptBlueprint '/Game/VehicleAdvCPP/Maps/VehicleAdvExampleMap.VehicleAdvExampleMap:PersistentLevel.VehicleAdvExampleMap' with GeneratedClass '/Game/VehicleAdvCPP/Maps/VehicleAdvExampleMap.VehicleAdvExampleMap_C' with ClassGeneratedBy '/Game/VehicleAdvCPP/Maps/VehicleAdvExampleMap.VehicleAdvExampleMap:PersistentLevel.VehicleAdvExampleMap'
[2017.10.17-22.09.10:791][437]LogBlueprintUserMessages: Late EndPlayMap Detection: Level '/Game/VehicleAdvCPP/Maps/VehicleAdvExampleMap.VehicleAdvExampleMap:PersistentLevel' has LevelScriptBlueprint '/Game/VehicleAdvCPP/Maps/VehicleAdvExampleMap.VehicleAdvExampleMap:PersistentLevel.VehicleAdvExampleMap' with GeneratedClass '/Game/VehicleAdvCPP/Maps/VehicleAdvExampleMap.VehicleAdvExampleMap_C' with ClassGeneratedBy '/Game/VehicleAdvCPP/Maps/VehicleAdvExampleMap.VehicleAdvExampleMap:PersistentLevel.VehicleAdvExampleMap'
[2017.10.17-22.09.17:057][762]LogSavePackage: Save=414.65ms
[2017.10.17-22.09.17:057][762]LogSavePackage: Moving '../../../../../../Users/Aric's PC/Documents/Unreal Projects/CarProject/Saved/VehicleAdvExampleMap00E1EE564801753485F1D3ACDCEBAF77.tmp' to '../../../../../../Users/Aric's PC/Documents/Unreal Projects/CarProject/Content/VehicleAdvCPP/Maps/VehicleAdvExampleMap.umap'
[2017.10.17-22.09.17:079][762]LogSavePackage: Display: Finished SavePackage ../../../../../../Users/Aric's PC/Documents/Unreal Projects/CarProject/Content/VehicleAdvCPP/Maps/VehicleAdvExampleMap.umap
[2017.10.17-22.09.18:245][762]LogSlate: Took 0.000236 seconds to synchronously load lazily loaded font '../../../Engine/Content/Slate/Fonts/Roboto-Regular.ttf' (155K)
[2017.10.17-22.09.18:883][762]LogSavePackage: Save=1244.50ms
[2017.10.17-22.09.18:884][762]LogSavePackage: Moving '../../../../../../Users/Aric's PC/Documents/Unreal Projects/CarProject/Saved/VehicleAdvExampleMap_BuiltDataB011917F490263CE965A36A2CEAC9000.tmp' to '../../../../../../Users/Aric's PC/Documents/Unreal Projects/CarProject/Content/VehicleAdvCPP/Maps/VehicleAdvExampleMap_BuiltData.uasset'
[2017.10.17-22.09.18:888][762]LogSavePackage: Display: Finished SavePackage ../../../../../../Users/Aric's PC/Documents/Unreal Projects/CarProject/Content/VehicleAdvCPP/Maps/VehicleAdvExampleMap_BuiltData.uasset
[2017.10.17-22.09.52:254][755]LogTemp: Repeating last play command: Selected Viewport
[2017.10.17-22.09.52:270][755]LogBlueprintUserMessages: Early PlayInEditor Detection: Level '/Game/VehicleAdvCPP/Maps/VehicleAdvExampleMap.VehicleAdvExampleMap:PersistentLevel' has LevelScriptBlueprint '/Game/VehicleAdvCPP/Maps/VehicleAdvExampleMap.VehicleAdvExampleMap:PersistentLevel.VehicleAdvExampleMap' with GeneratedClass '/Game/VehicleAdvCPP/Maps/VehicleAdvExampleMap.VehicleAdvExampleMap_C' with ClassGeneratedBy '/Game/VehicleAdvCPP/Maps/VehicleAdvExampleMap.VehicleAdvExampleMap:PersistentLevel.VehicleAdvExampleMap'
[2017.10.17-22.09.52:270][755]LogPlayLevel: PlayLevel: No blueprints needed recompiling
[2017.10.17-22.09.52:270][755]PIE: New page: PIE session: VehicleAdvExampleMap (Oct 17, 2017, 2:09:52 PM)
[2017.10.17-22.09.52:271][755]LogPlayLevel: Creating play world package: /Game/VehicleAdvCPP/Maps/UEDPIE_0_VehicleAdvExampleMap
[2017.10.17-22.09.52:305][755]LogPlayLevel: PIE: StaticDuplicateObject took: (0.034812s)
[2017.10.17-22.09.52:306][755]LogAIModule: Creating AISystem for world VehicleAdvExampleMap
[2017.10.17-22.09.52:307][755]LogPlayLevel: PIE: World Init took: (0.001144s)
[2017.10.17-22.09.52:307][755]LogPlayLevel: PIE: Created PIE world by copying editor world from /Game/VehicleAdvCPP/Maps/VehicleAdvExampleMap.VehicleAdvExampleMap to /Game/VehicleAdvCPP/Maps/UEDPIE_0_VehicleAdvExampleMap.VehicleAdvExampleMap (0.036482s)
[2017.10.17-22.09.52:335][755]LogInit: XAudio2 using 'Speakers / Headphones (Realtek High Definition Audio)' : 2 channels at 48 kHz using 32 bits per sample (channel mask 0x3)
[2017.10.17-22.09.52:362][755]LogInit: FAudioDevice initialized.
[2017.10.17-22.09.52:399][755]LogLoad: Game class is 'CarProjectGameMode'
[2017.10.17-22.09.52:407][755]LogWorld: Bringing World /Game/VehicleAdvCPP/Maps/UEDPIE_0_VehicleAdvExampleMap.VehicleAdvExampleMap up for play (max tick rate 60) at 2017.10.17-18.09.52
[2017.10.17-22.09.52:408][755]LogWorld: Bringing up level for play took: 0.007083
[2017.10.17-22.09.52:410][755]PIE: Play in editor start time for /Game/VehicleAdvCPP/Maps/UEDPIE_0_VehicleAdvExampleMap -0.712
[2017.10.17-22.09.52:411][755]LogBlueprintUserMessages: Late PlayInEditor Detection: Level '/Game/VehicleAdvCPP/Maps/VehicleAdvExampleMap.VehicleAdvExampleMap:PersistentLevel' has LevelScriptBlueprint '/Game/VehicleAdvCPP/Maps/VehicleAdvExampleMap.VehicleAdvExampleMap:PersistentLevel.VehicleAdvExampleMap' with GeneratedClass '/Game/VehicleAdvCPP/Maps/VehicleAdvExampleMap.VehicleAdvExampleMap_C' with ClassGeneratedBy '/Game/VehicleAdvCPP/Maps/VehicleAdvExampleMap.VehicleAdvExampleMap:PersistentLevel.VehicleAdvExampleMap'
[2017.10.17-22.10.00:382][229]LogBlueprintUserMessages: [BP_MyCarProjectPawn_5] 75
[2017.10.17-22.10.00:797][254]LogBlueprintUserMessages: [BP_MyCarProjectPawn_5] 50
[2017.10.17-22.10.01:149][275]LogBlueprintUserMessages: [BP_MyCarProjectPawn_5] 25
[2017.10.17-22.10.01:598][302]LogBlueprintUserMessages: [BP_MyCarProjectPawn_5] 0
[2017.10.17-22.10.05:251][521]LogBlueprintUserMessages: Early EndPlayMap Detection: Level '/Game/VehicleAdvCPP/Maps/VehicleAdvExampleMap.VehicleAdvExampleMap:PersistentLevel' has LevelScriptBlueprint '/Game/VehicleAdvCPP/Maps/VehicleAdvExampleMap.VehicleAdvExampleMap:PersistentLevel.VehicleAdvExampleMap' with GeneratedClass '/Game/VehicleAdvCPP/Maps/VehicleAdvExampleMap.VehicleAdvExampleMap_C' with ClassGeneratedBy '/Game/VehicleAdvCPP/Maps/VehicleAdvExampleMap.VehicleAdvExampleMap:PersistentLevel.VehicleAdvExampleMap'
[2017.10.17-22.10.05:291][521]LogBlueprintUserMessages: Late EndPlayMap Detection: Level '/Game/VehicleAdvCPP/Maps/VehicleAdvExampleMap.VehicleAdvExampleMap:PersistentLevel' has LevelScriptBlueprint '/Game/VehicleAdvCPP/Maps/VehicleAdvExampleMap.VehicleAdvExampleMap:PersistentLevel.VehicleAdvExampleMap' with GeneratedClass '/Game/VehicleAdvCPP/Maps/VehicleAdvExampleMap.VehicleAdvExampleMap_C' with ClassGeneratedBy '/Game/VehicleAdvCPP/Maps/VehicleAdvExampleMap.VehicleAdvExampleMap:PersistentLevel.VehicleAdvExampleMap'
[2017.10.17-22.10.19:750][274]Cmd: OBJ SAVEPACKAGE PACKAGE="/Game/Blueprints/BP_MyCarProjectPawn" FILE="../../../../../../Users/Aric's PC/Documents/Unreal Projects/CarProject/Content/Blueprints/BP_MyCarProjectPawn.uasset" SILENT=true
[2017.10.17-22.10.19:845][274]LogSavePackage: Save=84.52ms
[2017.10.17-22.10.19:845][274]LogSavePackage: Moving '../../../../../../Users/Aric's PC/Documents/Unreal Projects/CarProject/Saved/BP_MyCarProjectPawnCB3D8D5E46BED01B3D2F899288915F92.tmp' to '../../../../../../Users/Aric's PC/Documents/Unreal Projects/CarProject/Content/Blueprints/BP_MyCarProjectPawn.uasset'
[2017.10.17-22.10.19:851][274]LogSavePackage: Display: Finished SavePackage ../../../../../../Users/Aric's PC/Documents/Unreal Projects/CarProject/Content/Blueprints/BP_MyCarProjectPawn.uasset
[2017.10.17-22.10.19:856][274]Cmd: OBJ SAVEPACKAGE PACKAGE="/Game/Blueprints/HUD" FILE="../../../../../../Users/Aric's PC/Documents/Unreal Projects/CarProject/Content/Blueprints/HUD.uasset" SILENT=true
[2017.10.17-22.10.19:899][274]LogSavePackage: Save=40.91ms
[2017.10.17-22.10.19:899][274]LogSavePackage: Moving '../../../../../../Users/Aric's PC/Documents/Unreal Projects/CarProject/Saved/HUD728BC31B48BD212816F9C880ECDB3397.tmp' to '../../../../../../Users/Aric's PC/Documents/Unreal Projects/CarProject/Content/Blueprints/HUD.uasset'
[2017.10.17-22.10.19:903][274]LogSavePackage: Display: Finished SavePackage ../../../../../../Users/Aric's PC/Documents/Unreal Projects/CarProject/Content/Blueprints/HUD.uasset
[2017.10.17-22.10.20:045][274]LogWindowsTextInputMethodSystem: Display: IME system now deactivated.
[2017.10.17-22.10.20:298][275]Cmd: QUIT_EDITOR
[2017.10.17-22.10.20:700][275]LogExit: Preparing to exit.
[2017.10.17-22.10.21:698][275]LogDirectoryWatcher: A directory notification for 'C:/Users/Aric's PC/Documents/Unreal Projects/CarProject/Content/' was aborted.
[2017.10.17-22.10.21:744][275]LogExit: Editor shut down
[2017.10.17-22.10.21:754][275]LogExit: Transaction tracking system shut down
[2017.10.17-22.10.21:976][275]LogDirectoryWatcher: A directory notification for '../../../Engine/Content/' was aborted.
[2017.10.17-22.10.21:976][275]LogDirectoryWatcher: A directory notification for '../../../../../../Users/Aric's PC/Documents/Unreal Projects/CarProject/Content/' was aborted.
[2017.10.17-22.10.21:976][275]LogDirectoryWatcher: A directory notification for '../../../Engine/Plugins/2D/Paper2D/Content/' was aborted.
[2017.10.17-22.10.21:976][275]LogDirectoryWatcher: A directory notification for '../../../Engine/Plugins/Runtime/Oculus/OculusVR/Content/' was aborted.
[2017.10.17-22.10.21:976][275]LogDirectoryWatcher: A directory notification for '../../../Engine/Plugins/Runtime/Steam/SteamVR/Content/' was aborted.
[2017.10.17-22.10.22:134][275]LogExit: Object subsystem successfully closed.
[2017.10.17-22.10.22:161][275]LogD3D11RHI: Shutdown
[2017.10.17-22.10.22:162][275]LogD3D11RHI: CleanupD3DDevice
[2017.10.17-22.10.22:302][275]LogD3D11RHI: ~FD3D11DynamicRHI
[2017.10.17-22.10.22:332][275]LogModuleManager: Shutting down and abandoning module MovieSceneCapture (542)
[2017.10.17-22.10.22:332][275]LogModuleManager: Shutting down and abandoning module SequencerWidgets (540)
[2017.10.17-22.10.22:332][275]LogModuleManager: Shutting down and abandoning module BlueprintGraph (538)
[2017.10.17-22.10.22:332][275]LogModuleManager: Shutting down and abandoning module BlueprintProfiler (536)
[2017.10.17-22.10.22:332][275]LogModuleManager: Shutting down and abandoning module HierarchicalLODOutliner (534)
[2017.10.17-22.10.22:332][275]LogModuleManager: Shutting down and abandoning module SceneOutliner (532)
[2017.10.17-22.10.22:332][275]LogModuleManager: Shutting down and abandoning module AddContentDialog (530)
[2017.10.17-22.10.22:332][275]LogDirectoryWatcher: A directory notification for 'C:/Program Files/Epic Games/UE_4.17/FeaturePacks/' was aborted.
[2017.10.17-22.10.22:336][275]LogModuleManager: Shutting down and abandoning module WidgetCarousel (529)
[2017.10.17-22.10.22:336][275]LogModuleManager: Shutting down and abandoning module EditorWidgets (526)
[2017.10.17-22.10.22:336][275]LogModuleManager: Shutting down and abandoning module CollectionManager (524)
[2017.10.17-22.10.22:336][275]LogDirectoryWatcher: A directory notification for 'C:/Users/Aric's PC/Documents/Unreal Projects/CarProject/Content/Collections/' was aborted.
[2017.10.17-22.10.22:336][275]LogDirectoryWatcher: A directory notification for 'C:/Users/Aric's PC/Documents/Unreal Projects/CarProject/Content/Developers/AricsPC/Collections/' was aborted.
[2017.10.17-22.10.22:336][275]LogDirectoryWatcher: A directory notification for 'C:/Users/Aric's PC/Documents/Unreal Projects/CarProject/Saved/Collections/' was aborted.
[2017.10.17-22.10.22:336][275]LogModuleManager: Shutting down and abandoning module StatsViewer (522)
[2017.10.17-22.10.22:336][275]LogModuleManager: Shutting down and abandoning module FoliageEdit (520)
[2017.10.17-22.10.22:336][275]LogModuleManager: Shutting down and abandoning module LandscapeEditor (518)
[2017.10.17-22.10.22:336][275]LogModuleManager: Shutting down and abandoning module MeshPaintMode (516)
[2017.10.17-22.10.22:336][275]LogModuleManager: Shutting down and abandoning module SceneDepthPickerMode (514)
[2017.10.17-22.10.22:337][275]LogModuleManager: Shutting down and abandoning module ActorPickerMode (512)
[2017.10.17-22.10.22:337][275]LogModuleManager: Shutting down and abandoning module GeometryMode (510)
[2017.10.17-22.10.22:337][275]LogModuleManager: Shutting down and abandoning module TextureAlignMode (508)
[2017.10.17-22.10.22:337][275]LogModuleManager: Shutting down and abandoning module BspMode (506)
[2017.10.17-22.10.22:337][275]LogModuleManager: Shutting down and abandoning module PIEPreviewDeviceProfileSelector (504)
[2017.10.17-22.10.22:337][275]LogModuleManager: Shutting down and abandoning module HardwareSurvey (502)
[2017.10.17-22.10.22:337][275]LogModuleManager: Shutting down and abandoning module SequenceRecorderSections (500)
[2017.10.17-22.10.22:337][275]LogModuleManager: Shutting down and abandoning module AutomationWorker (498)
[2017.10.17-22.10.22:337][275]LogModuleManager: Shutting down and abandoning module MatineeToLevelSequence (496)
[2017.10.17-22.10.22:337][275]LogModuleManager: Shutting down and abandoning module LevelSequenceEditor (494)
[2017.10.17-22.10.22:337][275]LogModuleManager: Shutting down and abandoning module PlacementMode (493)
[2017.10.17-22.10.22:337][275]LogModuleManager: Shutting down and abandoning module WmfMediaFactory (490)
[2017.10.17-22.10.22:337][275]LogModuleManager: Shutting down and abandoning module WmfMediaEditor (488)
[2017.10.17-22.10.22:337][275]LogModuleManager: Shutting down and abandoning module AvfMediaFactory (486)
[2017.10.17-22.10.22:337][275]LogModuleManager: Shutting down and abandoning module AvfMediaEditor (484)
[2017.10.17-22.10.22:337][275]LogModuleManager: Shutting down and abandoning module AndroidMediaFactory (482)
[2017.10.17-22.10.22:337][275]LogModuleManager: Shutting down and abandoning module Media (481)
[2017.10.17-22.10.22:337][275]LogModuleManager: Shutting down and abandoning module AndroidMediaEditor (478)
[2017.10.17-22.10.22:337][275]LogModuleManager: Shutting down and abandoning module CharacterAI (476)
[2017.10.17-22.10.22:337][275]LogModuleManager: Shutting down and abandoning module AudioCapture (474)
[2017.10.17-22.10.22:337][275]LogModuleManager: Shutting down and abandoning module SequenceRecorder (473)
[2017.10.17-22.10.22:337][275]LogModuleManager: Shutting down and abandoning module SmartSnapping (470)
[2017.10.17-22.10.22:337][275]LogModuleManager: Shutting down and abandoning module SessionServices (468)
[2017.10.17-22.10.22:337][275]LogModuleManager: Shutting down and abandoning module ViewportSnapping (466)
[2017.10.17-22.10.22:337][275]LogModuleManager: Shutting down and abandoning module ViewportInteraction (464)
[2017.10.17-22.10.22:337][275]LogModuleManager: Shutting down and abandoning module ClothPainter (462)
[2017.10.17-22.10.22:337][275]LogModuleManager: Shutting down and abandoning module LogVisualizer (460)
[2017.10.17-22.10.22:337][275]LogModuleManager: Shutting down and abandoning module IntroTutorials (458)
[2017.10.17-22.10.22:337][275]LogModuleManager: Shutting down and abandoning module GameProjectGeneration (457)
[2017.10.17-22.10.22:337][275]LogModuleManager: Shutting down and abandoning module IOSPlatformEditor (454)
[2017.10.17-22.10.22:337][275]LogModuleManager: Shutting down and abandoning module HTML5PlatformEditor (452)
[2017.10.17-22.10.22:337][275]LogModuleManager: Shutting down and abandoning module AndroidPlatformEditor (450)
[2017.10.17-22.10.22:337][275]LogModuleManager: Shutting down and abandoning module AndroidDeviceDetection (449)
[2017.10.17-22.10.22:473][275]LogModuleManager: Shutting down and abandoning module WindowsPlatformEditor (446)
[2017.10.17-22.10.22:473][275]LogModuleManager: Shutting down and abandoning module IOSRuntimeSettings (444)
[2017.10.17-22.10.22:473][275]LogModuleManager: Shutting down and abandoning module AndroidRuntimeSettings (442)
[2017.10.17-22.10.22:473][275]LogModuleManager: Shutting down and abandoning module InputBindingEditor (440)
[2017.10.17-22.10.22:473][275]LogModuleManager: Shutting down and abandoning module MergeActors (438)
[2017.10.17-22.10.22:473][275]LogModuleManager: Shutting down and abandoning module SizeMap (436)
[2017.10.17-22.10.22:473][275]LogModuleManager: Shutting down and abandoning module TreeMap (434)
[2017.10.17-22.10.22:473][275]LogModuleManager: Shutting down and abandoning module ReferenceViewer (432)
[2017.10.17-22.10.22:473][275]LogModuleManager: Shutting down and abandoning module LocalizationDashboard (430)
[2017.10.17-22.10.22:474][275]LogModuleManager: Shutting down and abandoning module LocalizationService (429)
[2017.10.17-22.10.22:474][275]LogModuleManager: Shutting down and abandoning module HardwareTargeting (426)
[2017.10.17-22.10.22:474][275]LogModuleManager: Shutting down and abandoning module DeviceProfileEditor (424)
[2017.10.17-22.10.22:474][275]LogModuleManager: Shutting down and abandoning module UndoHistory (422)
[2017.10.17-22.10.22:474][275]LogModuleManager: Shutting down and abandoning module XmlParser (420)
[2017.10.17-22.10.22:474][275]LogModuleManager: Shutting down and abandoning module Blutility (418)
[2017.10.17-22.10.22:474][275]LogModuleManager: Shutting down and abandoning module ProjectSettingsViewer (416)
[2017.10.17-22.10.22:474][275]LogModuleManager: Shutting down and abandoning module ProjectTargetPlatformEditor (415)
[2017.10.17-22.10.22:474][275]LogModuleManager: Shutting down and abandoning module EditorSettingsViewer (412)
[2017.10.17-22.10.22:474][275]LogModuleManager: Shutting down and abandoning module SettingsEditor (410)
[2017.10.17-22.10.22:474][275]LogModuleManager: Shutting down and abandoning module ProjectLauncher (408)
[2017.10.17-22.10.22:474][275]LogModuleManager: Shutting down and abandoning module SessionFrontend (406)
[2017.10.17-22.10.22:474][275]LogModuleManager: Shutting down and abandoning module ProfilerClient (404)
[2017.10.17-22.10.22:474][275]LogModuleManager: Shutting down and abandoning module DeviceManager (402)
[2017.10.17-22.10.22:474][275]LogModuleManager: Shutting down and abandoning module TargetDeviceServices (401)
[2017.10.17-22.10.22:528][275]LogModuleManager: Shutting down and abandoning module AutomationController (398)
[2017.10.17-22.10.22:528][275]LogModuleManager: Shutting down and abandoning module AutomationWindow (396)
[2017.10.17-22.10.22:528][275]LogModuleManager: Shutting down and abandoning module Layers (394)
[2017.10.17-22.10.22:528][275]LogModuleManager: Shutting down and abandoning module ComponentVisualizers (392)
[2017.10.17-22.10.22:528][275]LogModuleManager: Shutting down and abandoning module DetailCustomizations (390)
[2017.10.17-22.10.22:528][275]LogModuleManager: Shutting down and abandoning module PackagesDialog (388)
[2017.10.17-22.10.22:528][275]LogModuleManager: Shutting down and abandoning module Persona (386)
[2017.10.17-22.10.22:528][275]LogModuleManager: Shutting down and abandoning module AdvancedPreviewScene (385)
[2017.10.17-22.10.22:528][275]LogModuleManager: Shutting down and abandoning module AnimGraph (383)
[2017.10.17-22.10.22:528][275]LogModuleManager: Shutting down and abandoning module Kismet (380)
[2017.10.17-22.10.22:541][275]LogModuleManager: Shutting down and abandoning module ClassViewer (378)
[2017.10.17-22.10.22:543][275]LogModuleManager: Shutting down and abandoning module Toolbox (376)
[2017.10.17-22.10.22:543][275]LogModuleManager: Shutting down and abandoning module ModuleUI (374)
[2017.10.17-22.10.22:543][275]LogModuleManager: Shutting down and abandoning module MovieSceneTools (372)
[2017.10.17-22.10.22:543][275]LogModuleManager: Shutting down and abandoning module OutputLog (370)
[2017.10.17-22.10.22:543][275]LogModuleManager: Shutting down and abandoning module GammaUI (368)
[2017.10.17-22.10.22:543][275]LogModuleManager: Shutting down and abandoning module Documentation (366)
[2017.10.17-22.10.22:543][275]LogModuleManager: Shutting down and abandoning module MovieSceneTracks (364)
[2017.10.17-22.10.22:543][275]LogModuleManager: Shutting down and abandoning module MovieScene (362)
[2017.10.17-22.10.22:543][275]LogModuleManager: Shutting down and abandoning module Niagara (360)
[2017.10.17-22.10.22:543][275]LogModuleManager: Shutting down and abandoning module NiagaraEditor (359)
[2017.10.17-22.10.22:543][275]LogModuleManager: Shutting down and abandoning module StreamingPauseRendering (356)
[2017.10.17-22.10.22:543][275]LogModuleManager: Shutting down and abandoning module LauncherPlatform (354)
[2017.10.17-22.10.22:543][275]LogModuleManager: Shutting down and abandoning module AnalyticsET (352)
[2017.10.17-22.10.22:543][275]LogModuleManager: Shutting down and abandoning module PortalServices (350)
[2017.10.17-22.10.22:543][275]LogModuleManager: Shutting down and abandoning module PortalRpc (348)
[2017.10.17-22.10.22:543][275]LogModuleManager: Shutting down and abandoning module MessagingRpc (346)
[2017.10.17-22.10.22:543][275]LogModuleManager: Shutting down and abandoning module AIModule (344)
[2017.10.17-22.10.22:543][275]LogModuleManager: Shutting down and abandoning module GameplayDebugger (343)
[2017.10.17-22.10.22:543][275]LogModuleManager: Shutting down and abandoning module AITestSuite (341)
[2017.10.17-22.10.22:544][275]LogModuleManager: Shutting down and abandoning module ProfilerService (338)
[2017.10.17-22.10.22:584][275]LogModuleManager: Shutting down and abandoning module TaskGraph (336)
[2017.10.17-22.10.22:585][275]LogModuleManager: Shutting down and abandoning module SteamVRController (334)
[2017.10.17-22.10.22:585][275]LogModuleManager: Shutting down and abandoning module ProceduralMeshComponentEditor (332)
[2017.10.17-22.10.22:585][275]LogModuleManager: Shutting down and abandoning module ProceduralMeshComponent (330)
[2017.10.17-22.10.22:585][275]LogModuleManager: Shutting down and abandoning module OculusInput (328)
[2017.10.17-22.10.22:585][275]LogModuleManager: Shutting down and abandoning module MobilePatchingUtils (326)
[2017.10.17-22.10.22:585][275]LogModuleManager: Shutting down and abandoning module CustomMeshComponent (324)
[2017.10.17-22.10.22:585][275]LogModuleManager: Shutting down and abandoning module CableComponent (322)
[2017.10.17-22.10.22:585][275]LogModuleManager: Shutting down and abandoning module ArchVisCharacter (320)
[2017.10.17-22.10.22:585][275]LogModuleManager: Shutting down and abandoning module AndroidPermission (318)
[2017.10.17-22.10.22:585][275]LogModuleManager: Shutting down and abandoning module MediaPlayerEditor (314)
[2017.10.17-22.10.22:585][275]LogModuleManager: Shutting down and abandoning module RawInput (312)
[2017.10.17-22.10.22:586][275]LogModuleManager: Shutting down and abandoning module HTML5Networking (310)
[2017.10.17-22.10.22:586][275]LogModuleManager: Shutting down and abandoning module AlembicImporter (308)
[2017.10.17-22.10.22:586][275]LogModuleManager: Shutting down and abandoning module AlembicLibrary (307)
[2017.10.17-22.10.22:586][275]LogModuleManager: Shutting down and abandoning module GeometryCache (306)
[2017.10.17-22.10.22:586][275]LogModuleManager: Shutting down and abandoning module GeometryCacheEd (305)
[2017.10.17-22.10.22:586][275]LogModuleManager: Shutting down and abandoning module SpeedTreeImporter (300)
[2017.10.17-22.10.22:586][275]LogModuleManager: Shutting down and abandoning module PluginBrowser (298)
[2017.10.17-22.10.22:586][275]LogModuleManager: Shutting down and abandoning module MobileLauncherProfileWizard (296)
[2017.10.17-22.10.22:586][275]LogModuleManager: Shutting down and abandoning module VisualStudioSourceCodeAccess (294)
[2017.10.17-22.10.22:586][275]LogModuleManager: Shutting down and abandoning module DesktopPlatform (293)
[2017.10.17-22.10.22:586][275]LogModuleManager: Shutting down and abandoning module UObjectPlugin (290)
[2017.10.17-22.10.22:586][275]LogModuleManager: Shutting down and abandoning module SubversionSourceControl (288)
[2017.10.17-22.10.22:586][275]LogModuleManager: Shutting down and abandoning module PerforceSourceControl (286)
[2017.10.17-22.10.22:586][275]LogModuleManager: Shutting down and abandoning module GitSourceControl (284)
[2017.10.17-22.10.22:586][275]LogModuleManager: Shutting down and abandoning module SourceControl (283)
[2017.10.17-22.10.22:586][275]LogModuleManager: Shutting down and abandoning module LightPropagationVolumeEditor (280)
[2017.10.17-22.10.22:586][275]LogModuleManager: Shutting down and abandoning module PaperTiledImporter (278)
[2017.10.17-22.10.22:586][275]LogModuleManager: Shutting down and abandoning module PaperSpriteSheetImporter (276)
[2017.10.17-22.10.22:586][275]LogModuleManager: Shutting down and abandoning module Paper2DEditor (274)
[2017.10.17-22.10.22:586][275]LogModuleManager: Shutting down and abandoning module MeshPaint (273)
[2017.10.17-22.10.22:586][275]LogModuleManager: Shutting down and abandoning module LevelEditor (271)
[2017.10.17-22.10.22:587][275]LogModuleManager: Shutting down and abandoning module PixelInspectorModule (270)
[2017.10.17-22.10.22:587][275]LogModuleManager: Shutting down and abandoning module MainFrame (268)
[2017.10.17-22.10.22:587][275]LogModuleManager: Shutting down and abandoning module HotReload (267)
[2017.10.17-22.10.22:587][275]LogDirectoryWatcher: A directory notification for 'C:/Users/Aric's PC/Documents/Unreal Projects/CarProject/Binaries/Win64' was aborted.
[2017.10.17-22.10.22:588][275]LogModuleManager: Shutting down and abandoning module CarProject (262)
[2017.10.17-22.10.22:588][275]LogModuleManager: Shutting down and abandoning module RuntimePhysXCooking (260)
[2017.10.17-22.10.22:588][275]LogModuleManager: Shutting down and abandoning module PhysXVehiclesEditor (258)
[2017.10.17-22.10.22:588][275]LogModuleManager: Shutting down and abandoning module PhysXVehicles (256)
[2017.10.17-22.10.22:588][275]LogModuleManager: Shutting down and abandoning module OculusEditor (254)
[2017.10.17-22.10.22:588][275]LogModuleManager: Shutting down and abandoning module LocationServicesBPLibrary (252)
[2017.10.17-22.10.22:588][275]LogModuleManager: Shutting down and abandoning module ImmediatePhysicsEditor (250)
[2017.10.17-22.10.22:588][275]LogModuleManager: Shutting down and abandoning module ImmediatePhysics (248)
[2017.10.17-22.10.22:588][275]LogModuleManager: Shutting down and abandoning module UdpMessaging (246)
[2017.10.17-22.10.22:689][275]LogModuleManager: Shutting down and abandoning module TcpMessaging (244)
[2017.10.17-22.10.22:790][275]LogModuleManager: Shutting down and abandoning module GameplayTagsEditor (242)
[2017.10.17-22.10.22:790][275]LogModuleManager: Shutting down and abandoning module FacialAnimationEditor (240)
[2017.10.17-22.10.22:790][275]LogModuleManager: Shutting down and abandoning module FacialAnimation (238)
[2017.10.17-22.10.22:790][275]LogModuleManager: Shutting down and abandoning module AssetManagerEditor (236)
[2017.10.17-22.10.22:791][275]LogModuleManager: Shutting down and abandoning module GraphEditor (235)
[2017.10.17-22.10.22:791][275]LogModuleManager: Shutting down and abandoning module ContentBrowser (233)
[2017.10.17-22.10.22:795][275]LogModuleManager: Shutting down and abandoning module LightPropagationVolumeRuntime (230)
[2017.10.17-22.10.22:795][275]LogModuleManager: Shutting down and abandoning module Paper2D (228)
[2017.10.17-22.10.22:795][275]LogModuleManager: Shutting down and abandoning module WindowsMoviePlayer (226)
[2017.10.17-22.10.22:795][275]LogModuleManager: Shutting down and abandoning module WmfMedia (224)
[2017.10.17-22.10.22:795][275]LogModuleManager: Shutting down and abandoning module PacketHandler (222)
[2017.10.17-22.10.22:796][275]LogModuleManager: Shutting down and abandoning module ClothingSystemEditor (220)
[2017.10.17-22.10.22:796][275]LogModuleManager: Shutting down and abandoning module ClothingSystemRuntime (218)
[2017.10.17-22.10.22:796][275]LogModuleManager: Shutting down and abandoning module Overlay (216)
[2017.10.17-22.10.22:796][275]LogModuleManager: Shutting down and abandoning module OverlayEditor (215)
[2017.10.17-22.10.22:796][275]LogModuleManager: Shutting down and abandoning module MediaAssets (212)
[2017.10.17-22.10.22:796][275]LogModuleManager: Shutting down and abandoning module VREditor (210)
[2017.10.17-22.10.22:796][275]LogModuleManager: Shutting down and abandoning module StringTableEditor (208)
[2017.10.17-22.10.22:796][275]LogModuleManager: Shutting down and abandoning module GameplayTasksEditor (206)
[2017.10.17-22.10.22:796][275]LogModuleManager: Shutting down and abandoning module BehaviorTreeEditor (204)
[2017.10.17-22.10.22:796][275]LogModuleManager: Shutting down and abandoning module FunctionalTesting (202)
[2017.10.17-22.10.22:796][275]LogModuleManager: Shutting down and abandoning module CollisionAnalyzer (200)
[2017.10.17-22.10.22:796][275]LogModuleManager: Shutting down and abandoning module WorkspaceMenuStructure (199)
[2017.10.17-22.10.22:796][275]LogModuleManager: Shutting down and abandoning module UMG (196)
[2017.10.17-22.10.22:796][275]LogModuleManager: Shutting down and abandoning module UMGEditor (195)
[2017.10.17-22.10.22:796][275]LogModuleManager: Shutting down and abandoning module Sequencer (194)
[2017.10.17-22.10.22:796][275]LogModuleManager: Shutting down and abandoning module MessageLog (191)
[2017.10.17-22.10.22:796][275]LogModuleManager: Shutting down and abandoning module SlateReflector (186)
[2017.10.17-22.10.22:796][275]LogModuleManager: Shutting down and abandoning module Slate (184)
[2017.10.17-22.10.22:796][275]LogModuleManager: Shutting down and abandoning module EditorStyle (182)
[2017.10.17-22.10.22:801][275]LogModuleManager: Shutting down and abandoning module MRMesh (180)
[2017.10.17-22.10.22:801][275]LogModuleManager: Shutting down and abandoning module SourceCodeAccess (178)
[2017.10.17-22.10.22:801][275]LogModuleManager: Shutting down and abandoning module HeadMountedDisplay (176)
[2017.10.17-22.10.22:801][275]LogModuleManager: Shutting down and abandoning module XAudio2 (174)
[2017.10.17-22.10.22:801][275]LogModuleManager: Shutting down and abandoning module Networking (172)
[2017.10.17-22.10.22:801][275]LogModuleManager: Shutting down and abandoning module Core (168)
[2017.10.17-22.10.22:801][275]LogModuleManager: Shutting down and abandoning module KismetCompiler (164)
[2017.10.17-22.10.22:801][275]LogModuleManager: Shutting down and abandoning module LevelSequence (162)
[2017.10.17-22.10.22:801][275]LogModuleManager: Shutting down and abandoning module MeshUtilities (160)
[2017.10.17-22.10.22:801][275]LogModuleManager: Shutting down and abandoning module MeshMergeUtilities (159)
[2017.10.17-22.10.22:801][275]LogModuleManager: Shutting down and abandoning module MeshReductionInterface (158)
[2017.10.17-22.10.22:801][275]LogModuleManager: Shutting down and abandoning module SimplygonSwarm (157)
[2017.10.17-22.10.22:801][275]LogModuleManager: Shutting down and abandoning module SimplygonMeshReduction (155)
[2017.10.17-22.10.22:801][275]LogModuleManager: Shutting down and abandoning module QuadricMeshReduction (153)
[2017.10.17-22.10.22:801][275]LogModuleManager: Shutting down and abandoning module MaterialBaking (149)
[2017.10.17-22.10.22:801][275]LogModuleManager: Shutting down and abandoning module DirectoryWatcher (146)
[2017.10.17-22.10.22:804][275]LogModuleManager: Shutting down and abandoning module DerivedDataCache (144)
[2017.10.17-22.10.22:875][275]LogDerivedDataCache: Shutdown
[2017.10.17-22.10.22:875][275]LogModuleManager: Shutting down and abandoning module TargetPlatform (142)
[2017.10.17-22.10.22:875][275]LogModuleManager: Shutting down and abandoning module VulkanShaderFormat (141)
[2017.10.17-22.10.22:875][275]LogModuleManager: Shutting down and abandoning module ShaderFormatVectorVM (139)
[2017.10.17-22.10.22:875][275]LogModuleManager: Shutting down and abandoning module ShaderFormatOpenGL (137)
[2017.10.17-22.10.22:875][275]LogModuleManager: Shutting down and abandoning module ShaderFormatD3D (135)
[2017.10.17-22.10.22:875][275]LogModuleManager: Shutting down and abandoning module MetalShaderFormat (133)
[2017.10.17-22.10.22:876][275]LogModuleManager: Shutting down and abandoning module TextureFormatUncompressed (131)
[2017.10.17-22.10.22:876][275]LogModuleManager: Shutting down and abandoning module TextureFormatPVR (129)
[2017.10.17-22.10.22:876][275]LogModuleManager: Shutting down and abandoning module TextureFormatDXT (127)
[2017.10.17-22.10.22:876][275]LogModuleManager: Shutting down and abandoning module TextureFormatIntelISPCTexComp (125)
[2017.10.17-22.10.22:876][275]LogModuleManager: Shutting down and abandoning module TextureFormatASTC (123)
[2017.10.17-22.10.22:876][275]LogModuleManager: Shutting down and abandoning module ImageWrapper (122)
[2017.10.17-22.10.22:876][275]LogModuleManager: Shutting down and abandoning module TextureFormatAndroid (119)
[2017.10.17-22.10.22:876][275]LogModuleManager: Shutting down and abandoning module AudioFormatOpus (117)
[2017.10.17-22.10.22:876][275]LogModuleManager: Shutting down and abandoning module AudioFormatOgg (115)
[2017.10.17-22.10.22:876][275]LogModuleManager: Shutting down and abandoning module AudioFormatADPCM (113)
[2017.10.17-22.10.22:876][275]LogModuleManager: Shutting down and abandoning module LinuxTargetPlatform (111)
[2017.10.17-22.10.22:876][275]LogModuleManager: Shutting down and abandoning module LinuxServerTargetPlatform (109)
[2017.10.17-22.10.22:876][275]LogModuleManager: Shutting down and abandoning module LinuxNoEditorTargetPlatform (107)
[2017.10.17-22.10.22:876][275]LogModuleManager: Shutting down and abandoning module LinuxClientTargetPlatform (105)
[2017.10.17-22.10.22:876][275]LogModuleManager: Shutting down and abandoning module TVOSTargetPlatform (103)
[2017.10.17-22.10.22:876][275]LogModuleManager: Shutting down and abandoning module Messaging (101)
[2017.10.17-22.10.22:876][275]LogModuleManager: Shutting down and abandoning module IOSTargetPlatform (99)
[2017.10.17-22.10.22:876][275]LogModuleManager: Shutting down and abandoning module HTML5TargetPlatform (97)
[2017.10.17-22.10.22:876][275]LogModuleManager: Shutting down and abandoning module Android_PVRTCTargetPlatform (95)
[2017.10.17-22.10.22:876][275]LogModuleManager: Shutting down and abandoning module Android_MultiTargetPlatform (93)
[2017.10.17-22.10.22:876][275]LogModuleManager: Shutting down and abandoning module Android_ETC2TargetPlatform (91)
[2017.10.17-22.10.22:876][275]LogModuleManager: Shutting down and abandoning module Android_ETC1TargetPlatform (89)
[2017.10.17-22.10.22:876][275]LogModuleManager: Shutting down and abandoning module Android_DXTTargetPlatform (87)
[2017.10.17-22.10.22:876][275]LogModuleManager: Shutting down and abandoning module Android_ATCTargetPlatform (85)
[2017.10.17-22.10.22:876][275]LogModuleManager: Shutting down and abandoning module Android_ASTCTargetPlatform (83)
[2017.10.17-22.10.22:876][275]LogModuleManager: Shutting down and abandoning module AndroidTargetPlatform (81)
[2017.10.17-22.10.22:876][275]LogModuleManager: Shutting down and abandoning module WindowsTargetPlatform (79)
[2017.10.17-22.10.22:876][275]LogModuleManager: Shutting down and abandoning module WindowsServerTargetPlatform (77)
[2017.10.17-22.10.22:876][275]LogModuleManager: Shutting down and abandoning module WindowsNoEditorTargetPlatform (75)
[2017.10.17-22.10.22:876][275]LogModuleManager: Shutting down and abandoning module WindowsClientTargetPlatform (73)
[2017.10.17-22.10.22:876][275]LogModuleManager: Shutting down and abandoning module MacTargetPlatform (71)
[2017.10.17-22.10.22:876][275]LogModuleManager: Shutting down and abandoning module MacServerTargetPlatform (69)
[2017.10.17-22.10.22:876][275]LogModuleManager: Shutting down and abandoning module MacNoEditorTargetPlatform (67)
[2017.10.17-22.10.22:876][275]LogModuleManager: Shutting down and abandoning module MacClientTargetPlatform (65)
[2017.10.17-22.10.22:876][275]LogModuleManager: Shutting down and abandoning module AllDesktopTargetPlatform (63)
[2017.10.17-22.10.22:876][275]LogModuleManager: Shutting down and abandoning module InputCore (60)
[2017.10.17-22.10.22:876][275]LogModuleManager: Shutting down and abandoning module Settings (58)
[2017.10.17-22.10.22:876][275]LogModuleManager: Shutting down and abandoning module PhysXCooking (56)
[2017.10.17-22.10.22:876][275]LogModuleManager: Shutting down and abandoning module SteamVR (54)
[2017.10.17-22.10.22:876][275]LogModuleManager: Shutting down and abandoning module OculusHMD (52)
[2017.10.17-22.10.22:876][275]LogModuleManager: Shutting down and abandoning module ExampleDeviceProfileSelector (50)
[2017.10.17-22.10.22:876][275]LogModuleManager: Shutting down and abandoning module OnlineBlueprintSupport (48)
[2017.10.17-22.10.22:876][275]LogModuleManager: Shutting down and abandoning module OnlineSubsystem (44)
[2017.10.17-22.10.22:876][275]LogOnline: Display: Unloading online subsystem: NULL
[2017.10.17-22.10.22:876][275]LogModuleManager: Shutting down and abandoning module XMPP (43)
[2017.10.17-22.10.22:876][275]LogModuleManager: Shutting down and abandoning module HTTP (41)
[2017.10.17-22.10.22:876][275]LogHttp: Display: Http module shutting down, but needs to wait on 1 outstanding Http requests:
[2017.10.17-22.10.22:877][275]LogHttp: Display: 	verb=[POST] url=[https://datarouter.ol.epicgames.com/datarouter/api/v1/public/data?SessionID=%7BE34D1756-4B17-345C-91E8-E7871149AF5F%7D&AppID=UEEditor.Rocket.Release&AppVersion=4.17.2-3658906%2B%2B%2BUE4%2BRelease-4.17&UserID=cd1f60b7479b32bd24c174b1375c1b70%7C4ba7aa541e964517b0d99766beec29d1%7Cb30741d6-520e-4fea-be44-def22d0e3946&AppEnvironment=datacollector-binary&UploadType=eteventstream] status=Processing
[2017.10.17-22.10.22:904][275]LogModuleManager: Shutting down and abandoning module SSL (40)
[2017.10.17-22.10.22:905][275]LogModuleManager: Shutting down and abandoning module AnimationModifiers (36)
[2017.10.17-22.10.22:905][275]LogModuleManager: Shutting down and abandoning module PropertyEditor (35)
[2017.10.17-22.10.22:905][275]LogModuleManager: Shutting down and abandoning module AudioEditor (32)
[2017.10.17-22.10.22:905][275]LogModuleManager: Shutting down and abandoning module TextureCompressor (30)
[2017.10.17-22.10.22:905][275]LogModuleManager: Shutting down and abandoning module ShaderCore (28)
[2017.10.17-22.10.22:905][275]LogModuleManager: Shutting down and abandoning module Landscape (26)
[2017.10.17-22.10.22:905][275]LogModuleManager: Shutting down and abandoning module SlateRHIRenderer (24)
[2017.10.17-22.10.22:908][275]LogModuleManager: Shutting down and abandoning module OpenGLDrv (22)
[2017.10.17-22.10.22:908][275]LogModuleManager: Shutting down and abandoning module D3D11RHI (20)
[2017.10.17-22.10.22:908][275]LogModuleManager: Shutting down and abandoning module AnimGraphRuntime (18)
[2017.10.17-22.10.22:908][275]LogModuleManager: Shutting down and abandoning module Renderer (16)
[2017.10.17-22.10.22:908][275]LogModuleManager: Shutting down and abandoning module Engine (14)
[2017.10.17-22.10.22:908][275]LogModuleManager: Shutting down and abandoning module CoreUObject (12)
[2017.10.17-22.10.22:908][275]LogModuleManager: Shutting down and abandoning module NetworkFile (10)
[2017.10.17-22.10.22:908][275]LogModuleManager: Shutting down and abandoning module CookedIterativeFile (8)
[2017.10.17-22.10.22:908][275]LogModuleManager: Shutting down and abandoning module StreamingFile (6)
[2017.10.17-22.10.22:908][275]LogModuleManager: Shutting down and abandoning module SandboxFile (4)
[2017.10.17-22.10.22:908][275]LogModuleManager: Shutting down and abandoning module PakFile (2)
[2017.10.17-22.10.22:912][275]LogExit: Exiting.
[2017.10.17-22.10.22:925][275]Log file closed, 10/17/17 18:10:22
